{"total": {"lines":{"total":760,"covered":354,"skipped":0,"pct":46.57},"statements":{"total":787,"covered":359,"skipped":0,"pct":45.61},"functions":{"total":86,"covered":42,"skipped":0,"pct":48.83},"branches":{"total":748,"covered":242,"skipped":0,"pct":32.35},"branchesTrue":{"total":0,"covered":0,"skipped":0,"pct":100}}
,"C:\\Users\\Dhanya\\malabarbazaar\\backend\\models\\FinanceAuditLog.js": {"lines":{"total":5,"covered":5,"skipped":0,"pct":100},"functions":{"total":1,"covered":1,"skipped":0,"pct":100},"statements":{"total":5,"covered":5,"skipped":0,"pct":100},"branches":{"total":0,"covered":0,"skipped":0,"pct":100}}
,"C:\\Users\\Dhanya\\malabarbazaar\\backend\\models\\FinanceEligibilityRecord.js": {"lines":{"total":3,"covered":3,"skipped":0,"pct":100},"functions":{"total":0,"covered":0,"skipped":0,"pct":100},"statements":{"total":3,"covered":3,"skipped":0,"pct":100},"branches":{"total":0,"covered":0,"skipped":0,"pct":100}}
,"C:\\Users\\Dhanya\\malabarbazaar\\backend\\models\\FinanceInstitution.js": {"lines":{"total":7,"covered":6,"skipped":0,"pct":85.71},"functions":{"total":1,"covered":0,"skipped":0,"pct":0},"statements":{"total":7,"covered":6,"skipped":0,"pct":85.71},"branches":{"total":0,"covered":0,"skipped":0,"pct":100}}
,"C:\\Users\\Dhanya\\malabarbazaar\\backend\\models\\FinanceLead.js": {"lines":{"total":10,"covered":7,"skipped":0,"pct":70},"functions":{"total":3,"covered":0,"skipped":0,"pct":0},"statements":{"total":10,"covered":7,"skipped":0,"pct":70},"branches":{"total":0,"covered":0,"skipped":0,"pct":100}}
,"C:\\Users\\Dhanya\\malabarbazaar\\backend\\routes\\finance.js": {"lines":{"total":735,"covered":333,"skipped":0,"pct":45.3},"functions":{"total":81,"covered":41,"skipped":0,"pct":50.61},"statements":{"total":762,"covered":338,"skipped":0,"pct":44.35},"branches":{"total":748,"covered":242,"skipped":0,"pct":32.35}}
}
