{"total": {"lines":{"total":648,"covered":154,"skipped":0,"pct":23.76},"statements":{"total":707,"covered":158,"skipped":0,"pct":22.34},"functions":{"total":85,"covered":10,"skipped":0,"pct":11.76},"branches":{"total":659,"covered":53,"skipped":0,"pct":8.04},"branchesTrue":{"total":0,"covered":0,"skipped":0,"pct":100}}
,"C:\\Users\\Dhanya\\malabarbazaar\\backend\\models\\gulfservices.js": {"lines":{"total":20,"covered":20,"skipped":0,"pct":100},"functions":{"total":0,"covered":0,"skipped":0,"pct":100},"statements":{"total":20,"covered":20,"skipped":0,"pct":100},"branches":{"total":10,"covered":10,"skipped":0,"pct":100}}
,"C:\\Users\\Dhanya\\malabarbazaar\\backend\\routes\\gulfservices.js": {"lines":{"total":628,"covered":134,"skipped":0,"pct":21.33},"functions":{"total":85,"covered":10,"skipped":0,"pct":11.76},"statements":{"total":687,"covered":138,"skipped":0,"pct":20.08},"branches":{"total":649,"covered":43,"skipped":0,"pct":6.62}}
}
