{"numFailedTestSuites":2,"numFailedTests":47,"numPassedTestSuites":14,"numPassedTests":474,"numPendingTestSuites":0,"numPendingTests":0,"numRuntimeErrorTestSuites":0,"numTodoTests":0,"numTotalTestSuites":16,"numTotalTests":521,"openHandles":[],"snapshot":{"added":0,"didUpdate":false,"failure":false,"filesAdded":0,"filesRemoved":0,"filesRemovedList":[],"filesUnmatched":0,"filesUpdated":0,"matched":0,"total":0,"unchecked":0,"uncheckedKeysByFile":[],"unmatched":0,"updated":0},"startTime":1778864707103,"success":false,"testResults":[{"assertionResults":[{"ancestorTitles":["Diary Collaboration Module","createShare"],"duration":35,"failureDetails":[{"matcherResult":{"message":"expect(received).toHaveProperty(path)\n\nExpected path: \"shareId\"\nReceived path: []\n\nReceived value: {\"accessLog\": [], \"allowComments\": true, \"allowSharing\": false, \"entryId\": \"entry123\", \"expiresAt\": null, \"id\": \"share_1778864712009_xz2u89uvm\", \"isPublic\": false, \"notifyRecipients\": true, \"ownerId\": \"user1\", \"password\": null, \"permission\": \"view\", \"restrictions\": {\"allowCopy\": true, \"allowDownload\": false, \"allowScreenshot\": true}, \"shareLink\": \"https://diary.share/share_1778864712009_5dny0hfhf\", \"sharedAt\": 2026-05-15T17:05:12.009Z, \"sharedWith\": [\"user2\"]}","pass":false}}],"failureMessages":["Error: expect(received).toHaveProperty(path)\n\nExpected path: \"shareId\"\nReceived path: []\n\nReceived value: {\"accessLog\": [], \"allowComments\": true, \"allowSharing\": false, \"entryId\": \"entry123\", \"expiresAt\": null, \"id\": \"share_1778864712009_xz2u89uvm\", \"isPublic\": false, \"notifyRecipients\": true, \"ownerId\": \"user1\", \"password\": null, \"permission\": \"view\", \"restrictions\": {\"allowCopy\": true, \"allowDownload\": false, \"allowScreenshot\": true}, \"shareLink\": \"https://diary.share/share_1778864712009_5dny0hfhf\", \"sharedAt\": 2026-05-15T17:05:12.009Z, \"sharedWith\": [\"user2\"]}\n    at Object.toHaveProperty (C:\\Users\\Dhanya\\malabarbazaar\\backend\\utils\\diaryCollaboration.test.js:56:22)\n    at Promise.then.completed (C:\\Users\\Dhanya\\malabarbazaar\\backend\\node_modules\\jest-circus\\build\\utils.js:298:28)\n    at new Promise (<anonymous>)\n    at callAsyncCircusFn (C:\\Users\\Dhanya\\malabarbazaar\\backend\\node_modules\\jest-circus\\build\\utils.js:231:10)\n    at _callCircusTest (C:\\Users\\Dhanya\\malabarbazaar\\backend\\node_modules\\jest-circus\\build\\run.js:316:40)\n    at processTicksAndRejections (node:internal/process/task_queues:104:5)\n    at _runTest (C:\\Users\\Dhanya\\malabarbazaar\\backend\\node_modules\\jest-circus\\build\\run.js:252:3)\n    at _runTestsForDescribeBlock (C:\\Users\\Dhanya\\malabarbazaar\\backend\\node_modules\\jest-circus\\build\\run.js:126:9)\n    at _runTestsForDescribeBlock (C:\\Users\\Dhanya\\malabarbazaar\\backend\\node_modules\\jest-circus\\build\\run.js:121:9)\n    at _runTestsForDescribeBlock (C:\\Users\\Dhanya\\malabarbazaar\\backend\\node_modules\\jest-circus\\build\\run.js:121:9)\n    at run (C:\\Users\\Dhanya\\malabarbazaar\\backend\\node_modules\\jest-circus\\build\\run.js:71:3)\n    at runAndTransformResultsToJestFormat (C:\\Users\\Dhanya\\malabarbazaar\\backend\\node_modules\\jest-circus\\build\\legacy-code-todo-rewrite\\jestAdapterInit.js:122:21)\n    at jestAdapter (C:\\Users\\Dhanya\\malabarbazaar\\backend\\node_modules\\jest-circus\\build\\legacy-code-todo-rewrite\\jestAdapter.js:79:19)\n    at runTestInternal (C:\\Users\\Dhanya\\malabarbazaar\\backend\\node_modules\\jest-runner\\build\\runTest.js:367:16)\n    at runTest (C:\\Users\\Dhanya\\malabarbazaar\\backend\\node_modules\\jest-runner\\build\\runTest.js:444:34)"],"fullName":"Diary Collaboration Module createShare should return share object with required fields","invocations":1,"location":null,"numPassingAsserts":0,"retryReasons":[],"status":"failed","title":"should return share object with required fields"},{"ancestorTitles":["Diary Collaboration Module","createShare"],"duration":9,"failureDetails":[],"failureMessages":[],"fullName":"Diary Collaboration Module createShare should set default permission to view","invocations":1,"location":null,"numPassingAsserts":1,"retryReasons":[],"status":"passed","title":"should set default permission to view"},{"ancestorTitles":["Diary Collaboration Module","createShare"],"duration":9,"failureDetails":[],"failureMessages":[],"fullName":"Diary Collaboration Module createShare should accept custom permission","invocations":1,"location":null,"numPassingAsserts":1,"retryReasons":[],"status":"passed","title":"should accept custom permission"},{"ancestorTitles":["Diary Collaboration Module","createShare"],"duration":14,"failureDetails":[{"matcherResult":{"message":"expect(received).not.toBe(expected) // Object.is equality\n\nExpected: not undefined","name":"toBe","pass":true}}],"failureMessages":["Error: expect(received).not.toBe(expected) // Object.is equality\n\nExpected: not undefined\n    at Object.toBe (C:\\Users\\Dhanya\\malabarbazaar\\backend\\utils\\diaryCollaboration.test.js:75:34)\n    at Promise.then.completed (C:\\Users\\Dhanya\\malabarbazaar\\backend\\node_modules\\jest-circus\\build\\utils.js:298:28)\n    at new Promise (<anonymous>)\n    at callAsyncCircusFn (C:\\Users\\Dhanya\\malabarbazaar\\backend\\node_modules\\jest-circus\\build\\utils.js:231:10)\n    at _callCircusTest (C:\\Users\\Dhanya\\malabarbazaar\\backend\\node_modules\\jest-circus\\build\\run.js:316:40)\n    at processTicksAndRejections (node:internal/process/task_queues:104:5)\n    at _runTest (C:\\Users\\Dhanya\\malabarbazaar\\backend\\node_modules\\jest-circus\\build\\run.js:252:3)\n    at _runTestsForDescribeBlock (C:\\Users\\Dhanya\\malabarbazaar\\backend\\node_modules\\jest-circus\\build\\run.js:126:9)\n    at _runTestsForDescribeBlock (C:\\Users\\Dhanya\\malabarbazaar\\backend\\node_modules\\jest-circus\\build\\run.js:121:9)\n    at _runTestsForDescribeBlock (C:\\Users\\Dhanya\\malabarbazaar\\backend\\node_modules\\jest-circus\\build\\run.js:121:9)\n    at run (C:\\Users\\Dhanya\\malabarbazaar\\backend\\node_modules\\jest-circus\\build\\run.js:71:3)\n    at runAndTransformResultsToJestFormat (C:\\Users\\Dhanya\\malabarbazaar\\backend\\node_modules\\jest-circus\\build\\legacy-code-todo-rewrite\\jestAdapterInit.js:122:21)\n    at jestAdapter (C:\\Users\\Dhanya\\malabarbazaar\\backend\\node_modules\\jest-circus\\build\\legacy-code-todo-rewrite\\jestAdapter.js:79:19)\n    at runTestInternal (C:\\Users\\Dhanya\\malabarbazaar\\backend\\node_modules\\jest-runner\\build\\runTest.js:367:16)\n    at runTest (C:\\Users\\Dhanya\\malabarbazaar\\backend\\node_modules\\jest-runner\\build\\runTest.js:444:34)"],"fullName":"Diary Collaboration Module createShare should generate unique shareId","invocations":1,"location":null,"numPassingAsserts":0,"retryReasons":[],"status":"failed","title":"should generate unique shareId"},{"ancestorTitles":["Diary Collaboration Module","createShare"],"duration":12,"failureDetails":[],"failureMessages":[],"fullName":"Diary Collaboration Module createShare should set sharedWith list","invocations":1,"location":null,"numPassingAsserts":1,"retryReasons":[],"status":"passed","title":"should set sharedWith list"},{"ancestorTitles":["Diary Collaboration Module","createShare"],"duration":9,"failureDetails":[],"failureMessages":[],"fullName":"Diary Collaboration Module createShare should set expiration date if provided","invocations":1,"location":null,"numPassingAsserts":1,"retryReasons":[],"status":"passed","title":"should set expiration date if provided"},{"ancestorTitles":["Diary Collaboration Module","createShare"],"duration":6,"failureDetails":[{"matcherResult":{"message":"expect(received).toBeDefined()\n\nReceived: undefined","pass":false}}],"failureMessages":["Error: expect(received).toBeDefined()\n\nReceived: undefined\n    at Object.toBeDefined (C:\\Users\\Dhanya\\malabarbazaar\\backend\\utils\\diaryCollaboration.test.js:92:36)\n    at Promise.then.completed (C:\\Users\\Dhanya\\malabarbazaar\\backend\\node_modules\\jest-circus\\build\\utils.js:298:28)\n    at new Promise (<anonymous>)\n    at callAsyncCircusFn (C:\\Users\\Dhanya\\malabarbazaar\\backend\\node_modules\\jest-circus\\build\\utils.js:231:10)\n    at _callCircusTest (C:\\Users\\Dhanya\\malabarbazaar\\backend\\node_modules\\jest-circus\\build\\run.js:316:40)\n    at processTicksAndRejections (node:internal/process/task_queues:104:5)\n    at _runTest (C:\\Users\\Dhanya\\malabarbazaar\\backend\\node_modules\\jest-circus\\build\\run.js:252:3)\n    at _runTestsForDescribeBlock (C:\\Users\\Dhanya\\malabarbazaar\\backend\\node_modules\\jest-circus\\build\\run.js:126:9)\n    at _runTestsForDescribeBlock (C:\\Users\\Dhanya\\malabarbazaar\\backend\\node_modules\\jest-circus\\build\\run.js:121:9)\n    at _runTestsForDescribeBlock (C:\\Users\\Dhanya\\malabarbazaar\\backend\\node_modules\\jest-circus\\build\\run.js:121:9)\n    at run (C:\\Users\\Dhanya\\malabarbazaar\\backend\\node_modules\\jest-circus\\build\\run.js:71:3)\n    at runAndTransformResultsToJestFormat (C:\\Users\\Dhanya\\malabarbazaar\\backend\\node_modules\\jest-circus\\build\\legacy-code-todo-rewrite\\jestAdapterInit.js:122:21)\n    at jestAdapter (C:\\Users\\Dhanya\\malabarbazaar\\backend\\node_modules\\jest-circus\\build\\legacy-code-todo-rewrite\\jestAdapter.js:79:19)\n    at runTestInternal (C:\\Users\\Dhanya\\malabarbazaar\\backend\\node_modules\\jest-runner\\build\\runTest.js:367:16)\n    at runTest (C:\\Users\\Dhanya\\malabarbazaar\\backend\\node_modules\\jest-runner\\build\\runTest.js:444:34)"],"fullName":"Diary Collaboration Module createShare should set default restrictions","invocations":1,"location":null,"numPassingAsserts":0,"retryReasons":[],"status":"failed","title":"should set default restrictions"},{"ancestorTitles":["Diary Collaboration Module","createShare"],"duration":10,"failureDetails":[],"failureMessages":[],"fullName":"Diary Collaboration Module createShare should generate shareLink","invocations":1,"location":null,"numPassingAsserts":2,"retryReasons":[],"status":"passed","title":"should generate shareLink"},{"ancestorTitles":["Diary Collaboration Module","createShare"],"duration":8,"failureDetails":[],"failureMessages":[],"fullName":"Diary Collaboration Module createShare should handle public sharing","invocations":1,"location":null,"numPassingAsserts":1,"retryReasons":[],"status":"passed","title":"should handle public sharing"},{"ancestorTitles":["Diary Collaboration Module","createShare"],"duration":9,"failureDetails":[],"failureMessages":[],"fullName":"Diary Collaboration Module createShare should set password protection if provided","invocations":1,"location":null,"numPassingAsserts":1,"retryReasons":[],"status":"passed","title":"should set password protection if provided"},{"ancestorTitles":["Diary Collaboration Module","createShare"],"duration":10,"failureDetails":[{"matcherResult":{"message":"expect(received).toBeDefined()\n\nReceived: undefined","pass":false}}],"failureMessages":["Error: expect(received).toBeDefined()\n\nReceived: undefined\n    at Object.toBeDefined (C:\\Users\\Dhanya\\malabarbazaar\\backend\\utils\\diaryCollaboration.test.js:115:32)\n    at Promise.then.completed (C:\\Users\\Dhanya\\malabarbazaar\\backend\\node_modules\\jest-circus\\build\\utils.js:298:28)\n    at new Promise (<anonymous>)\n    at callAsyncCircusFn (C:\\Users\\Dhanya\\malabarbazaar\\backend\\node_modules\\jest-circus\\build\\utils.js:231:10)\n    at _callCircusTest (C:\\Users\\Dhanya\\malabarbazaar\\backend\\node_modules\\jest-circus\\build\\run.js:316:40)\n    at processTicksAndRejections (node:internal/process/task_queues:104:5)\n    at _runTest (C:\\Users\\Dhanya\\malabarbazaar\\backend\\node_modules\\jest-circus\\build\\run.js:252:3)\n    at _runTestsForDescribeBlock (C:\\Users\\Dhanya\\malabarbazaar\\backend\\node_modules\\jest-circus\\build\\run.js:126:9)\n    at _runTestsForDescribeBlock (C:\\Users\\Dhanya\\malabarbazaar\\backend\\node_modules\\jest-circus\\build\\run.js:121:9)\n    at _runTestsForDescribeBlock (C:\\Users\\Dhanya\\malabarbazaar\\backend\\node_modules\\jest-circus\\build\\run.js:121:9)\n    at run (C:\\Users\\Dhanya\\malabarbazaar\\backend\\node_modules\\jest-circus\\build\\run.js:71:3)\n    at runAndTransformResultsToJestFormat (C:\\Users\\Dhanya\\malabarbazaar\\backend\\node_modules\\jest-circus\\build\\legacy-code-todo-rewrite\\jestAdapterInit.js:122:21)\n    at jestAdapter (C:\\Users\\Dhanya\\malabarbazaar\\backend\\node_modules\\jest-circus\\build\\legacy-code-todo-rewrite\\jestAdapter.js:79:19)\n    at runTestInternal (C:\\Users\\Dhanya\\malabarbazaar\\backend\\node_modules\\jest-runner\\build\\runTest.js:367:16)\n    at runTest (C:\\Users\\Dhanya\\malabarbazaar\\backend\\node_modules\\jest-runner\\build\\runTest.js:444:34)"],"fullName":"Diary Collaboration Module createShare should record creation timestamp","invocations":1,"location":null,"numPassingAsserts":0,"retryReasons":[],"status":"failed","title":"should record creation timestamp"},{"ancestorTitles":["Diary Collaboration Module","addComment"],"duration":11,"failureDetails":[],"failureMessages":[],"fullName":"Diary Collaboration Module addComment should return comment object","invocations":1,"location":null,"numPassingAsserts":4,"retryReasons":[],"status":"passed","title":"should return comment object"},{"ancestorTitles":["Diary Collaboration Module","addComment"],"duration":9,"failureDetails":[],"failureMessages":[],"fullName":"Diary Collaboration Module addComment should extract mentions from comment","invocations":1,"location":null,"numPassingAsserts":4,"retryReasons":[],"status":"passed","title":"should extract mentions from comment"},{"ancestorTitles":["Diary Collaboration Module","addComment"],"duration":8,"failureDetails":[],"failureMessages":[],"fullName":"Diary Collaboration Module addComment should initialize like count to zero","invocations":1,"location":null,"numPassingAsserts":1,"retryReasons":[],"status":"passed","title":"should initialize like count to zero"},{"ancestorTitles":["Diary Collaboration Module","addComment"],"duration":11,"failureDetails":[{"matcherResult":{"expected":0,"message":"expect(received).toBe(expected) // Object.is equality\n\nExpected: 0\nReceived: undefined","name":"toBe","pass":false}}],"failureMessages":["Error: expect(received).toBe(expected) // Object.is equality\n\nExpected: 0\nReceived: undefined\n    at Object.toBe (C:\\Users\\Dhanya\\malabarbazaar\\backend\\utils\\diaryCollaboration.test.js:144:30)\n    at Promise.then.completed (C:\\Users\\Dhanya\\malabarbazaar\\backend\\node_modules\\jest-circus\\build\\utils.js:298:28)\n    at new Promise (<anonymous>)\n    at callAsyncCircusFn (C:\\Users\\Dhanya\\malabarbazaar\\backend\\node_modules\\jest-circus\\build\\utils.js:231:10)\n    at _callCircusTest (C:\\Users\\Dhanya\\malabarbazaar\\backend\\node_modules\\jest-circus\\build\\run.js:316:40)\n    at processTicksAndRejections (node:internal/process/task_queues:104:5)\n    at _runTest (C:\\Users\\Dhanya\\malabarbazaar\\backend\\node_modules\\jest-circus\\build\\run.js:252:3)\n    at _runTestsForDescribeBlock (C:\\Users\\Dhanya\\malabarbazaar\\backend\\node_modules\\jest-circus\\build\\run.js:126:9)\n    at _runTestsForDescribeBlock (C:\\Users\\Dhanya\\malabarbazaar\\backend\\node_modules\\jest-circus\\build\\run.js:121:9)\n    at _runTestsForDescribeBlock (C:\\Users\\Dhanya\\malabarbazaar\\backend\\node_modules\\jest-circus\\build\\run.js:121:9)\n    at run (C:\\Users\\Dhanya\\malabarbazaar\\backend\\node_modules\\jest-circus\\build\\run.js:71:3)\n    at runAndTransformResultsToJestFormat (C:\\Users\\Dhanya\\malabarbazaar\\backend\\node_modules\\jest-circus\\build\\legacy-code-todo-rewrite\\jestAdapterInit.js:122:21)\n    at jestAdapter (C:\\Users\\Dhanya\\malabarbazaar\\backend\\node_modules\\jest-circus\\build\\legacy-code-todo-rewrite\\jestAdapter.js:79:19)\n    at runTestInternal (C:\\Users\\Dhanya\\malabarbazaar\\backend\\node_modules\\jest-runner\\build\\runTest.js:367:16)\n    at runTest (C:\\Users\\Dhanya\\malabarbazaar\\backend\\node_modules\\jest-runner\\build\\runTest.js:444:34)"],"fullName":"Diary Collaboration Module addComment should initialize reply count to zero","invocations":1,"location":null,"numPassingAsserts":0,"retryReasons":[],"status":"failed","title":"should initialize reply count to zero"},{"ancestorTitles":["Diary Collaboration Module","addComment"],"duration":7,"failureDetails":[],"failureMessages":[],"fullName":"Diary Collaboration Module addComment should record creation timestamp","invocations":1,"location":null,"numPassingAsserts":2,"retryReasons":[],"status":"passed","title":"should record creation timestamp"},{"ancestorTitles":["Diary Collaboration Module","addComment"],"duration":23,"failureDetails":[{}],"failureMessages":["Error: EntryId, commenterId, and comment are required\n    at addComment (C:\\Users\\Dhanya\\malabarbazaar\\backend\\utils\\diaryCollaboration.js:64:13)\n    at Object.addComment (C:\\Users\\Dhanya\\malabarbazaar\\backend\\utils\\diaryCollaboration.test.js:154:22)\n    at Promise.then.completed (C:\\Users\\Dhanya\\malabarbazaar\\backend\\node_modules\\jest-circus\\build\\utils.js:298:28)\n    at new Promise (<anonymous>)\n    at callAsyncCircusFn (C:\\Users\\Dhanya\\malabarbazaar\\backend\\node_modules\\jest-circus\\build\\utils.js:231:10)\n    at _callCircusTest (C:\\Users\\Dhanya\\malabarbazaar\\backend\\node_modules\\jest-circus\\build\\run.js:316:40)\n    at processTicksAndRejections (node:internal/process/task_queues:104:5)\n    at _runTest (C:\\Users\\Dhanya\\malabarbazaar\\backend\\node_modules\\jest-circus\\build\\run.js:252:3)\n    at _runTestsForDescribeBlock (C:\\Users\\Dhanya\\malabarbazaar\\backend\\node_modules\\jest-circus\\build\\run.js:126:9)\n    at _runTestsForDescribeBlock (C:\\Users\\Dhanya\\malabarbazaar\\backend\\node_modules\\jest-circus\\build\\run.js:121:9)\n    at _runTestsForDescribeBlock (C:\\Users\\Dhanya\\malabarbazaar\\backend\\node_modules\\jest-circus\\build\\run.js:121:9)\n    at run (C:\\Users\\Dhanya\\malabarbazaar\\backend\\node_modules\\jest-circus\\build\\run.js:71:3)\n    at runAndTransformResultsToJestFormat (C:\\Users\\Dhanya\\malabarbazaar\\backend\\node_modules\\jest-circus\\build\\legacy-code-todo-rewrite\\jestAdapterInit.js:122:21)\n    at jestAdapter (C:\\Users\\Dhanya\\malabarbazaar\\backend\\node_modules\\jest-circus\\build\\legacy-code-todo-rewrite\\jestAdapter.js:79:19)\n    at runTestInternal (C:\\Users\\Dhanya\\malabarbazaar\\backend\\node_modules\\jest-runner\\build\\runTest.js:367:16)\n    at runTest (C:\\Users\\Dhanya\\malabarbazaar\\backend\\node_modules\\jest-runner\\build\\runTest.js:444:34)"],"fullName":"Diary Collaboration Module addComment should handle empty comment gracefully","invocations":1,"location":null,"numPassingAsserts":0,"retryReasons":[],"status":"failed","title":"should handle empty comment gracefully"},{"ancestorTitles":["Diary Collaboration Module","addComment"],"duration":6,"failureDetails":[],"failureMessages":[],"fullName":"Diary Collaboration Module addComment should preserve comment formatting","invocations":1,"location":null,"numPassingAsserts":1,"retryReasons":[],"status":"passed","title":"should preserve comment formatting"},{"ancestorTitles":["Diary Collaboration Module","addComment"],"duration":9,"failureDetails":[],"failureMessages":[],"fullName":"Diary Collaboration Module addComment should allow reactions","invocations":1,"location":null,"numPassingAsserts":1,"retryReasons":[],"status":"passed","title":"should allow reactions"},{"ancestorTitles":["Diary Collaboration Module","addComment"],"duration":31,"failureDetails":[],"failureMessages":[],"fullName":"Diary Collaboration Module addComment should generate unique comment ID","invocations":1,"location":null,"numPassingAsserts":1,"retryReasons":[],"status":"passed","title":"should generate unique comment ID"},{"ancestorTitles":["Diary Collaboration Module","getCollaborationSummary"],"duration":2,"failureDetails":[],"failureMessages":[],"fullName":"Diary Collaboration Module getCollaborationSummary should return summary object","invocations":1,"location":null,"numPassingAsserts":2,"retryReasons":[],"status":"passed","title":"should return summary object"},{"ancestorTitles":["Diary Collaboration Module","getCollaborationSummary"],"duration":3,"failureDetails":[{"matcherResult":{"message":"expect(received).toHaveProperty(path)\n\nExpected path: \"totalShares\"\nReceived path: []\n\nReceived value: {\"collaborationMetrics\": {\"activeShares\": 0, \"lastCommentAt\": null, \"lastSharedAt\": null, \"sharedWith\": 0, \"totalComments\": 0, \"totalShares\": 0, \"uniqueCommenters\": 0}, \"commentSummary\": {\"averageLikesPerComment\": 0, \"mostLikedComment\": null, \"threadsActive\": 0, \"totalComments\": 0}, \"entryId\": undefined, \"sharingSettings\": {\"isPublic\": false, \"maxPermissionLevel\": \"view\", \"passwordProtected\": 0, \"publicAccessible\": false}}","pass":false}}],"failureMessages":["Error: expect(received).toHaveProperty(path)\n\nExpected path: \"totalShares\"\nReceived path: []\n\nReceived value: {\"collaborationMetrics\": {\"activeShares\": 0, \"lastCommentAt\": null, \"lastSharedAt\": null, \"sharedWith\": 0, \"totalComments\": 0, \"totalShares\": 0, \"uniqueCommenters\": 0}, \"commentSummary\": {\"averageLikesPerComment\": 0, \"mostLikedComment\": null, \"threadsActive\": 0, \"totalComments\": 0}, \"entryId\": undefined, \"sharingSettings\": {\"isPublic\": false, \"maxPermissionLevel\": \"view\", \"passwordProtected\": 0, \"publicAccessible\": false}}\n    at Object.toHaveProperty (C:\\Users\\Dhanya\\malabarbazaar\\backend\\utils\\diaryCollaboration.test.js:185:22)\n    at Promise.then.completed (C:\\Users\\Dhanya\\malabarbazaar\\backend\\node_modules\\jest-circus\\build\\utils.js:298:28)\n    at new Promise (<anonymous>)\n    at callAsyncCircusFn (C:\\Users\\Dhanya\\malabarbazaar\\backend\\node_modules\\jest-circus\\build\\utils.js:231:10)\n    at _callCircusTest (C:\\Users\\Dhanya\\malabarbazaar\\backend\\node_modules\\jest-circus\\build\\run.js:316:40)\n    at processTicksAndRejections (node:internal/process/task_queues:104:5)\n    at _runTest (C:\\Users\\Dhanya\\malabarbazaar\\backend\\node_modules\\jest-circus\\build\\run.js:252:3)\n    at _runTestsForDescribeBlock (C:\\Users\\Dhanya\\malabarbazaar\\backend\\node_modules\\jest-circus\\build\\run.js:126:9)\n    at _runTestsForDescribeBlock (C:\\Users\\Dhanya\\malabarbazaar\\backend\\node_modules\\jest-circus\\build\\run.js:121:9)\n    at _runTestsForDescribeBlock (C:\\Users\\Dhanya\\malabarbazaar\\backend\\node_modules\\jest-circus\\build\\run.js:121:9)\n    at run (C:\\Users\\Dhanya\\malabarbazaar\\backend\\node_modules\\jest-circus\\build\\run.js:71:3)\n    at runAndTransformResultsToJestFormat (C:\\Users\\Dhanya\\malabarbazaar\\backend\\node_modules\\jest-circus\\build\\legacy-code-todo-rewrite\\jestAdapterInit.js:122:21)\n    at jestAdapter (C:\\Users\\Dhanya\\malabarbazaar\\backend\\node_modules\\jest-circus\\build\\legacy-code-todo-rewrite\\jestAdapter.js:79:19)\n    at runTestInternal (C:\\Users\\Dhanya\\malabarbazaar\\backend\\node_modules\\jest-runner\\build\\runTest.js:367:16)\n    at runTest (C:\\Users\\Dhanya\\malabarbazaar\\backend\\node_modules\\jest-runner\\build\\runTest.js:444:34)"],"fullName":"Diary Collaboration Module getCollaborationSummary should include total shares count","invocations":1,"location":null,"numPassingAsserts":0,"retryReasons":[],"status":"failed","title":"should include total shares count"},{"ancestorTitles":["Diary Collaboration Module","getCollaborationSummary"],"duration":2,"failureDetails":[{"matcherResult":{"message":"expect(received).toHaveProperty(path)\n\nExpected path: \"sharedRecipients\"\nReceived path: []\n\nReceived value: {\"collaborationMetrics\": {\"activeShares\": 0, \"lastCommentAt\": null, \"lastSharedAt\": null, \"sharedWith\": 0, \"totalComments\": 0, \"totalShares\": 0, \"uniqueCommenters\": 0}, \"commentSummary\": {\"averageLikesPerComment\": 0, \"mostLikedComment\": null, \"threadsActive\": 0, \"totalComments\": 0}, \"entryId\": undefined, \"sharingSettings\": {\"isPublic\": false, \"maxPermissionLevel\": \"view\", \"passwordProtected\": 0, \"publicAccessible\": false}}","pass":false}}],"failureMessages":["Error: expect(received).toHaveProperty(path)\n\nExpected path: \"sharedRecipients\"\nReceived path: []\n\nReceived value: {\"collaborationMetrics\": {\"activeShares\": 0, \"lastCommentAt\": null, \"lastSharedAt\": null, \"sharedWith\": 0, \"totalComments\": 0, \"totalShares\": 0, \"uniqueCommenters\": 0}, \"commentSummary\": {\"averageLikesPerComment\": 0, \"mostLikedComment\": null, \"threadsActive\": 0, \"totalComments\": 0}, \"entryId\": undefined, \"sharingSettings\": {\"isPublic\": false, \"maxPermissionLevel\": \"view\", \"passwordProtected\": 0, \"publicAccessible\": false}}\n    at Object.toHaveProperty (C:\\Users\\Dhanya\\malabarbazaar\\backend\\utils\\diaryCollaboration.test.js:191:22)\n    at Promise.then.completed (C:\\Users\\Dhanya\\malabarbazaar\\backend\\node_modules\\jest-circus\\build\\utils.js:298:28)\n    at new Promise (<anonymous>)\n    at callAsyncCircusFn (C:\\Users\\Dhanya\\malabarbazaar\\backend\\node_modules\\jest-circus\\build\\utils.js:231:10)\n    at _callCircusTest (C:\\Users\\Dhanya\\malabarbazaar\\backend\\node_modules\\jest-circus\\build\\run.js:316:40)\n    at processTicksAndRejections (node:internal/process/task_queues:104:5)\n    at _runTest (C:\\Users\\Dhanya\\malabarbazaar\\backend\\node_modules\\jest-circus\\build\\run.js:252:3)\n    at _runTestsForDescribeBlock (C:\\Users\\Dhanya\\malabarbazaar\\backend\\node_modules\\jest-circus\\build\\run.js:126:9)\n    at _runTestsForDescribeBlock (C:\\Users\\Dhanya\\malabarbazaar\\backend\\node_modules\\jest-circus\\build\\run.js:121:9)\n    at _runTestsForDescribeBlock (C:\\Users\\Dhanya\\malabarbazaar\\backend\\node_modules\\jest-circus\\build\\run.js:121:9)\n    at run (C:\\Users\\Dhanya\\malabarbazaar\\backend\\node_modules\\jest-circus\\build\\run.js:71:3)\n    at runAndTransformResultsToJestFormat (C:\\Users\\Dhanya\\malabarbazaar\\backend\\node_modules\\jest-circus\\build\\legacy-code-todo-rewrite\\jestAdapterInit.js:122:21)\n    at jestAdapter (C:\\Users\\Dhanya\\malabarbazaar\\backend\\node_modules\\jest-circus\\build\\legacy-code-todo-rewrite\\jestAdapter.js:79:19)\n    at runTestInternal (C:\\Users\\Dhanya\\malabarbazaar\\backend\\node_modules\\jest-runner\\build\\runTest.js:367:16)\n    at runTest (C:\\Users\\Dhanya\\malabarbazaar\\backend\\node_modules\\jest-runner\\build\\runTest.js:444:34)"],"fullName":"Diary Collaboration Module getCollaborationSummary should include shared recipients count","invocations":1,"location":null,"numPassingAsserts":0,"retryReasons":[],"status":"failed","title":"should include shared recipients count"},{"ancestorTitles":["Diary Collaboration Module","getCollaborationSummary"],"duration":2,"failureDetails":[{"matcherResult":{"message":"expect(received).toHaveProperty(path)\n\nExpected path: \"commentCount\"\nReceived path: []\n\nReceived value: {\"collaborationMetrics\": {\"activeShares\": 0, \"lastCommentAt\": null, \"lastSharedAt\": null, \"sharedWith\": 0, \"totalComments\": 0, \"totalShares\": 0, \"uniqueCommenters\": 0}, \"commentSummary\": {\"averageLikesPerComment\": 0, \"mostLikedComment\": null, \"threadsActive\": 0, \"totalComments\": 0}, \"entryId\": undefined, \"sharingSettings\": {\"isPublic\": false, \"maxPermissionLevel\": \"view\", \"passwordProtected\": 0, \"publicAccessible\": false}}","pass":false}}],"failureMessages":["Error: expect(received).toHaveProperty(path)\n\nExpected path: \"commentCount\"\nReceived path: []\n\nReceived value: {\"collaborationMetrics\": {\"activeShares\": 0, \"lastCommentAt\": null, \"lastSharedAt\": null, \"sharedWith\": 0, \"totalComments\": 0, \"totalShares\": 0, \"uniqueCommenters\": 0}, \"commentSummary\": {\"averageLikesPerComment\": 0, \"mostLikedComment\": null, \"threadsActive\": 0, \"totalComments\": 0}, \"entryId\": undefined, \"sharingSettings\": {\"isPublic\": false, \"maxPermissionLevel\": \"view\", \"passwordProtected\": 0, \"publicAccessible\": false}}\n    at Object.toHaveProperty (C:\\Users\\Dhanya\\malabarbazaar\\backend\\utils\\diaryCollaboration.test.js:197:22)\n    at Promise.then.completed (C:\\Users\\Dhanya\\malabarbazaar\\backend\\node_modules\\jest-circus\\build\\utils.js:298:28)\n    at new Promise (<anonymous>)\n    at callAsyncCircusFn (C:\\Users\\Dhanya\\malabarbazaar\\backend\\node_modules\\jest-circus\\build\\utils.js:231:10)\n    at _callCircusTest (C:\\Users\\Dhanya\\malabarbazaar\\backend\\node_modules\\jest-circus\\build\\run.js:316:40)\n    at processTicksAndRejections (node:internal/process/task_queues:104:5)\n    at _runTest (C:\\Users\\Dhanya\\malabarbazaar\\backend\\node_modules\\jest-circus\\build\\run.js:252:3)\n    at _runTestsForDescribeBlock (C:\\Users\\Dhanya\\malabarbazaar\\backend\\node_modules\\jest-circus\\build\\run.js:126:9)\n    at _runTestsForDescribeBlock (C:\\Users\\Dhanya\\malabarbazaar\\backend\\node_modules\\jest-circus\\build\\run.js:121:9)\n    at _runTestsForDescribeBlock (C:\\Users\\Dhanya\\malabarbazaar\\backend\\node_modules\\jest-circus\\build\\run.js:121:9)\n    at run (C:\\Users\\Dhanya\\malabarbazaar\\backend\\node_modules\\jest-circus\\build\\run.js:71:3)\n    at runAndTransformResultsToJestFormat (C:\\Users\\Dhanya\\malabarbazaar\\backend\\node_modules\\jest-circus\\build\\legacy-code-todo-rewrite\\jestAdapterInit.js:122:21)\n    at jestAdapter (C:\\Users\\Dhanya\\malabarbazaar\\backend\\node_modules\\jest-circus\\build\\legacy-code-todo-rewrite\\jestAdapter.js:79:19)\n    at runTestInternal (C:\\Users\\Dhanya\\malabarbazaar\\backend\\node_modules\\jest-runner\\build\\runTest.js:367:16)\n    at runTest (C:\\Users\\Dhanya\\malabarbazaar\\backend\\node_modules\\jest-runner\\build\\runTest.js:444:34)"],"fullName":"Diary Collaboration Module getCollaborationSummary should include comment count","invocations":1,"location":null,"numPassingAsserts":0,"retryReasons":[],"status":"failed","title":"should include comment count"},{"ancestorTitles":["Diary Collaboration Module","getCollaborationSummary"],"duration":2,"failureDetails":[{"matcherResult":{"message":"expect(received).toHaveProperty(path)\n\nExpected path: \"activeCollaborators\"\nReceived path: []\n\nReceived value: {\"collaborationMetrics\": {\"activeShares\": 0, \"lastCommentAt\": null, \"lastSharedAt\": null, \"sharedWith\": 0, \"totalComments\": 0, \"totalShares\": 0, \"uniqueCommenters\": 0}, \"commentSummary\": {\"averageLikesPerComment\": 0, \"mostLikedComment\": null, \"threadsActive\": 0, \"totalComments\": 0}, \"entryId\": undefined, \"sharingSettings\": {\"isPublic\": false, \"maxPermissionLevel\": \"view\", \"passwordProtected\": 0, \"publicAccessible\": false}}","pass":false}}],"failureMessages":["Error: expect(received).toHaveProperty(path)\n\nExpected path: \"activeCollaborators\"\nReceived path: []\n\nReceived value: {\"collaborationMetrics\": {\"activeShares\": 0, \"lastCommentAt\": null, \"lastSharedAt\": null, \"sharedWith\": 0, \"totalComments\": 0, \"totalShares\": 0, \"uniqueCommenters\": 0}, \"commentSummary\": {\"averageLikesPerComment\": 0, \"mostLikedComment\": null, \"threadsActive\": 0, \"totalComments\": 0}, \"entryId\": undefined, \"sharingSettings\": {\"isPublic\": false, \"maxPermissionLevel\": \"view\", \"passwordProtected\": 0, \"publicAccessible\": false}}\n    at Object.toHaveProperty (C:\\Users\\Dhanya\\malabarbazaar\\backend\\utils\\diaryCollaboration.test.js:203:22)\n    at Promise.then.completed (C:\\Users\\Dhanya\\malabarbazaar\\backend\\node_modules\\jest-circus\\build\\utils.js:298:28)\n    at new Promise (<anonymous>)\n    at callAsyncCircusFn (C:\\Users\\Dhanya\\malabarbazaar\\backend\\node_modules\\jest-circus\\build\\utils.js:231:10)\n    at _callCircusTest (C:\\Users\\Dhanya\\malabarbazaar\\backend\\node_modules\\jest-circus\\build\\run.js:316:40)\n    at processTicksAndRejections (node:internal/process/task_queues:104:5)\n    at _runTest (C:\\Users\\Dhanya\\malabarbazaar\\backend\\node_modules\\jest-circus\\build\\run.js:252:3)\n    at _runTestsForDescribeBlock (C:\\Users\\Dhanya\\malabarbazaar\\backend\\node_modules\\jest-circus\\build\\run.js:126:9)\n    at _runTestsForDescribeBlock (C:\\Users\\Dhanya\\malabarbazaar\\backend\\node_modules\\jest-circus\\build\\run.js:121:9)\n    at _runTestsForDescribeBlock (C:\\Users\\Dhanya\\malabarbazaar\\backend\\node_modules\\jest-circus\\build\\run.js:121:9)\n    at run (C:\\Users\\Dhanya\\malabarbazaar\\backend\\node_modules\\jest-circus\\build\\run.js:71:3)\n    at runAndTransformResultsToJestFormat (C:\\Users\\Dhanya\\malabarbazaar\\backend\\node_modules\\jest-circus\\build\\legacy-code-todo-rewrite\\jestAdapterInit.js:122:21)\n    at jestAdapter (C:\\Users\\Dhanya\\malabarbazaar\\backend\\node_modules\\jest-circus\\build\\legacy-code-todo-rewrite\\jestAdapter.js:79:19)\n    at runTestInternal (C:\\Users\\Dhanya\\malabarbazaar\\backend\\node_modules\\jest-runner\\build\\runTest.js:367:16)\n    at runTest (C:\\Users\\Dhanya\\malabarbazaar\\backend\\node_modules\\jest-runner\\build\\runTest.js:444:34)"],"fullName":"Diary Collaboration Module getCollaborationSummary should include active collaborators","invocations":1,"location":null,"numPassingAsserts":0,"retryReasons":[],"status":"failed","title":"should include active collaborators"},{"ancestorTitles":["Diary Collaboration Module","getCollaborationSummary"],"duration":1,"failureDetails":[{"matcherResult":{"message":"expect(received).toHaveProperty(path)\n\nExpected path: \"mostLikedComments\"\nReceived path: []\n\nReceived value: {\"collaborationMetrics\": {\"activeShares\": 0, \"lastCommentAt\": null, \"lastSharedAt\": null, \"sharedWith\": 0, \"totalComments\": 0, \"totalShares\": 0, \"uniqueCommenters\": 0}, \"commentSummary\": {\"averageLikesPerComment\": 0, \"mostLikedComment\": null, \"threadsActive\": 0, \"totalComments\": 0}, \"entryId\": undefined, \"sharingSettings\": {\"isPublic\": false, \"maxPermissionLevel\": \"view\", \"passwordProtected\": 0, \"publicAccessible\": false}}","pass":false}}],"failureMessages":["Error: expect(received).toHaveProperty(path)\n\nExpected path: \"mostLikedComments\"\nReceived path: []\n\nReceived value: {\"collaborationMetrics\": {\"activeShares\": 0, \"lastCommentAt\": null, \"lastSharedAt\": null, \"sharedWith\": 0, \"totalComments\": 0, \"totalShares\": 0, \"uniqueCommenters\": 0}, \"commentSummary\": {\"averageLikesPerComment\": 0, \"mostLikedComment\": null, \"threadsActive\": 0, \"totalComments\": 0}, \"entryId\": undefined, \"sharingSettings\": {\"isPublic\": false, \"maxPermissionLevel\": \"view\", \"passwordProtected\": 0, \"publicAccessible\": false}}\n    at Object.toHaveProperty (C:\\Users\\Dhanya\\malabarbazaar\\backend\\utils\\diaryCollaboration.test.js:208:22)\n    at Promise.then.completed (C:\\Users\\Dhanya\\malabarbazaar\\backend\\node_modules\\jest-circus\\build\\utils.js:298:28)\n    at new Promise (<anonymous>)\n    at callAsyncCircusFn (C:\\Users\\Dhanya\\malabarbazaar\\backend\\node_modules\\jest-circus\\build\\utils.js:231:10)\n    at _callCircusTest (C:\\Users\\Dhanya\\malabarbazaar\\backend\\node_modules\\jest-circus\\build\\run.js:316:40)\n    at processTicksAndRejections (node:internal/process/task_queues:104:5)\n    at _runTest (C:\\Users\\Dhanya\\malabarbazaar\\backend\\node_modules\\jest-circus\\build\\run.js:252:3)\n    at _runTestsForDescribeBlock (C:\\Users\\Dhanya\\malabarbazaar\\backend\\node_modules\\jest-circus\\build\\run.js:126:9)\n    at _runTestsForDescribeBlock (C:\\Users\\Dhanya\\malabarbazaar\\backend\\node_modules\\jest-circus\\build\\run.js:121:9)\n    at _runTestsForDescribeBlock (C:\\Users\\Dhanya\\malabarbazaar\\backend\\node_modules\\jest-circus\\build\\run.js:121:9)\n    at run (C:\\Users\\Dhanya\\malabarbazaar\\backend\\node_modules\\jest-circus\\build\\run.js:71:3)\n    at runAndTransformResultsToJestFormat (C:\\Users\\Dhanya\\malabarbazaar\\backend\\node_modules\\jest-circus\\build\\legacy-code-todo-rewrite\\jestAdapterInit.js:122:21)\n    at jestAdapter (C:\\Users\\Dhanya\\malabarbazaar\\backend\\node_modules\\jest-circus\\build\\legacy-code-todo-rewrite\\jestAdapter.js:79:19)\n    at runTestInternal (C:\\Users\\Dhanya\\malabarbazaar\\backend\\node_modules\\jest-runner\\build\\runTest.js:367:16)\n    at runTest (C:\\Users\\Dhanya\\malabarbazaar\\backend\\node_modules\\jest-runner\\build\\runTest.js:444:34)"],"fullName":"Diary Collaboration Module getCollaborationSummary should include most-liked comments","invocations":1,"location":null,"numPassingAsserts":0,"retryReasons":[],"status":"failed","title":"should include most-liked comments"},{"ancestorTitles":["Diary Collaboration Module","updateSharePermissions"],"duration":11,"failureDetails":[{"matcherResult":{"actual":"view","expected":"comment","message":"expect(received).toBe(expected) // Object.is equality\n\nExpected: \"comment\"\nReceived: \"view\"","name":"toBe","pass":false}}],"failureMessages":["Error: expect(received).toBe(expected) // Object.is equality\n\nExpected: \"comment\"\nReceived: \"view\"\n    at Object.toBe (C:\\Users\\Dhanya\\malabarbazaar\\backend\\utils\\diaryCollaboration.test.js:216:33)\n    at Promise.then.completed (C:\\Users\\Dhanya\\malabarbazaar\\backend\\node_modules\\jest-circus\\build\\utils.js:298:28)\n    at new Promise (<anonymous>)\n    at callAsyncCircusFn (C:\\Users\\Dhanya\\malabarbazaar\\backend\\node_modules\\jest-circus\\build\\utils.js:231:10)\n    at _callCircusTest (C:\\Users\\Dhanya\\malabarbazaar\\backend\\node_modules\\jest-circus\\build\\run.js:316:40)\n    at processTicksAndRejections (node:internal/process/task_queues:104:5)\n    at _runTest (C:\\Users\\Dhanya\\malabarbazaar\\backend\\node_modules\\jest-circus\\build\\run.js:252:3)\n    at _runTestsForDescribeBlock (C:\\Users\\Dhanya\\malabarbazaar\\backend\\node_modules\\jest-circus\\build\\run.js:126:9)\n    at _runTestsForDescribeBlock (C:\\Users\\Dhanya\\malabarbazaar\\backend\\node_modules\\jest-circus\\build\\run.js:121:9)\n    at _runTestsForDescribeBlock (C:\\Users\\Dhanya\\malabarbazaar\\backend\\node_modules\\jest-circus\\build\\run.js:121:9)\n    at run (C:\\Users\\Dhanya\\malabarbazaar\\backend\\node_modules\\jest-circus\\build\\run.js:71:3)\n    at runAndTransformResultsToJestFormat (C:\\Users\\Dhanya\\malabarbazaar\\backend\\node_modules\\jest-circus\\build\\legacy-code-todo-rewrite\\jestAdapterInit.js:122:21)\n    at jestAdapter (C:\\Users\\Dhanya\\malabarbazaar\\backend\\node_modules\\jest-circus\\build\\legacy-code-todo-rewrite\\jestAdapter.js:79:19)\n    at runTestInternal (C:\\Users\\Dhanya\\malabarbazaar\\backend\\node_modules\\jest-runner\\build\\runTest.js:367:16)\n    at runTest (C:\\Users\\Dhanya\\malabarbazaar\\backend\\node_modules\\jest-runner\\build\\runTest.js:444:34)"],"fullName":"Diary Collaboration Module updateSharePermissions should update permission level","invocations":1,"location":null,"numPassingAsserts":0,"retryReasons":[],"status":"failed","title":"should update permission level"},{"ancestorTitles":["Diary Collaboration Module","updateSharePermissions"],"duration":9,"failureDetails":[],"failureMessages":[],"fullName":"Diary Collaboration Module updateSharePermissions should validate permission hierarchy","invocations":1,"location":null,"numPassingAsserts":1,"retryReasons":[],"status":"passed","title":"should validate permission hierarchy"},{"ancestorTitles":["Diary Collaboration Module","updateSharePermissions"],"duration":8,"failureDetails":[{"matcherResult":{"expected":"share123","message":"expect(received).toBe(expected) // Object.is equality\n\nExpected: \"share123\"\nReceived: undefined","name":"toBe","pass":false}}],"failureMessages":["Error: expect(received).toBe(expected) // Object.is equality\n\nExpected: \"share123\"\nReceived: undefined\n    at Object.toBe (C:\\Users\\Dhanya\\malabarbazaar\\backend\\utils\\diaryCollaboration.test.js:227:30)\n    at Promise.then.completed (C:\\Users\\Dhanya\\malabarbazaar\\backend\\node_modules\\jest-circus\\build\\utils.js:298:28)\n    at new Promise (<anonymous>)\n    at callAsyncCircusFn (C:\\Users\\Dhanya\\malabarbazaar\\backend\\node_modules\\jest-circus\\build\\utils.js:231:10)\n    at _callCircusTest (C:\\Users\\Dhanya\\malabarbazaar\\backend\\node_modules\\jest-circus\\build\\run.js:316:40)\n    at processTicksAndRejections (node:internal/process/task_queues:104:5)\n    at _runTest (C:\\Users\\Dhanya\\malabarbazaar\\backend\\node_modules\\jest-circus\\build\\run.js:252:3)\n    at _runTestsForDescribeBlock (C:\\Users\\Dhanya\\malabarbazaar\\backend\\node_modules\\jest-circus\\build\\run.js:126:9)\n    at _runTestsForDescribeBlock (C:\\Users\\Dhanya\\malabarbazaar\\backend\\node_modules\\jest-circus\\build\\run.js:121:9)\n    at _runTestsForDescribeBlock (C:\\Users\\Dhanya\\malabarbazaar\\backend\\node_modules\\jest-circus\\build\\run.js:121:9)\n    at run (C:\\Users\\Dhanya\\malabarbazaar\\backend\\node_modules\\jest-circus\\build\\run.js:71:3)\n    at runAndTransformResultsToJestFormat (C:\\Users\\Dhanya\\malabarbazaar\\backend\\node_modules\\jest-circus\\build\\legacy-code-todo-rewrite\\jestAdapterInit.js:122:21)\n    at jestAdapter (C:\\Users\\Dhanya\\malabarbazaar\\backend\\node_modules\\jest-circus\\build\\legacy-code-todo-rewrite\\jestAdapter.js:79:19)\n    at runTestInternal (C:\\Users\\Dhanya\\malabarbazaar\\backend\\node_modules\\jest-runner\\build\\runTest.js:367:16)\n    at runTest (C:\\Users\\Dhanya\\malabarbazaar\\backend\\node_modules\\jest-runner\\build\\runTest.js:444:34)"],"fullName":"Diary Collaboration Module updateSharePermissions should preserve other share properties","invocations":1,"location":null,"numPassingAsserts":0,"retryReasons":[],"status":"failed","title":"should preserve other share properties"},{"ancestorTitles":["Diary Collaboration Module","updateSharePermissions"],"duration":5,"failureDetails":[],"failureMessages":[],"fullName":"Diary Collaboration Module updateSharePermissions should record update timestamp","invocations":1,"location":null,"numPassingAsserts":1,"retryReasons":[],"status":"passed","title":"should record update timestamp"},{"ancestorTitles":["Diary Collaboration Module","updateSharePermissions"],"duration":9,"failureDetails":[{"matcherResult":{"message":"expect(received).toThrow()\n\nReceived function did not throw","pass":false}}],"failureMessages":["Error: expect(received).toThrow()\n\nReceived function did not throw\n    at Object.toThrow (C:\\Users\\Dhanya\\malabarbazaar\\backend\\utils\\diaryCollaboration.test.js:237:66)\n    at Promise.then.completed (C:\\Users\\Dhanya\\malabarbazaar\\backend\\node_modules\\jest-circus\\build\\utils.js:298:28)\n    at new Promise (<anonymous>)\n    at callAsyncCircusFn (C:\\Users\\Dhanya\\malabarbazaar\\backend\\node_modules\\jest-circus\\build\\utils.js:231:10)\n    at _callCircusTest (C:\\Users\\Dhanya\\malabarbazaar\\backend\\node_modules\\jest-circus\\build\\run.js:316:40)\n    at processTicksAndRejections (node:internal/process/task_queues:104:5)\n    at _runTest (C:\\Users\\Dhanya\\malabarbazaar\\backend\\node_modules\\jest-circus\\build\\run.js:252:3)\n    at _runTestsForDescribeBlock (C:\\Users\\Dhanya\\malabarbazaar\\backend\\node_modules\\jest-circus\\build\\run.js:126:9)\n    at _runTestsForDescribeBlock (C:\\Users\\Dhanya\\malabarbazaar\\backend\\node_modules\\jest-circus\\build\\run.js:121:9)\n    at _runTestsForDescribeBlock (C:\\Users\\Dhanya\\malabarbazaar\\backend\\node_modules\\jest-circus\\build\\run.js:121:9)\n    at run (C:\\Users\\Dhanya\\malabarbazaar\\backend\\node_modules\\jest-circus\\build\\run.js:71:3)\n    at runAndTransformResultsToJestFormat (C:\\Users\\Dhanya\\malabarbazaar\\backend\\node_modules\\jest-circus\\build\\legacy-code-todo-rewrite\\jestAdapterInit.js:122:21)\n    at jestAdapter (C:\\Users\\Dhanya\\malabarbazaar\\backend\\node_modules\\jest-circus\\build\\legacy-code-todo-rewrite\\jestAdapter.js:79:19)\n    at runTestInternal (C:\\Users\\Dhanya\\malabarbazaar\\backend\\node_modules\\jest-runner\\build\\runTest.js:367:16)\n    at runTest (C:\\Users\\Dhanya\\malabarbazaar\\backend\\node_modules\\jest-runner\\build\\runTest.js:444:34)"],"fullName":"Diary Collaboration Module updateSharePermissions should reject invalid permissions","invocations":1,"location":null,"numPassingAsserts":0,"retryReasons":[],"status":"failed","title":"should reject invalid permissions"},{"ancestorTitles":["Diary Collaboration Module","updateSharePermissions"],"duration":13,"failureDetails":[],"failureMessages":[],"fullName":"Diary Collaboration Module updateSharePermissions should handle null share","invocations":1,"location":null,"numPassingAsserts":1,"retryReasons":[],"status":"passed","title":"should handle null share"},{"ancestorTitles":["Diary Collaboration Module","getSharingStats"],"duration":5,"failureDetails":[],"failureMessages":[],"fullName":"Diary Collaboration Module getSharingStats should return stats object","invocations":1,"location":null,"numPassingAsserts":2,"retryReasons":[],"status":"passed","title":"should return stats object"},{"ancestorTitles":["Diary Collaboration Module","getSharingStats"],"duration":4,"failureDetails":[{"matcherResult":{"message":"expect(received).toHaveProperty(path)\n\nExpected path: \"totalShares\"\nReceived path: []\n\nReceived value: {\"engagement\": {\"averageSharesPerEntry\": \"0.00\", \"mostSharedEntries\": [], \"topRecipients\": []}, \"overallStats\": {\"sharedEntries\": 0, \"sharingRate\": \"0%\", \"totalEntries\": 0, \"totalShares\": 0}, \"permissions\": {\"canComment\": 0, \"canEdit\": 0, \"viewOnly\": 0}, \"shareTypes\": {\"passwordProtected\": 0, \"private\": 0, \"public\": 0}}","pass":false}}],"failureMessages":["Error: expect(received).toHaveProperty(path)\n\nExpected path: \"totalShares\"\nReceived path: []\n\nReceived value: {\"engagement\": {\"averageSharesPerEntry\": \"0.00\", \"mostSharedEntries\": [], \"topRecipients\": []}, \"overallStats\": {\"sharedEntries\": 0, \"sharingRate\": \"0%\", \"totalEntries\": 0, \"totalShares\": 0}, \"permissions\": {\"canComment\": 0, \"canEdit\": 0, \"viewOnly\": 0}, \"shareTypes\": {\"passwordProtected\": 0, \"private\": 0, \"public\": 0}}\n    at Object.toHaveProperty (C:\\Users\\Dhanya\\malabarbazaar\\backend\\utils\\diaryCollaboration.test.js:254:22)\n    at Promise.then.completed (C:\\Users\\Dhanya\\malabarbazaar\\backend\\node_modules\\jest-circus\\build\\utils.js:298:28)\n    at new Promise (<anonymous>)\n    at callAsyncCircusFn (C:\\Users\\Dhanya\\malabarbazaar\\backend\\node_modules\\jest-circus\\build\\utils.js:231:10)\n    at _callCircusTest (C:\\Users\\Dhanya\\malabarbazaar\\backend\\node_modules\\jest-circus\\build\\run.js:316:40)\n    at processTicksAndRejections (node:internal/process/task_queues:104:5)\n    at _runTest (C:\\Users\\Dhanya\\malabarbazaar\\backend\\node_modules\\jest-circus\\build\\run.js:252:3)\n    at _runTestsForDescribeBlock (C:\\Users\\Dhanya\\malabarbazaar\\backend\\node_modules\\jest-circus\\build\\run.js:126:9)\n    at _runTestsForDescribeBlock (C:\\Users\\Dhanya\\malabarbazaar\\backend\\node_modules\\jest-circus\\build\\run.js:121:9)\n    at _runTestsForDescribeBlock (C:\\Users\\Dhanya\\malabarbazaar\\backend\\node_modules\\jest-circus\\build\\run.js:121:9)\n    at run (C:\\Users\\Dhanya\\malabarbazaar\\backend\\node_modules\\jest-circus\\build\\run.js:71:3)\n    at runAndTransformResultsToJestFormat (C:\\Users\\Dhanya\\malabarbazaar\\backend\\node_modules\\jest-circus\\build\\legacy-code-todo-rewrite\\jestAdapterInit.js:122:21)\n    at jestAdapter (C:\\Users\\Dhanya\\malabarbazaar\\backend\\node_modules\\jest-circus\\build\\legacy-code-todo-rewrite\\jestAdapter.js:79:19)\n    at runTestInternal (C:\\Users\\Dhanya\\malabarbazaar\\backend\\node_modules\\jest-runner\\build\\runTest.js:367:16)\n    at runTest (C:\\Users\\Dhanya\\malabarbazaar\\backend\\node_modules\\jest-runner\\build\\runTest.js:444:34)"],"fullName":"Diary Collaboration Module getSharingStats should include total shares","invocations":1,"location":null,"numPassingAsserts":0,"retryReasons":[],"status":"failed","title":"should include total shares"},{"ancestorTitles":["Diary Collaboration Module","getSharingStats"],"duration":4,"failureDetails":[{"matcherResult":{"message":"expect(received).toHaveProperty(path)\n\nExpected path: \"permissionDistribution\"\nReceived path: []\n\nReceived value: {\"engagement\": {\"averageSharesPerEntry\": \"0.00\", \"mostSharedEntries\": [], \"topRecipients\": []}, \"overallStats\": {\"sharedEntries\": 0, \"sharingRate\": \"0%\", \"totalEntries\": 0, \"totalShares\": 0}, \"permissions\": {\"canComment\": 0, \"canEdit\": 0, \"viewOnly\": 0}, \"shareTypes\": {\"passwordProtected\": 0, \"private\": 0, \"public\": 0}}","pass":false}}],"failureMessages":["Error: expect(received).toHaveProperty(path)\n\nExpected path: \"permissionDistribution\"\nReceived path: []\n\nReceived value: {\"engagement\": {\"averageSharesPerEntry\": \"0.00\", \"mostSharedEntries\": [], \"topRecipients\": []}, \"overallStats\": {\"sharedEntries\": 0, \"sharingRate\": \"0%\", \"totalEntries\": 0, \"totalShares\": 0}, \"permissions\": {\"canComment\": 0, \"canEdit\": 0, \"viewOnly\": 0}, \"shareTypes\": {\"passwordProtected\": 0, \"private\": 0, \"public\": 0}}\n    at Object.toHaveProperty (C:\\Users\\Dhanya\\malabarbazaar\\backend\\utils\\diaryCollaboration.test.js:259:22)\n    at Promise.then.completed (C:\\Users\\Dhanya\\malabarbazaar\\backend\\node_modules\\jest-circus\\build\\utils.js:298:28)\n    at new Promise (<anonymous>)\n    at callAsyncCircusFn (C:\\Users\\Dhanya\\malabarbazaar\\backend\\node_modules\\jest-circus\\build\\utils.js:231:10)\n    at _callCircusTest (C:\\Users\\Dhanya\\malabarbazaar\\backend\\node_modules\\jest-circus\\build\\run.js:316:40)\n    at processTicksAndRejections (node:internal/process/task_queues:104:5)\n    at _runTest (C:\\Users\\Dhanya\\malabarbazaar\\backend\\node_modules\\jest-circus\\build\\run.js:252:3)\n    at _runTestsForDescribeBlock (C:\\Users\\Dhanya\\malabarbazaar\\backend\\node_modules\\jest-circus\\build\\run.js:126:9)\n    at _runTestsForDescribeBlock (C:\\Users\\Dhanya\\malabarbazaar\\backend\\node_modules\\jest-circus\\build\\run.js:121:9)\n    at _runTestsForDescribeBlock (C:\\Users\\Dhanya\\malabarbazaar\\backend\\node_modules\\jest-circus\\build\\run.js:121:9)\n    at run (C:\\Users\\Dhanya\\malabarbazaar\\backend\\node_modules\\jest-circus\\build\\run.js:71:3)\n    at runAndTransformResultsToJestFormat (C:\\Users\\Dhanya\\malabarbazaar\\backend\\node_modules\\jest-circus\\build\\legacy-code-todo-rewrite\\jestAdapterInit.js:122:21)\n    at jestAdapter (C:\\Users\\Dhanya\\malabarbazaar\\backend\\node_modules\\jest-circus\\build\\legacy-code-todo-rewrite\\jestAdapter.js:79:19)\n    at runTestInternal (C:\\Users\\Dhanya\\malabarbazaar\\backend\\node_modules\\jest-runner\\build\\runTest.js:367:16)\n    at runTest (C:\\Users\\Dhanya\\malabarbazaar\\backend\\node_modules\\jest-runner\\build\\runTest.js:444:34)"],"fullName":"Diary Collaboration Module getSharingStats should include permission distribution","invocations":1,"location":null,"numPassingAsserts":0,"retryReasons":[],"status":"failed","title":"should include permission distribution"},{"ancestorTitles":["Diary Collaboration Module","getSharingStats"],"duration":4,"failureDetails":[{"matcherResult":{"message":"expect(received).toHaveProperty(path)\n\nExpected path: \"mostSharedEntries\"\nReceived path: []\n\nReceived value: {\"engagement\": {\"averageSharesPerEntry\": \"0.00\", \"mostSharedEntries\": [], \"topRecipients\": []}, \"overallStats\": {\"sharedEntries\": 0, \"sharingRate\": \"0%\", \"totalEntries\": 0, \"totalShares\": 0}, \"permissions\": {\"canComment\": 0, \"canEdit\": 0, \"viewOnly\": 0}, \"shareTypes\": {\"passwordProtected\": 0, \"private\": 0, \"public\": 0}}","pass":false}}],"failureMessages":["Error: expect(received).toHaveProperty(path)\n\nExpected path: \"mostSharedEntries\"\nReceived path: []\n\nReceived value: {\"engagement\": {\"averageSharesPerEntry\": \"0.00\", \"mostSharedEntries\": [], \"topRecipients\": []}, \"overallStats\": {\"sharedEntries\": 0, \"sharingRate\": \"0%\", \"totalEntries\": 0, \"totalShares\": 0}, \"permissions\": {\"canComment\": 0, \"canEdit\": 0, \"viewOnly\": 0}, \"shareTypes\": {\"passwordProtected\": 0, \"private\": 0, \"public\": 0}}\n    at Object.toHaveProperty (C:\\Users\\Dhanya\\malabarbazaar\\backend\\utils\\diaryCollaboration.test.js:267:22)\n    at Promise.then.completed (C:\\Users\\Dhanya\\malabarbazaar\\backend\\node_modules\\jest-circus\\build\\utils.js:298:28)\n    at new Promise (<anonymous>)\n    at callAsyncCircusFn (C:\\Users\\Dhanya\\malabarbazaar\\backend\\node_modules\\jest-circus\\build\\utils.js:231:10)\n    at _callCircusTest (C:\\Users\\Dhanya\\malabarbazaar\\backend\\node_modules\\jest-circus\\build\\run.js:316:40)\n    at processTicksAndRejections (node:internal/process/task_queues:104:5)\n    at _runTest (C:\\Users\\Dhanya\\malabarbazaar\\backend\\node_modules\\jest-circus\\build\\run.js:252:3)\n    at _runTestsForDescribeBlock (C:\\Users\\Dhanya\\malabarbazaar\\backend\\node_modules\\jest-circus\\build\\run.js:126:9)\n    at _runTestsForDescribeBlock (C:\\Users\\Dhanya\\malabarbazaar\\backend\\node_modules\\jest-circus\\build\\run.js:121:9)\n    at _runTestsForDescribeBlock (C:\\Users\\Dhanya\\malabarbazaar\\backend\\node_modules\\jest-circus\\build\\run.js:121:9)\n    at run (C:\\Users\\Dhanya\\malabarbazaar\\backend\\node_modules\\jest-circus\\build\\run.js:71:3)\n    at runAndTransformResultsToJestFormat (C:\\Users\\Dhanya\\malabarbazaar\\backend\\node_modules\\jest-circus\\build\\legacy-code-todo-rewrite\\jestAdapterInit.js:122:21)\n    at jestAdapter (C:\\Users\\Dhanya\\malabarbazaar\\backend\\node_modules\\jest-circus\\build\\legacy-code-todo-rewrite\\jestAdapter.js:79:19)\n    at runTestInternal (C:\\Users\\Dhanya\\malabarbazaar\\backend\\node_modules\\jest-runner\\build\\runTest.js:367:16)\n    at runTest (C:\\Users\\Dhanya\\malabarbazaar\\backend\\node_modules\\jest-runner\\build\\runTest.js:444:34)"],"fullName":"Diary Collaboration Module getSharingStats should include most shared entries","invocations":1,"location":null,"numPassingAsserts":0,"retryReasons":[],"status":"failed","title":"should include most shared entries"},{"ancestorTitles":["Diary Collaboration Module","getSharingStats"],"duration":4,"failureDetails":[{"matcherResult":{"message":"expect(received).toHaveProperty(path)\n\nExpected path: \"topRecipients\"\nReceived path: []\n\nReceived value: {\"engagement\": {\"averageSharesPerEntry\": \"0.00\", \"mostSharedEntries\": [], \"topRecipients\": []}, \"overallStats\": {\"sharedEntries\": 0, \"sharingRate\": \"0%\", \"totalEntries\": 0, \"totalShares\": 0}, \"permissions\": {\"canComment\": 0, \"canEdit\": 0, \"viewOnly\": 0}, \"shareTypes\": {\"passwordProtected\": 0, \"private\": 0, \"public\": 0}}","pass":false}}],"failureMessages":["Error: expect(received).toHaveProperty(path)\n\nExpected path: \"topRecipients\"\nReceived path: []\n\nReceived value: {\"engagement\": {\"averageSharesPerEntry\": \"0.00\", \"mostSharedEntries\": [], \"topRecipients\": []}, \"overallStats\": {\"sharedEntries\": 0, \"sharingRate\": \"0%\", \"totalEntries\": 0, \"totalShares\": 0}, \"permissions\": {\"canComment\": 0, \"canEdit\": 0, \"viewOnly\": 0}, \"shareTypes\": {\"passwordProtected\": 0, \"private\": 0, \"public\": 0}}\n    at Object.toHaveProperty (C:\\Users\\Dhanya\\malabarbazaar\\backend\\utils\\diaryCollaboration.test.js:273:22)\n    at Promise.then.completed (C:\\Users\\Dhanya\\malabarbazaar\\backend\\node_modules\\jest-circus\\build\\utils.js:298:28)\n    at new Promise (<anonymous>)\n    at callAsyncCircusFn (C:\\Users\\Dhanya\\malabarbazaar\\backend\\node_modules\\jest-circus\\build\\utils.js:231:10)\n    at _callCircusTest (C:\\Users\\Dhanya\\malabarbazaar\\backend\\node_modules\\jest-circus\\build\\run.js:316:40)\n    at processTicksAndRejections (node:internal/process/task_queues:104:5)\n    at _runTest (C:\\Users\\Dhanya\\malabarbazaar\\backend\\node_modules\\jest-circus\\build\\run.js:252:3)\n    at _runTestsForDescribeBlock (C:\\Users\\Dhanya\\malabarbazaar\\backend\\node_modules\\jest-circus\\build\\run.js:126:9)\n    at _runTestsForDescribeBlock (C:\\Users\\Dhanya\\malabarbazaar\\backend\\node_modules\\jest-circus\\build\\run.js:121:9)\n    at _runTestsForDescribeBlock (C:\\Users\\Dhanya\\malabarbazaar\\backend\\node_modules\\jest-circus\\build\\run.js:121:9)\n    at run (C:\\Users\\Dhanya\\malabarbazaar\\backend\\node_modules\\jest-circus\\build\\run.js:71:3)\n    at runAndTransformResultsToJestFormat (C:\\Users\\Dhanya\\malabarbazaar\\backend\\node_modules\\jest-circus\\build\\legacy-code-todo-rewrite\\jestAdapterInit.js:122:21)\n    at jestAdapter (C:\\Users\\Dhanya\\malabarbazaar\\backend\\node_modules\\jest-circus\\build\\legacy-code-todo-rewrite\\jestAdapter.js:79:19)\n    at runTestInternal (C:\\Users\\Dhanya\\malabarbazaar\\backend\\node_modules\\jest-runner\\build\\runTest.js:367:16)\n    at runTest (C:\\Users\\Dhanya\\malabarbazaar\\backend\\node_modules\\jest-runner\\build\\runTest.js:444:34)"],"fullName":"Diary Collaboration Module getSharingStats should include top recipients","invocations":1,"location":null,"numPassingAsserts":0,"retryReasons":[],"status":"failed","title":"should include top recipients"},{"ancestorTitles":["Diary Collaboration Module","getSharingStats"],"duration":4,"failureDetails":[{"matcherResult":{"message":"expect(received).toHaveProperty(path)\n\nExpected path: \"engagementMetrics\"\nReceived path: []\n\nReceived value: {\"engagement\": {\"averageSharesPerEntry\": \"0.00\", \"mostSharedEntries\": [], \"topRecipients\": []}, \"overallStats\": {\"sharedEntries\": 0, \"sharingRate\": \"0%\", \"totalEntries\": 0, \"totalShares\": 0}, \"permissions\": {\"canComment\": 0, \"canEdit\": 0, \"viewOnly\": 0}, \"shareTypes\": {\"passwordProtected\": 0, \"private\": 0, \"public\": 0}}","pass":false}}],"failureMessages":["Error: expect(received).toHaveProperty(path)\n\nExpected path: \"engagementMetrics\"\nReceived path: []\n\nReceived value: {\"engagement\": {\"averageSharesPerEntry\": \"0.00\", \"mostSharedEntries\": [], \"topRecipients\": []}, \"overallStats\": {\"sharedEntries\": 0, \"sharingRate\": \"0%\", \"totalEntries\": 0, \"totalShares\": 0}, \"permissions\": {\"canComment\": 0, \"canEdit\": 0, \"viewOnly\": 0}, \"shareTypes\": {\"passwordProtected\": 0, \"private\": 0, \"public\": 0}}\n    at Object.toHaveProperty (C:\\Users\\Dhanya\\malabarbazaar\\backend\\utils\\diaryCollaboration.test.js:279:22)\n    at Promise.then.completed (C:\\Users\\Dhanya\\malabarbazaar\\backend\\node_modules\\jest-circus\\build\\utils.js:298:28)\n    at new Promise (<anonymous>)\n    at callAsyncCircusFn (C:\\Users\\Dhanya\\malabarbazaar\\backend\\node_modules\\jest-circus\\build\\utils.js:231:10)\n    at _callCircusTest (C:\\Users\\Dhanya\\malabarbazaar\\backend\\node_modules\\jest-circus\\build\\run.js:316:40)\n    at processTicksAndRejections (node:internal/process/task_queues:104:5)\n    at _runTest (C:\\Users\\Dhanya\\malabarbazaar\\backend\\node_modules\\jest-circus\\build\\run.js:252:3)\n    at _runTestsForDescribeBlock (C:\\Users\\Dhanya\\malabarbazaar\\backend\\node_modules\\jest-circus\\build\\run.js:126:9)\n    at _runTestsForDescribeBlock (C:\\Users\\Dhanya\\malabarbazaar\\backend\\node_modules\\jest-circus\\build\\run.js:121:9)\n    at _runTestsForDescribeBlock (C:\\Users\\Dhanya\\malabarbazaar\\backend\\node_modules\\jest-circus\\build\\run.js:121:9)\n    at run (C:\\Users\\Dhanya\\malabarbazaar\\backend\\node_modules\\jest-circus\\build\\run.js:71:3)\n    at runAndTransformResultsToJestFormat (C:\\Users\\Dhanya\\malabarbazaar\\backend\\node_modules\\jest-circus\\build\\legacy-code-todo-rewrite\\jestAdapterInit.js:122:21)\n    at jestAdapter (C:\\Users\\Dhanya\\malabarbazaar\\backend\\node_modules\\jest-circus\\build\\legacy-code-todo-rewrite\\jestAdapter.js:79:19)\n    at runTestInternal (C:\\Users\\Dhanya\\malabarbazaar\\backend\\node_modules\\jest-runner\\build\\runTest.js:367:16)\n    at runTest (C:\\Users\\Dhanya\\malabarbazaar\\backend\\node_modules\\jest-runner\\build\\runTest.js:444:34)"],"fullName":"Diary Collaboration Module getSharingStats should include engagement metrics","invocations":1,"location":null,"numPassingAsserts":0,"retryReasons":[],"status":"failed","title":"should include engagement metrics"},{"ancestorTitles":["Diary Collaboration Module","getSharingStats"],"duration":3,"failureDetails":[{"matcherResult":{"message":"expect(received).toBeDefined()\n\nReceived: undefined","pass":false}}],"failureMessages":["Error: expect(received).toBeDefined()\n\nReceived: undefined\n    at Object.toBeDefined (C:\\Users\\Dhanya\\malabarbazaar\\backend\\utils\\diaryCollaboration.test.js:284:37)\n    at Promise.then.completed (C:\\Users\\Dhanya\\malabarbazaar\\backend\\node_modules\\jest-circus\\build\\utils.js:298:28)\n    at new Promise (<anonymous>)\n    at callAsyncCircusFn (C:\\Users\\Dhanya\\malabarbazaar\\backend\\node_modules\\jest-circus\\build\\utils.js:231:10)\n    at _callCircusTest (C:\\Users\\Dhanya\\malabarbazaar\\backend\\node_modules\\jest-circus\\build\\run.js:316:40)\n    at processTicksAndRejections (node:internal/process/task_queues:104:5)\n    at _runTest (C:\\Users\\Dhanya\\malabarbazaar\\backend\\node_modules\\jest-circus\\build\\run.js:252:3)\n    at _runTestsForDescribeBlock (C:\\Users\\Dhanya\\malabarbazaar\\backend\\node_modules\\jest-circus\\build\\run.js:126:9)\n    at _runTestsForDescribeBlock (C:\\Users\\Dhanya\\malabarbazaar\\backend\\node_modules\\jest-circus\\build\\run.js:121:9)\n    at _runTestsForDescribeBlock (C:\\Users\\Dhanya\\malabarbazaar\\backend\\node_modules\\jest-circus\\build\\run.js:121:9)\n    at run (C:\\Users\\Dhanya\\malabarbazaar\\backend\\node_modules\\jest-circus\\build\\run.js:71:3)\n    at runAndTransformResultsToJestFormat (C:\\Users\\Dhanya\\malabarbazaar\\backend\\node_modules\\jest-circus\\build\\legacy-code-todo-rewrite\\jestAdapterInit.js:122:21)\n    at jestAdapter (C:\\Users\\Dhanya\\malabarbazaar\\backend\\node_modules\\jest-circus\\build\\legacy-code-todo-rewrite\\jestAdapter.js:79:19)\n    at runTestInternal (C:\\Users\\Dhanya\\malabarbazaar\\backend\\node_modules\\jest-runner\\build\\runTest.js:367:16)\n    at runTest (C:\\Users\\Dhanya\\malabarbazaar\\backend\\node_modules\\jest-runner\\build\\runTest.js:444:34)"],"fullName":"Diary Collaboration Module getSharingStats should include share frequency","invocations":1,"location":null,"numPassingAsserts":0,"retryReasons":[],"status":"failed","title":"should include share frequency"},{"ancestorTitles":["Diary Collaboration Module","checkAccess"],"duration":2,"failureDetails":[{"matcherResult":{"actual":{"hasAccess":false,"permission":"none","reason":"Entry not shared with this user"},"expected":true,"message":"expect(received).toBe(expected) // Object.is equality\n\nExpected: true\nReceived: {\"hasAccess\": false, \"permission\": \"none\", \"reason\": \"Entry not shared with this user\"}","name":"toBe","pass":false}}],"failureMessages":["Error: expect(received).toBe(expected) // Object.is equality\n\nExpected: true\nReceived: {\"hasAccess\": false, \"permission\": \"none\", \"reason\": \"Entry not shared with this user\"}\n    at Object.toBe (C:\\Users\\Dhanya\\malabarbazaar\\backend\\utils\\diaryCollaboration.test.js:292:22)\n    at Promise.then.completed (C:\\Users\\Dhanya\\malabarbazaar\\backend\\node_modules\\jest-circus\\build\\utils.js:298:28)\n    at new Promise (<anonymous>)\n    at callAsyncCircusFn (C:\\Users\\Dhanya\\malabarbazaar\\backend\\node_modules\\jest-circus\\build\\utils.js:231:10)\n    at _callCircusTest (C:\\Users\\Dhanya\\malabarbazaar\\backend\\node_modules\\jest-circus\\build\\run.js:316:40)\n    at processTicksAndRejections (node:internal/process/task_queues:104:5)\n    at _runTest (C:\\Users\\Dhanya\\malabarbazaar\\backend\\node_modules\\jest-circus\\build\\run.js:252:3)\n    at _runTestsForDescribeBlock (C:\\Users\\Dhanya\\malabarbazaar\\backend\\node_modules\\jest-circus\\build\\run.js:126:9)\n    at _runTestsForDescribeBlock (C:\\Users\\Dhanya\\malabarbazaar\\backend\\node_modules\\jest-circus\\build\\run.js:121:9)\n    at _runTestsForDescribeBlock (C:\\Users\\Dhanya\\malabarbazaar\\backend\\node_modules\\jest-circus\\build\\run.js:121:9)\n    at run (C:\\Users\\Dhanya\\malabarbazaar\\backend\\node_modules\\jest-circus\\build\\run.js:71:3)\n    at runAndTransformResultsToJestFormat (C:\\Users\\Dhanya\\malabarbazaar\\backend\\node_modules\\jest-circus\\build\\legacy-code-todo-rewrite\\jestAdapterInit.js:122:21)\n    at jestAdapter (C:\\Users\\Dhanya\\malabarbazaar\\backend\\node_modules\\jest-circus\\build\\legacy-code-todo-rewrite\\jestAdapter.js:79:19)\n    at runTestInternal (C:\\Users\\Dhanya\\malabarbazaar\\backend\\node_modules\\jest-runner\\build\\runTest.js:367:16)\n    at runTest (C:\\Users\\Dhanya\\malabarbazaar\\backend\\node_modules\\jest-runner\\build\\runTest.js:444:34)"],"fullName":"Diary Collaboration Module checkAccess should return true for valid access","invocations":1,"location":null,"numPassingAsserts":0,"retryReasons":[],"status":"failed","title":"should return true for valid access"},{"ancestorTitles":["Diary Collaboration Module","checkAccess"],"duration":2,"failureDetails":[{"matcherResult":{"actual":{"hasAccess":false,"permission":"none","reason":"Entry not shared with this user"},"expected":false,"message":"expect(received).toBe(expected) // Object.is equality\n\nExpected: false\nReceived: {\"hasAccess\": false, \"permission\": \"none\", \"reason\": \"Entry not shared with this user\"}","name":"toBe","pass":false}}],"failureMessages":["Error: expect(received).toBe(expected) // Object.is equality\n\nExpected: false\nReceived: {\"hasAccess\": false, \"permission\": \"none\", \"reason\": \"Entry not shared with this user\"}\n    at Object.toBe (C:\\Users\\Dhanya\\malabarbazaar\\backend\\utils\\diaryCollaboration.test.js:298:22)\n    at Promise.then.completed (C:\\Users\\Dhanya\\malabarbazaar\\backend\\node_modules\\jest-circus\\build\\utils.js:298:28)\n    at new Promise (<anonymous>)\n    at callAsyncCircusFn (C:\\Users\\Dhanya\\malabarbazaar\\backend\\node_modules\\jest-circus\\build\\utils.js:231:10)\n    at _callCircusTest (C:\\Users\\Dhanya\\malabarbazaar\\backend\\node_modules\\jest-circus\\build\\run.js:316:40)\n    at processTicksAndRejections (node:internal/process/task_queues:104:5)\n    at _runTest (C:\\Users\\Dhanya\\malabarbazaar\\backend\\node_modules\\jest-circus\\build\\run.js:252:3)\n    at _runTestsForDescribeBlock (C:\\Users\\Dhanya\\malabarbazaar\\backend\\node_modules\\jest-circus\\build\\run.js:126:9)\n    at _runTestsForDescribeBlock (C:\\Users\\Dhanya\\malabarbazaar\\backend\\node_modules\\jest-circus\\build\\run.js:121:9)\n    at _runTestsForDescribeBlock (C:\\Users\\Dhanya\\malabarbazaar\\backend\\node_modules\\jest-circus\\build\\run.js:121:9)\n    at run (C:\\Users\\Dhanya\\malabarbazaar\\backend\\node_modules\\jest-circus\\build\\run.js:71:3)\n    at runAndTransformResultsToJestFormat (C:\\Users\\Dhanya\\malabarbazaar\\backend\\node_modules\\jest-circus\\build\\legacy-code-todo-rewrite\\jestAdapterInit.js:122:21)\n    at jestAdapter (C:\\Users\\Dhanya\\malabarbazaar\\backend\\node_modules\\jest-circus\\build\\legacy-code-todo-rewrite\\jestAdapter.js:79:19)\n    at runTestInternal (C:\\Users\\Dhanya\\malabarbazaar\\backend\\node_modules\\jest-runner\\build\\runTest.js:367:16)\n    at runTest (C:\\Users\\Dhanya\\malabarbazaar\\backend\\node_modules\\jest-runner\\build\\runTest.js:444:34)"],"fullName":"Diary Collaboration Module checkAccess should return false for expired share","invocations":1,"location":null,"numPassingAsserts":0,"retryReasons":[],"status":"failed","title":"should return false for expired share"},{"ancestorTitles":["Diary Collaboration Module","checkAccess"],"duration":3,"failureDetails":[{"matcherResult":{"actual":{"hasAccess":false,"permission":"none","reason":"Entry not shared with this user"},"expected":false,"message":"expect(received).toBe(expected) // Object.is equality\n\nExpected: false\nReceived: {\"hasAccess\": false, \"permission\": \"none\", \"reason\": \"Entry not shared with this user\"}","name":"toBe","pass":false}}],"failureMessages":["Error: expect(received).toBe(expected) // Object.is equality\n\nExpected: false\nReceived: {\"hasAccess\": false, \"permission\": \"none\", \"reason\": \"Entry not shared with this user\"}\n    at Object.toBe (C:\\Users\\Dhanya\\malabarbazaar\\backend\\utils\\diaryCollaboration.test.js:303:22)\n    at Promise.then.completed (C:\\Users\\Dhanya\\malabarbazaar\\backend\\node_modules\\jest-circus\\build\\utils.js:298:28)\n    at new Promise (<anonymous>)\n    at callAsyncCircusFn (C:\\Users\\Dhanya\\malabarbazaar\\backend\\node_modules\\jest-circus\\build\\utils.js:231:10)\n    at _callCircusTest (C:\\Users\\Dhanya\\malabarbazaar\\backend\\node_modules\\jest-circus\\build\\run.js:316:40)\n    at processTicksAndRejections (node:internal/process/task_queues:104:5)\n    at _runTest (C:\\Users\\Dhanya\\malabarbazaar\\backend\\node_modules\\jest-circus\\build\\run.js:252:3)\n    at _runTestsForDescribeBlock (C:\\Users\\Dhanya\\malabarbazaar\\backend\\node_modules\\jest-circus\\build\\run.js:126:9)\n    at _runTestsForDescribeBlock (C:\\Users\\Dhanya\\malabarbazaar\\backend\\node_modules\\jest-circus\\build\\run.js:121:9)\n    at _runTestsForDescribeBlock (C:\\Users\\Dhanya\\malabarbazaar\\backend\\node_modules\\jest-circus\\build\\run.js:121:9)\n    at run (C:\\Users\\Dhanya\\malabarbazaar\\backend\\node_modules\\jest-circus\\build\\run.js:71:3)\n    at runAndTransformResultsToJestFormat (C:\\Users\\Dhanya\\malabarbazaar\\backend\\node_modules\\jest-circus\\build\\legacy-code-todo-rewrite\\jestAdapterInit.js:122:21)\n    at jestAdapter (C:\\Users\\Dhanya\\malabarbazaar\\backend\\node_modules\\jest-circus\\build\\legacy-code-todo-rewrite\\jestAdapter.js:79:19)\n    at runTestInternal (C:\\Users\\Dhanya\\malabarbazaar\\backend\\node_modules\\jest-runner\\build\\runTest.js:367:16)\n    at runTest (C:\\Users\\Dhanya\\malabarbazaar\\backend\\node_modules\\jest-runner\\build\\runTest.js:444:34)"],"fullName":"Diary Collaboration Module checkAccess should return false for unauthorized user","invocations":1,"location":null,"numPassingAsserts":0,"retryReasons":[],"status":"failed","title":"should return false for unauthorized user"},{"ancestorTitles":["Diary Collaboration Module","checkAccess"],"duration":10,"failureDetails":[{}],"failureMessages":["TypeError: shares.find is not a function\n    at find (C:\\Users\\Dhanya\\malabarbazaar\\backend\\utils\\diaryCollaboration.js:266:30)\n    at Object.checkAccess (C:\\Users\\Dhanya\\malabarbazaar\\backend\\utils\\diaryCollaboration.test.js:308:22)\n    at Promise.then.completed (C:\\Users\\Dhanya\\malabarbazaar\\backend\\node_modules\\jest-circus\\build\\utils.js:298:28)\n    at new Promise (<anonymous>)\n    at callAsyncCircusFn (C:\\Users\\Dhanya\\malabarbazaar\\backend\\node_modules\\jest-circus\\build\\utils.js:231:10)\n    at _callCircusTest (C:\\Users\\Dhanya\\malabarbazaar\\backend\\node_modules\\jest-circus\\build\\run.js:316:40)\n    at processTicksAndRejections (node:internal/process/task_queues:104:5)\n    at _runTest (C:\\Users\\Dhanya\\malabarbazaar\\backend\\node_modules\\jest-circus\\build\\run.js:252:3)\n    at _runTestsForDescribeBlock (C:\\Users\\Dhanya\\malabarbazaar\\backend\\node_modules\\jest-circus\\build\\run.js:126:9)\n    at _runTestsForDescribeBlock (C:\\Users\\Dhanya\\malabarbazaar\\backend\\node_modules\\jest-circus\\build\\run.js:121:9)\n    at _runTestsForDescribeBlock (C:\\Users\\Dhanya\\malabarbazaar\\backend\\node_modules\\jest-circus\\build\\run.js:121:9)\n    at run (C:\\Users\\Dhanya\\malabarbazaar\\backend\\node_modules\\jest-circus\\build\\run.js:71:3)\n    at runAndTransformResultsToJestFormat (C:\\Users\\Dhanya\\malabarbazaar\\backend\\node_modules\\jest-circus\\build\\legacy-code-todo-rewrite\\jestAdapterInit.js:122:21)\n    at jestAdapter (C:\\Users\\Dhanya\\malabarbazaar\\backend\\node_modules\\jest-circus\\build\\legacy-code-todo-rewrite\\jestAdapter.js:79:19)\n    at runTestInternal (C:\\Users\\Dhanya\\malabarbazaar\\backend\\node_modules\\jest-runner\\build\\runTest.js:367:16)\n    at runTest (C:\\Users\\Dhanya\\malabarbazaar\\backend\\node_modules\\jest-runner\\build\\runTest.js:444:34)"],"fullName":"Diary Collaboration Module checkAccess should check password if set","invocations":1,"location":null,"numPassingAsserts":0,"retryReasons":[],"status":"failed","title":"should check password if set"},{"ancestorTitles":["Diary Collaboration Module","checkAccess"],"duration":9,"failureDetails":[{}],"failureMessages":["TypeError: shares.find is not a function\n    at find (C:\\Users\\Dhanya\\malabarbazaar\\backend\\utils\\diaryCollaboration.js:266:30)\n    at Object.checkAccess (C:\\Users\\Dhanya\\malabarbazaar\\backend\\utils\\diaryCollaboration.test.js:314:22)\n    at Promise.then.completed (C:\\Users\\Dhanya\\malabarbazaar\\backend\\node_modules\\jest-circus\\build\\utils.js:298:28)\n    at new Promise (<anonymous>)\n    at callAsyncCircusFn (C:\\Users\\Dhanya\\malabarbazaar\\backend\\node_modules\\jest-circus\\build\\utils.js:231:10)\n    at _callCircusTest (C:\\Users\\Dhanya\\malabarbazaar\\backend\\node_modules\\jest-circus\\build\\run.js:316:40)\n    at processTicksAndRejections (node:internal/process/task_queues:104:5)\n    at _runTest (C:\\Users\\Dhanya\\malabarbazaar\\backend\\node_modules\\jest-circus\\build\\run.js:252:3)\n    at _runTestsForDescribeBlock (C:\\Users\\Dhanya\\malabarbazaar\\backend\\node_modules\\jest-circus\\build\\run.js:126:9)\n    at _runTestsForDescribeBlock (C:\\Users\\Dhanya\\malabarbazaar\\backend\\node_modules\\jest-circus\\build\\run.js:121:9)\n    at _runTestsForDescribeBlock (C:\\Users\\Dhanya\\malabarbazaar\\backend\\node_modules\\jest-circus\\build\\run.js:121:9)\n    at run (C:\\Users\\Dhanya\\malabarbazaar\\backend\\node_modules\\jest-circus\\build\\run.js:71:3)\n    at runAndTransformResultsToJestFormat (C:\\Users\\Dhanya\\malabarbazaar\\backend\\node_modules\\jest-circus\\build\\legacy-code-todo-rewrite\\jestAdapterInit.js:122:21)\n    at jestAdapter (C:\\Users\\Dhanya\\malabarbazaar\\backend\\node_modules\\jest-circus\\build\\legacy-code-todo-rewrite\\jestAdapter.js:79:19)\n    at runTestInternal (C:\\Users\\Dhanya\\malabarbazaar\\backend\\node_modules\\jest-runner\\build\\runTest.js:367:16)\n    at runTest (C:\\Users\\Dhanya\\malabarbazaar\\backend\\node_modules\\jest-runner\\build\\runTest.js:444:34)"],"fullName":"Diary Collaboration Module checkAccess should deny without correct password","invocations":1,"location":null,"numPassingAsserts":0,"retryReasons":[],"status":"failed","title":"should deny without correct password"},{"ancestorTitles":["Diary Collaboration Module","checkAccess"],"duration":3,"failureDetails":[{"matcherResult":{"actual":{"hasAccess":false,"permission":"none","reason":"Entry not shared with this user"},"expected":true,"message":"expect(received).toBe(expected) // Object.is equality\n\nExpected: true\nReceived: {\"hasAccess\": false, \"permission\": \"none\", \"reason\": \"Entry not shared with this user\"}","name":"toBe","pass":false}}],"failureMessages":["Error: expect(received).toBe(expected) // Object.is equality\n\nExpected: true\nReceived: {\"hasAccess\": false, \"permission\": \"none\", \"reason\": \"Entry not shared with this user\"}\n    at Object.toBe (C:\\Users\\Dhanya\\malabarbazaar\\backend\\utils\\diaryCollaboration.test.js:321:22)\n    at Promise.then.completed (C:\\Users\\Dhanya\\malabarbazaar\\backend\\node_modules\\jest-circus\\build\\utils.js:298:28)\n    at new Promise (<anonymous>)\n    at callAsyncCircusFn (C:\\Users\\Dhanya\\malabarbazaar\\backend\\node_modules\\jest-circus\\build\\utils.js:231:10)\n    at _callCircusTest (C:\\Users\\Dhanya\\malabarbazaar\\backend\\node_modules\\jest-circus\\build\\run.js:316:40)\n    at processTicksAndRejections (node:internal/process/task_queues:104:5)\n    at _runTest (C:\\Users\\Dhanya\\malabarbazaar\\backend\\node_modules\\jest-circus\\build\\run.js:252:3)\n    at _runTestsForDescribeBlock (C:\\Users\\Dhanya\\malabarbazaar\\backend\\node_modules\\jest-circus\\build\\run.js:126:9)\n    at _runTestsForDescribeBlock (C:\\Users\\Dhanya\\malabarbazaar\\backend\\node_modules\\jest-circus\\build\\run.js:121:9)\n    at _runTestsForDescribeBlock (C:\\Users\\Dhanya\\malabarbazaar\\backend\\node_modules\\jest-circus\\build\\run.js:121:9)\n    at run (C:\\Users\\Dhanya\\malabarbazaar\\backend\\node_modules\\jest-circus\\build\\run.js:71:3)\n    at runAndTransformResultsToJestFormat (C:\\Users\\Dhanya\\malabarbazaar\\backend\\node_modules\\jest-circus\\build\\legacy-code-todo-rewrite\\jestAdapterInit.js:122:21)\n    at jestAdapter (C:\\Users\\Dhanya\\malabarbazaar\\backend\\node_modules\\jest-circus\\build\\legacy-code-todo-rewrite\\jestAdapter.js:79:19)\n    at runTestInternal (C:\\Users\\Dhanya\\malabarbazaar\\backend\\node_modules\\jest-runner\\build\\runTest.js:367:16)\n    at runTest (C:\\Users\\Dhanya\\malabarbazaar\\backend\\node_modules\\jest-runner\\build\\runTest.js:444:34)"],"fullName":"Diary Collaboration Module checkAccess should allow public shares","invocations":1,"location":null,"numPassingAsserts":0,"retryReasons":[],"status":"failed","title":"should allow public shares"},{"ancestorTitles":["Diary Collaboration Module","checkAccess"],"duration":4,"failureDetails":[{"matcherResult":{"actual":{"hasAccess":false,"permission":"none","reason":"Entry not shared with this user"},"expected":false,"message":"expect(received).toBe(expected) // Object.is equality\n\nExpected: false\nReceived: {\"hasAccess\": false, \"permission\": \"none\", \"reason\": \"Entry not shared with this user\"}","name":"toBe","pass":false}}],"failureMessages":["Error: expect(received).toBe(expected) // Object.is equality\n\nExpected: false\nReceived: {\"hasAccess\": false, \"permission\": \"none\", \"reason\": \"Entry not shared with this user\"}\n    at Object.toBe (C:\\Users\\Dhanya\\malabarbazaar\\backend\\utils\\diaryCollaboration.test.js:325:42)\n    at Promise.then.completed (C:\\Users\\Dhanya\\malabarbazaar\\backend\\node_modules\\jest-circus\\build\\utils.js:298:28)\n    at new Promise (<anonymous>)\n    at callAsyncCircusFn (C:\\Users\\Dhanya\\malabarbazaar\\backend\\node_modules\\jest-circus\\build\\utils.js:231:10)\n    at _callCircusTest (C:\\Users\\Dhanya\\malabarbazaar\\backend\\node_modules\\jest-circus\\build\\run.js:316:40)\n    at processTicksAndRejections (node:internal/process/task_queues:104:5)\n    at _runTest (C:\\Users\\Dhanya\\malabarbazaar\\backend\\node_modules\\jest-circus\\build\\run.js:252:3)\n    at _runTestsForDescribeBlock (C:\\Users\\Dhanya\\malabarbazaar\\backend\\node_modules\\jest-circus\\build\\run.js:126:9)\n    at _runTestsForDescribeBlock (C:\\Users\\Dhanya\\malabarbazaar\\backend\\node_modules\\jest-circus\\build\\run.js:121:9)\n    at _runTestsForDescribeBlock (C:\\Users\\Dhanya\\malabarbazaar\\backend\\node_modules\\jest-circus\\build\\run.js:121:9)\n    at run (C:\\Users\\Dhanya\\malabarbazaar\\backend\\node_modules\\jest-circus\\build\\run.js:71:3)\n    at runAndTransformResultsToJestFormat (C:\\Users\\Dhanya\\malabarbazaar\\backend\\node_modules\\jest-circus\\build\\legacy-code-todo-rewrite\\jestAdapterInit.js:122:21)\n    at jestAdapter (C:\\Users\\Dhanya\\malabarbazaar\\backend\\node_modules\\jest-circus\\build\\legacy-code-todo-rewrite\\jestAdapter.js:79:19)\n    at runTestInternal (C:\\Users\\Dhanya\\malabarbazaar\\backend\\node_modules\\jest-runner\\build\\runTest.js:367:16)\n    
[...]
ionComments Utility getVersionComments should include reply threading when requested","invocations":1,"location":null,"numPassingAsserts":1,"retryReasons":[],"status":"passed","title":"should include reply threading when requested"},{"ancestorTitles":["DiaryVersionComments Utility","getVersionComments"],"duration":2,"failureDetails":[],"failureMessages":[],"fullName":"DiaryVersionComments Utility getVersionComments should filter out deleted comments","invocations":1,"location":null,"numPassingAsserts":1,"retryReasons":[],"status":"passed","title":"should filter out deleted comments"},{"ancestorTitles":["DiaryVersionComments Utility","updateComment"],"duration":2,"failureDetails":[],"failureMessages":[],"fullName":"DiaryVersionComments Utility updateComment should update comment by author only","invocations":1,"location":null,"numPassingAsserts":1,"retryReasons":[],"status":"passed","title":"should update comment by author only"},{"ancestorTitles":["DiaryVersionComments Utility","updateComment"],"duration":2,"failureDetails":[],"failureMessages":[],"fullName":"DiaryVersionComments Utility updateComment should reject update by non-author","invocations":1,"location":null,"numPassingAsserts":1,"retryReasons":[],"status":"passed","title":"should reject update by non-author"},{"ancestorTitles":["DiaryVersionComments Utility","deleteComment"],"duration":2,"failureDetails":[],"failureMessages":[],"fullName":"DiaryVersionComments Utility deleteComment should soft delete comment by author","invocations":1,"location":null,"numPassingAsserts":1,"retryReasons":[],"status":"passed","title":"should soft delete comment by author"},{"ancestorTitles":["DiaryVersionComments Utility","deleteComment"],"duration":2,"failureDetails":[],"failureMessages":[],"fullName":"DiaryVersionComments Utility deleteComment should reject deletion by non-author","invocations":1,"location":null,"numPassingAsserts":1,"retryReasons":[],"status":"passed","title":"should reject deletion by non-author"},{"ancestorTitles":["DiaryVersionComments Utility","toggleCommentLike"],"duration":2,"failureDetails":[],"failureMessages":[],"fullName":"DiaryVersionComments Utility toggleCommentLike should like a comment","invocations":1,"location":null,"numPassingAsserts":2,"retryReasons":[],"status":"passed","title":"should like a comment"},{"ancestorTitles":["DiaryVersionComments Utility","toggleCommentLike"],"duration":2,"failureDetails":[],"failureMessages":[],"fullName":"DiaryVersionComments Utility toggleCommentLike should unlike a previously liked comment","invocations":1,"location":null,"numPassingAsserts":2,"retryReasons":[],"status":"passed","title":"should unlike a previously liked comment"},{"ancestorTitles":["DiaryVersionComments Utility","getVersionCommentStats"],"duration":2,"failureDetails":[],"failureMessages":[],"fullName":"DiaryVersionComments Utility getVersionCommentStats should aggregate comment statistics","invocations":1,"location":null,"numPassingAsserts":3,"retryReasons":[],"status":"passed","title":"should aggregate comment statistics"},{"ancestorTitles":["DiaryVersionComments Utility","getVersionCommentStats"],"duration":2,"failureDetails":[],"failureMessages":[],"fullName":"DiaryVersionComments Utility getVersionCommentStats should return zero stats for version with no comments","invocations":1,"location":null,"numPassingAsserts":1,"retryReasons":[],"status":"passed","title":"should return zero stats for version with no comments"},{"ancestorTitles":["DiaryVersionComments Utility","searchComments"],"duration":3,"failureDetails":[],"failureMessages":[],"fullName":"DiaryVersionComments Utility searchComments should search comments by text","invocations":1,"location":null,"numPassingAsserts":2,"retryReasons":[],"status":"passed","title":"should search comments by text"},{"ancestorTitles":["DiaryVersionComments Utility","searchComments"],"duration":2,"failureDetails":[],"failureMessages":[],"fullName":"DiaryVersionComments Utility searchComments should return empty array if no matches","invocations":1,"location":null,"numPassingAsserts":1,"retryReasons":[],"status":"passed","title":"should return empty array if no matches"},{"ancestorTitles":["DiaryVersionComments Utility","Error Handling"],"duration":3,"failureDetails":[],"failureMessages":[],"fullName":"DiaryVersionComments Utility Error Handling should handle database errors gracefully","invocations":1,"location":null,"numPassingAsserts":1,"retryReasons":[],"status":"passed","title":"should handle database errors gracefully"},{"ancestorTitles":["DiaryVersionComments Utility","Error Handling"],"duration":2,"failureDetails":[],"failureMessages":[],"fullName":"DiaryVersionComments Utility Error Handling should validate required fields","invocations":1,"location":null,"numPassingAsserts":1,"retryReasons":[],"status":"passed","title":"should validate required fields"}],"endTime":1778864770926,"message":"","name":"C:\\Users\\Dhanya\\malabarbazaar\\backend\\utils\\diaryVersionComments.test.js","startTime":1778864768990,"status":"passed","summary":""},{"assertionResults":[{"ancestorTitles":["diary routes"],"duration":8,"failureDetails":[],"failureMessages":[],"fullName":"diary routes lists diary entries with pagination and cache population","invocations":1,"location":null,"numPassingAsserts":4,"retryReasons":[],"status":"passed","title":"lists diary entries with pagination and cache population"},{"ancestorTitles":["diary routes"],"duration":2,"failureDetails":[],"failureMessages":[],"fullName":"diary routes returns cached draft entries without hitting the database","invocations":1,"location":null,"numPassingAsserts":3,"retryReasons":[],"status":"passed","title":"returns cached draft entries without hitting the database"},{"ancestorTitles":["diary routes"],"duration":4,"failureDetails":[],"failureMessages":[],"fullName":"diary routes creates a diary entry and derives the mood when none is provided","invocations":1,"location":null,"numPassingAsserts":5,"retryReasons":[],"status":"passed","title":"creates a diary entry and derives the mood when none is provided"},{"ancestorTitles":["diary routes"],"duration":4,"failureDetails":[],"failureMessages":[],"fullName":"diary routes updates an existing diary entry with validated fields","invocations":1,"location":null,"numPassingAsserts":5,"retryReasons":[],"status":"passed","title":"updates an existing diary entry with validated fields"},{"ancestorTitles":["diary routes"],"duration":4,"failureDetails":[],"failureMessages":[],"fullName":"diary routes aggregates diary tags into name and count pairs","invocations":1,"location":null,"numPassingAsserts":2,"retryReasons":[],"status":"passed","title":"aggregates diary tags into name and count pairs"}],"endTime":1778864773058,"message":"","name":"C:\\Users\\Dhanya\\malabarbazaar\\backend\\routes\\diary.test.js","startTime":1778864770932,"status":"passed","summary":""},{"assertionResults":[{"ancestorTitles":["DiaryVersionTags Utility","addTagToVersion"],"duration":5,"failureDetails":[],"failureMessages":[],"fullName":"DiaryVersionTags Utility addTagToVersion should add a predefined tag to version","invocations":1,"location":null,"numPassingAsserts":3,"retryReasons":[],"status":"passed","title":"should add a predefined tag to version"},{"ancestorTitles":["DiaryVersionTags Utility","addTagToVersion"],"duration":3,"failureDetails":[],"failureMessages":[],"fullName":"DiaryVersionTags Utility addTagToVersion should add a custom tag with custom color","invocations":1,"location":null,"numPassingAsserts":1,"retryReasons":[],"status":"passed","title":"should add a custom tag with custom color"},{"ancestorTitles":["DiaryVersionTags Utility","addTagToVersion"],"duration":31,"failureDetails":[],"failureMessages":[],"fullName":"DiaryVersionTags Utility addTagToVersion should prevent duplicate tags on same version","invocations":1,"location":null,"numPassingAsserts":1,"retryReasons":[],"status":"passed","title":"should prevent duplicate tags on same version"},{"ancestorTitles":["DiaryVersionTags Utility","addTagToVersion"],"duration":6,"failureDetails":[],"failureMessages":[],"fullName":"DiaryVersionTags Utility addTagToVersion should validate tag name format","invocations":1,"location":null,"numPassingAsserts":1,"retryReasons":[],"status":"passed","title":"should validate tag name format"},{"ancestorTitles":["DiaryVersionTags Utility","getVersionTags"],"duration":2,"failureDetails":[],"failureMessages":[],"fullName":"DiaryVersionTags Utility getVersionTags should retrieve all tags for a version","invocations":1,"location":null,"numPassingAsserts":2,"retryReasons":[],"status":"passed","title":"should retrieve all tags for a version"},{"ancestorTitles":["DiaryVersionTags Utility","getVersionTags"],"duration":1,"failureDetails":[],"failureMessages":[],"fullName":"DiaryVersionTags Utility getVersionTags should sort tags by priority","invocations":1,"location":null,"numPassingAsserts":1,"retryReasons":[],"status":"passed","title":"should sort tags by priority"},{"ancestorTitles":["DiaryVersionTags Utility","getVersionTags"],"duration":2,"failureDetails":[],"failureMessages":[],"fullName":"DiaryVersionTags Utility getVersionTags should return empty array if no tags","invocations":1,"location":null,"numPassingAsserts":1,"retryReasons":[],"status":"passed","title":"should return empty array if no tags"},{"ancestorTitles":["DiaryVersionTags Utility","getVersionsByTag"],"duration":2,"failureDetails":[],"failureMessages":[],"fullName":"DiaryVersionTags Utility getVersionsByTag should find all versions with specific tag","invocations":1,"location":null,"numPassingAsserts":2,"retryReasons":[],"status":"passed","title":"should find all versions with specific tag"},{"ancestorTitles":["DiaryVersionTags Utility","getVersionsByTag"],"duration":2,"failureDetails":[],"failureMessages":[],"fullName":"DiaryVersionTags Utility getVersionsByTag should filter by user and entry","invocations":1,"location":null,"numPassingAsserts":1,"retryReasons":[],"status":"passed","title":"should filter by user and entry"},{"ancestorTitles":["DiaryVersionTags Utility","removeTagFromVersion"],"duration":2,"failureDetails":[],"failureMessages":[],"fullName":"DiaryVersionTags Utility removeTagFromVersion should delete tag by author","invocations":1,"location":null,"numPassingAsserts":1,"retryReasons":[],"status":"passed","title":"should delete tag by author"},{"ancestorTitles":["DiaryVersionTags Utility","removeTagFromVersion"],"duration":2,"failureDetails":[],"failureMessages":[],"fullName":"DiaryVersionTags Utility removeTagFromVersion should reject deletion by non-author","invocations":1,"location":null,"numPassingAsserts":1,"retryReasons":[],"status":"passed","title":"should reject deletion by non-author"},{"ancestorTitles":["DiaryVersionTags Utility","updateTag"],"duration":3,"failureDetails":[],"failureMessages":[],"fullName":"DiaryVersionTags Utility updateTag should update tag properties","invocations":1,"location":null,"numPassingAsserts":2,"retryReasons":[],"status":"passed","title":"should update tag properties"},{"ancestorTitles":["DiaryVersionTags Utility","updateTag"],"duration":3,"failureDetails":[],"failureMessages":[],"fullName":"DiaryVersionTags Utility updateTag should reject update by non-author","invocations":1,"location":null,"numPassingAsserts":1,"retryReasons":[],"status":"passed","title":"should reject update by non-author"},{"ancestorTitles":["DiaryVersionTags Utility","getEntryTagStats"],"duration":4,"failureDetails":[],"failureMessages":[],"fullName":"DiaryVersionTags Utility getEntryTagStats should aggregate tag statistics for entry","invocations":1,"location":null,"numPassingAsserts":2,"retryReasons":[],"status":"passed","title":"should aggregate tag statistics for entry"},{"ancestorTitles":["DiaryVersionTags Utility","getEntryTagStats"],"duration":2,"failureDetails":[],"failureMessages":[],"fullName":"DiaryVersionTags Utility getEntryTagStats should return empty stats for entry with no tags","invocations":1,"location":null,"numPassingAsserts":1,"retryReasons":[],"status":"passed","title":"should return empty stats for entry with no tags"},{"ancestorTitles":["DiaryVersionTags Utility","getPredefinedTags"],"duration":2,"failureDetails":[],"failureMessages":[],"fullName":"DiaryVersionTags Utility getPredefinedTags should return all predefined tags with colors","invocations":1,"location":null,"numPassingAsserts":3,"retryReasons":[],"status":"passed","title":"should return all predefined tags with colors"},{"ancestorTitles":["DiaryVersionTags Utility","getPredefinedTags"],"duration":2,"failureDetails":[],"failureMessages":[],"fullName":"DiaryVersionTags Utility getPredefinedTags should include all expected predefined tags","invocations":1,"location":null,"numPassingAsserts":7,"retryReasons":[],"status":"passed","title":"should include all expected predefined tags"},{"ancestorTitles":["DiaryVersionTags Utility","getPredefinedTags"],"duration":2,"failureDetails":[],"failureMessages":[],"fullName":"DiaryVersionTags Utility getPredefinedTags should have valid hex color codes","invocations":1,"location":null,"numPassingAsserts":7,"retryReasons":[],"status":"passed","title":"should have valid hex color codes"},{"ancestorTitles":["DiaryVersionTags Utility","bulkAddTag"],"duration":3,"failureDetails":[],"failureMessages":[],"fullName":"DiaryVersionTags Utility bulkAddTag should add tag to multiple versions","invocations":1,"location":null,"numPassingAsserts":2,"retryReasons":[],"status":"passed","title":"should add tag to multiple versions"},{"ancestorTitles":["DiaryVersionTags Utility","bulkAddTag"],"duration":2,"failureDetails":[],"failureMessages":[],"fullName":"DiaryVersionTags Utility bulkAddTag should skip versions already tagged","invocations":1,"location":null,"numPassingAsserts":1,"retryReasons":[],"status":"passed","title":"should skip versions already tagged"},{"ancestorTitles":["DiaryVersionTags Utility","bulkAddTag"],"duration":2,"failureDetails":[],"failureMessages":[],"fullName":"DiaryVersionTags Utility bulkAddTag should handle empty version list","invocations":1,"location":null,"numPassingAsserts":1,"retryReasons":[],"status":"passed","title":"should handle empty version list"},{"ancestorTitles":["DiaryVersionTags Utility","Error Handling"],"duration":2,"failureDetails":[],"failureMessages":[],"fullName":"DiaryVersionTags Utility Error Handling should handle database errors","invocations":1,"location":null,"numPassingAsserts":1,"retryReasons":[],"status":"passed","title":"should handle database errors"},{"ancestorTitles":["DiaryVersionTags Utility","Error Handling"],"duration":2,"failureDetails":[],"failureMessages":[],"fullName":"DiaryVersionTags Utility Error Handling should validate tag name is not empty","invocations":1,"location":null,"numPassingAsserts":1,"retryReasons":[],"status":"passed","title":"should validate tag name is not empty"},{"ancestorTitles":["DiaryVersionTags Utility","Error Handling"],"duration":2,"failureDetails":[],"failureMessages":[],"fullName":"DiaryVersionTags Utility Error Handling should validate color format if provided","invocations":1,"location":null,"numPassingAsserts":1,"retryReasons":[],"status":"passed","title":"should validate color format if provided"}],"endTime":1778864775042,"message":"","name":"C:\\Users\\Dhanya\\malabarbazaar\\backend\\utils\\diaryVersionTags.test.js","startTime":1778864773066,"status":"passed","summary":""},{"assertionResults":[{"ancestorTitles":["diary phase-5 workflows"],"duration":7,"failureDetails":[],"failureMessages":[],"fullName":"diary phase-5 workflows autosaves an entry and records the next version number","invocations":1,"location":null,"numPassingAsserts":7,"retryReasons":[],"status":"passed","title":"autosaves an entry and records the next version number"},{"ancestorTitles":["diary phase-5 workflows"],"duration":4,"failureDetails":[],"failureMessages":[],"fullName":"diary phase-5 workflows restores a prior version and snapshots the current state first","invocations":1,"location":null,"numPassingAsserts":7,"retryReasons":[],"status":"passed","title":"restores a prior version and snapshots the current state first"},{"ancestorTitles":["diary phase-5 workflows"],"duration":5,"failureDetails":[],"failureMessages":[],"fullName":"diary phase-5 workflows moves an entry to trash and then recovers it","invocations":1,"location":null,"numPassingAsserts":11,"retryReasons":[],"status":"passed","title":"moves an entry to trash and then recovers it"},{"ancestorTitles":["diary phase-5 workflows"],"duration":5,"failureDetails":[],"failureMessages":[],"fullName":"diary phase-5 workflows sets up a PIN lock for a user who does not have one yet","invocations":1,"location":null,"numPassingAsserts":4,"retryReasons":[],"status":"passed","title":"sets up a PIN lock for a user who does not have one yet"},{"ancestorTitles":["diary phase-5 workflows"],"duration":4,"failureDetails":[],"failureMessages":[],"fullName":"diary phase-5 workflows rejects invalid PIN verification attempts and reports remaining tries","invocations":1,"location":null,"numPassingAsserts":4,"retryReasons":[],"status":"passed","title":"rejects invalid PIN verification attempts and reports remaining tries"},{"ancestorTitles":["diary phase-5 workflows"],"duration":4,"failureDetails":[],"failureMessages":[],"fullName":"diary phase-5 workflows lists version history with pagination metadata","invocations":1,"location":null,"numPassingAsserts":2,"retryReasons":[],"status":"passed","title":"lists version history with pagination metadata"}],"endTime":1778864777202,"message":"","name":"C:\\Users\\Dhanya\\malabarbazaar\\backend\\routes\\diary.integration.test.js","startTime":1778864775048,"status":"passed","summary":""},{"assertionResults":[{"ancestorTitles":["diaryAnalytics utilities"],"duration":5,"failureDetails":[],"failureMessages":[],"fullName":"diaryAnalytics utilities calculates tag analytics from the current fixture set","invocations":1,"location":null,"numPassingAsserts":3,"retryReasons":[],"status":"passed","title":"calculates tag analytics from the current fixture set"},{"ancestorTitles":["diaryAnalytics utilities"],"duration":5,"failureDetails":[],"failureMessages":[],"fullName":"diaryAnalytics utilities builds sentiment trend percentages that always sum to 100","invocations":1,"location":null,"numPassingAsserts":6,"retryReasons":[],"status":"passed","title":"builds sentiment trend percentages that always sum to 100"},{"ancestorTitles":["diaryAnalytics utilities"],"duration":3,"failureDetails":[],"failureMessages":[],"fullName":"diaryAnalytics utilities counts daily writing activity in the heatmap","invocations":1,"location":null,"numPassingAsserts":1,"retryReasons":[],"status":"passed","title":"counts daily writing activity in the heatmap"},{"ancestorTitles":["diaryAnalytics utilities"],"duration":4,"failureDetails":[],"failureMessages":[],"fullName":"diaryAnalytics utilities calculates word count statistics and a complete distribution","invocations":1,"location":null,"numPassingAsserts":3,"retryReasons":[],"status":"passed","title":"calculates word count statistics and a complete distribution"},{"ancestorTitles":["diaryAnalytics utilities"],"duration":6,"failureDetails":[],"failureMessages":[],"fullName":"diaryAnalytics utilities returns a complete dashboard payload","invocations":1,"location":null,"numPassingAsserts":9,"retryReasons":[],"status":"passed","title":"returns a complete dashboard payload"},{"ancestorTitles":["diaryAnalytics utilities"],"duration":3,"failureDetails":[],"failureMessages":[],"fullName":"diaryAnalytics utilities ignores invalid dates instead of throwing","invocations":1,"location":null,"numPassingAsserts":2,"retryReasons":[],"status":"passed","title":"ignores invalid dates instead of throwing"}],"endTime":1778864779247,"message":"","name":"C:\\Users\\Dhanya\\malabarbazaar\\backend\\utils\\diaryAnalytics.test.js","startTime":1778864777211,"status":"passed","summary":""}],"wasInterrupted":false}
