{"numFailedTestSuites":1,"numFailedTests":92,"numPassedTestSuites":0,"numPassedTests":0,"numPendingTestSuites":0,"numPendingTests":0,"numRuntimeErrorTestSuites":0,"numTodoTests":0,"numTotalTestSuites":1,"numTotalTests":92,"openHandles":[],"snapshot":{"added":0,"didUpdate":false,"failure":false,"filesAdded":0,"filesRemoved":0,"filesRemovedList":[],"filesUnmatched":0,"filesUpdated":0,"matched":0,"total":0,"unchecked":0,"uncheckedKeysByFile":[],"unmatched":0,"updated":0},"startTime":1778723567461,"success":false,"testResults":[{"assertionResults":[{"ancestorTitles":["Diary Phase 7 API Integration Tests","GET /api/diary/phase7/recommendations"],"duration":10008,"failureDetails":[{"message":"thrown: \"Exceeded timeout of 60000 ms for a hook.\nAdd a timeout value to this test to increase the timeout, if this is a long-running test. See https://jestjs.io/docs/api#testname-fn-timeout.\""},{"errors":{"username":{"properties":{"message":"Path `username` is required.","type":"required","path":"username"},"kind":"required","path":"username"}},"_message":"User validation failed"},{}],"failureMessages":["Error: thrown: \"Exceeded timeout of 60000 ms for a hook.\nAdd a timeout value to this test to increase the timeout, if this is a long-running test. See https://jestjs.io/docs/api#testname-fn-timeout.\"\n    at Object.beforeAll (C:\\Users\\Dhanya\\malabarbazaar\\backend\\tests\\setup.js:7:1)\n    at Runtime._execModule (C:\\Users\\Dhanya\\malabarbazaar\\backend\\node_modules\\jest-runtime\\build\\index.js:1439:24)\n    at Runtime._loadModule (C:\\Users\\Dhanya\\malabarbazaar\\backend\\node_modules\\jest-runtime\\build\\index.js:1022:12)\n    at Runtime.requireModule (C:\\Users\\Dhanya\\malabarbazaar\\backend\\node_modules\\jest-runtime\\build\\index.js:882:12)\n    at jestAdapter (C:\\Users\\Dhanya\\malabarbazaar\\backend\\node_modules\\jest-circus\\build\\legacy-code-todo-rewrite\\jestAdapter.js:70:15)\n    at runTestInternal (C:\\Users\\Dhanya\\malabarbazaar\\backend\\node_modules\\jest-runner\\build\\runTest.js:367:16)\n    at runTest (C:\\Users\\Dhanya\\malabarbazaar\\backend\\node_modules\\jest-runner\\build\\runTest.js:444:34)","ValidationError: User validation failed: username: Path `username` is required.\n    at model.Object.<anonymous>.Document.invalidate (C:\\Users\\Dhanya\\malabarbazaar\\backend\\node_modules\\mongoose\\lib\\document.js:3381:32)\n    at C:\\Users\\Dhanya\\malabarbazaar\\backend\\node_modules\\mongoose\\lib\\document.js:3142:17\n    at C:\\Users\\Dhanya\\malabarbazaar\\backend\\node_modules\\mongoose\\lib\\schemaType.js:1446:9\n    at processTicksAndRejections (node:internal/process/task_queues:85:11)","MongooseError: Operation `classifiedads.deleteMany()` buffering timed out after 10000ms\n    at Timeout.<anonymous> (C:\\Users\\Dhanya\\malabarbazaar\\backend\\node_modules\\mongoose\\lib\\drivers\\node-mongodb-native\\collection.js:187:23)\n    at listOnTimeout (node:internal/timers:605:17)\n    at processTimers (node:internal/timers:541:7)"],"fullName":"Diary Phase 7 API Integration Tests GET /api/diary/phase7/recommendations should return recommendations with valid auth","invocations":1,"location":null,"numPassingAsserts":0,"retryReasons":[],"status":"failed","title":"should return recommendations with valid auth"},{"ancestorTitles":["Diary Phase 7 API Integration Tests","GET /api/diary/phase7/recommendations"],"duration":10018,"failureDetails":[{"message":"thrown: \"Exceeded timeout of 60000 ms for a hook.\nAdd a timeout value to this test to increase the timeout, if this is a long-running test. See https://jestjs.io/docs/api#testname-fn-timeout.\""},{"errors":{"username":{"properties":{"message":"Path `username` is required.","type":"required","path":"username"},"kind":"required","path":"username"}},"_message":"User validation failed"},{}],"failureMessages":["Error: thrown: \"Exceeded timeout of 60000 ms for a hook.\nAdd a timeout value to this test to increase the timeout, if this is a long-running test. See https://jestjs.io/docs/api#testname-fn-timeout.\"\n    at Object.beforeAll (C:\\Users\\Dhanya\\malabarbazaar\\backend\\tests\\setup.js:7:1)\n    at Runtime._execModule (C:\\Users\\Dhanya\\malabarbazaar\\backend\\node_modules\\jest-runtime\\build\\index.js:1439:24)\n    at Runtime._loadModule (C:\\Users\\Dhanya\\malabarbazaar\\backend\\node_modules\\jest-runtime\\build\\index.js:1022:12)\n    at Runtime.requireModule (C:\\Users\\Dhanya\\malabarbazaar\\backend\\node_modules\\jest-runtime\\build\\index.js:882:12)\n    at jestAdapter (C:\\Users\\Dhanya\\malabarbazaar\\backend\\node_modules\\jest-circus\\build\\legacy-code-todo-rewrite\\jestAdapter.js:70:15)\n    at runTestInternal (C:\\Users\\Dhanya\\malabarbazaar\\backend\\node_modules\\jest-runner\\build\\runTest.js:367:16)\n    at runTest (C:\\Users\\Dhanya\\malabarbazaar\\backend\\node_modules\\jest-runner\\build\\runTest.js:444:34)","ValidationError: User validation failed: username: Path `username` is required.\n    at model.Object.<anonymous>.Document.invalidate (C:\\Users\\Dhanya\\malabarbazaar\\backend\\node_modules\\mongoose\\lib\\document.js:3381:32)\n    at C:\\Users\\Dhanya\\malabarbazaar\\backend\\node_modules\\mongoose\\lib\\document.js:3142:17\n    at C:\\Users\\Dhanya\\malabarbazaar\\backend\\node_modules\\mongoose\\lib\\schemaType.js:1446:9\n    at processTicksAndRejections (node:internal/process/task_queues:85:11)","MongooseError: Operation `classifiedads.deleteMany()` buffering timed out after 10000ms\n    at Timeout.<anonymous> (C:\\Users\\Dhanya\\malabarbazaar\\backend\\node_modules\\mongoose\\lib\\drivers\\node-mongodb-native\\collection.js:187:23)\n    at listOnTimeout (node:internal/timers:605:17)\n    at processTimers (node:internal/timers:541:7)"],"fullName":"Diary Phase 7 API Integration Tests GET /api/diary/phase7/recommendations should reject request without authentication","invocations":1,"location":null,"numPassingAsserts":0,"retryReasons":[],"status":"failed","title":"should reject request without authentication"},{"ancestorTitles":["Diary Phase 7 API Integration Tests","GET /api/diary/phase7/recommendations"],"duration":10012,"failureDetails":[{"message":"thrown: \"Exceeded timeout of 60000 ms for a hook.\nAdd a timeout value to this test to increase the timeout, if this is a long-running test. See https://jestjs.io/docs/api#testname-fn-timeout.\""},{"errors":{"username":{"properties":{"message":"Path `username` is required.","type":"required","path":"username"},"kind":"required","path":"username"}},"_message":"User validation failed"},{}],"failureMessages":["Error: thrown: \"Exceeded timeout of 60000 ms for a hook.\nAdd a timeout value to this test to increase the timeout, if this is a long-running test. See https://jestjs.io/docs/api#testname-fn-timeout.\"\n    at Object.beforeAll (C:\\Users\\Dhanya\\malabarbazaar\\backend\\tests\\setup.js:7:1)\n    at Runtime._execModule (C:\\Users\\Dhanya\\malabarbazaar\\backend\\node_modules\\jest-runtime\\build\\index.js:1439:24)\n    at Runtime._loadModule (C:\\Users\\Dhanya\\malabarbazaar\\backend\\node_modules\\jest-runtime\\build\\index.js:1022:12)\n    at Runtime.requireModule (C:\\Users\\Dhanya\\malabarbazaar\\backend\\node_modules\\jest-runtime\\build\\index.js:882:12)\n    at jestAdapter (C:\\Users\\Dhanya\\malabarbazaar\\backend\\node_modules\\jest-circus\\build\\legacy-code-todo-rewrite\\jestAdapter.js:70:15)\n    at runTestInternal (C:\\Users\\Dhanya\\malabarbazaar\\backend\\node_modules\\jest-runner\\build\\runTest.js:367:16)\n    at runTest (C:\\Users\\Dhanya\\malabarbazaar\\backend\\node_modules\\jest-runner\\build\\runTest.js:444:34)","ValidationError: User validation failed: username: Path `username` is required.\n    at model.Object.<anonymous>.Document.invalidate (C:\\Users\\Dhanya\\malabarbazaar\\backend\\node_modules\\mongoose\\lib\\document.js:3381:32)\n    at C:\\Users\\Dhanya\\malabarbazaar\\backend\\node_modules\\mongoose\\lib\\document.js:3142:17\n    at C:\\Users\\Dhanya\\malabarbazaar\\backend\\node_modules\\mongoose\\lib\\schemaType.js:1446:9\n    at processTicksAndRejections (node:internal/process/task_queues:85:11)","MongooseError: Operation `classifiedads.deleteMany()` buffering timed out after 10000ms\n    at Timeout.<anonymous> (C:\\Users\\Dhanya\\malabarbazaar\\backend\\node_modules\\mongoose\\lib\\drivers\\node-mongodb-native\\collection.js:187:23)\n    at listOnTimeout (node:internal/timers:605:17)\n    at processTimers (node:internal/timers:541:7)"],"fullName":"Diary Phase 7 API Integration Tests GET /api/diary/phase7/recommendations should accept daysBack query parameter","invocations":1,"location":null,"numPassingAsserts":0,"retryReasons":[],"status":"failed","title":"should accept daysBack query parameter"},{"ancestorTitles":["Diary Phase 7 API Integration Tests","GET /api/diary/phase7/recommendations"],"duration":10041,"failureDetails":[{"message":"thrown: \"Exceeded timeout of 60000 ms for a hook.\nAdd a timeout value to this test to increase the timeout, if this is a long-running test. See https://jestjs.io/docs/api#testname-fn-timeout.\""},{"errors":{"username":{"properties":{"message":"Path `username` is required.","type":"required","path":"username"},"kind":"required","path":"username"}},"_message":"User validation failed"},{}],"failureMessages":["Error: thrown: \"Exceeded timeout of 60000 ms for a hook.\nAdd a timeout value to this test to increase the timeout, if this is a long-running test. See https://jestjs.io/docs/api#testname-fn-timeout.\"\n    at Object.beforeAll (C:\\Users\\Dhanya\\malabarbazaar\\backend\\tests\\setup.js:7:1)\n    at Runtime._execModule (C:\\Users\\Dhanya\\malabarbazaar\\backend\\node_modules\\jest-runtime\\build\\index.js:1439:24)\n    at Runtime._loadModule (C:\\Users\\Dhanya\\malabarbazaar\\backend\\node_modules\\jest-runtime\\build\\index.js:1022:12)\n    at Runtime.requireModule (C:\\Users\\Dhanya\\malabarbazaar\\backend\\node_modules\\jest-runtime\\build\\index.js:882:12)\n    at jestAdapter (C:\\Users\\Dhanya\\malabarbazaar\\backend\\node_modules\\jest-circus\\build\\legacy-code-todo-rewrite\\jestAdapter.js:70:15)\n    at runTestInternal (C:\\Users\\Dhanya\\malabarbazaar\\backend\\node_modules\\jest-runner\\build\\runTest.js:367:16)\n    at runTest (C:\\Users\\Dhanya\\malabarbazaar\\backend\\node_modules\\jest-runner\\build\\runTest.js:444:34)","ValidationError: User validation failed: username: Path `username` is required.\n    at model.Object.<anonymous>.Document.invalidate (C:\\Users\\Dhanya\\malabarbazaar\\backend\\node_modules\\mongoose\\lib\\document.js:3381:32)\n    at C:\\Users\\Dhanya\\malabarbazaar\\backend\\node_modules\\mongoose\\lib\\document.js:3142:17\n    at C:\\Users\\Dhanya\\malabarbazaar\\backend\\node_modules\\mongoose\\lib\\schemaType.js:1446:9\n    at processTicksAndRejections (node:internal/process/task_queues:85:11)","MongooseError: Operation `classifiedads.deleteMany()` buffering timed out after 10000ms\n    at Timeout.<anonymous> (C:\\Users\\Dhanya\\malabarbazaar\\backend\\node_modules\\mongoose\\lib\\drivers\\node-mongodb-native\\collection.js:187:23)\n    at listOnTimeout (node:internal/timers:605:17)\n    at processTimers (node:internal/timers:541:7)"],"fullName":"Diary Phase 7 API Integration Tests GET /api/diary/phase7/recommendations should default to 90 days if daysBack not specified","invocations":1,"location":null,"numPassingAsserts":0,"retryReasons":[],"status":"failed","title":"should default to 90 days if daysBack not specified"},{"ancestorTitles":["Diary Phase 7 API Integration Tests","GET /api/diary/phase7/recommendations"],"duration":10026,"failureDetails":[{"message":"thrown: \"Exceeded timeout of 60000 ms for a hook.\nAdd a timeout value to this test to increase the timeout, if this is a long-running test. See https://jestjs.io/docs/api#testname-fn-timeout.\""},{"errors":{"username":{"properties":{"message":"Path `username` is required.","type":"required","path":"username"},"kind":"required","path":"username"}},"_message":"User validation failed"},{}],"failureMessages":["Error: thrown: \"Exceeded timeout of 60000 ms for a hook.\nAdd a timeout value to this test to increase the timeout, if this is a long-running test. See https://jestjs.io/docs/api#testname-fn-timeout.\"\n    at Object.beforeAll (C:\\Users\\Dhanya\\malabarbazaar\\backend\\tests\\setup.js:7:1)\n    at Runtime._execModule (C:\\Users\\Dhanya\\malabarbazaar\\backend\\node_modules\\jest-runtime\\build\\index.js:1439:24)\n    at Runtime._loadModule (C:\\Users\\Dhanya\\malabarbazaar\\backend\\node_modules\\jest-runtime\\build\\index.js:1022:12)\n    at Runtime.requireModule (C:\\Users\\Dhanya\\malabarbazaar\\backend\\node_modules\\jest-runtime\\build\\index.js:882:12)\n    at jestAdapter (C:\\Users\\Dhanya\\malabarbazaar\\backend\\node_modules\\jest-circus\\build\\legacy-code-todo-rewrite\\jestAdapter.js:70:15)\n    at runTestInternal (C:\\Users\\Dhanya\\malabarbazaar\\backend\\node_modules\\jest-runner\\build\\runTest.js:367:16)\n    at runTest (C:\\Users\\Dhanya\\malabarbazaar\\backend\\node_modules\\jest-runner\\build\\runTest.js:444:34)","ValidationError: User validation failed: username: Path `username` is required.\n    at model.Object.<anonymous>.Document.invalidate (C:\\Users\\Dhanya\\malabarbazaar\\backend\\node_modules\\mongoose\\lib\\document.js:3381:32)\n    at C:\\Users\\Dhanya\\malabarbazaar\\backend\\node_modules\\mongoose\\lib\\document.js:3142:17\n    at C:\\Users\\Dhanya\\malabarbazaar\\backend\\node_modules\\mongoose\\lib\\schemaType.js:1446:9\n    at processTicksAndRejections (node:internal/process/task_queues:85:11)","MongooseError: Operation `classifiedads.deleteMany()` buffering timed out after 10000ms\n    at Timeout.<anonymous> (C:\\Users\\Dhanya\\malabarbazaar\\backend\\node_modules\\mongoose\\lib\\drivers\\node-mongodb-native\\collection.js:187:23)\n    at listOnTimeout (node:internal/timers:605:17)\n    at processTimers (node:internal/timers:541:7)"],"fullName":"Diary Phase 7 API Integration Tests GET /api/diary/phase7/recommendations should return severity level","invocations":1,"location":null,"numPassingAsserts":0,"retryReasons":[],"status":"failed","title":"should return severity level"},{"ancestorTitles":["Diary Phase 7 API Integration Tests","GET /api/diary/phase7/recommendations"],"duration":10054,"failureDetails":[{"message":"thrown: \"Exceeded timeout of 60000 ms for a hook.\nAdd a timeout value to this test to increase the timeout, if this is a long-running test. See https://jestjs.io/docs/api#testname-fn-timeout.\""},{"errors":{"username":{"properties":{"message":"Path `username` is required.","type":"required","path":"username"},"kind":"required","path":"username"}},"_message":"User validation failed"},{}],"failureMessages":["Error: thrown: \"Exceeded timeout of 60000 ms for a hook.\nAdd a timeout value to this test to increase the timeout, if this is a long-running test. See https://jestjs.io/docs/api#testname-fn-timeout.\"\n    at Object.beforeAll (C:\\Users\\Dhanya\\malabarbazaar\\backend\\tests\\setup.js:7:1)\n    at Runtime._execModule (C:\\Users\\Dhanya\\malabarbazaar\\backend\\node_modules\\jest-runtime\\build\\index.js:1439:24)\n    at Runtime._loadModule (C:\\Users\\Dhanya\\malabarbazaar\\backend\\node_modules\\jest-runtime\\build\\index.js:1022:12)\n    at Runtime.requireModule (C:\\Users\\Dhanya\\malabarbazaar\\backend\\node_modules\\jest-runtime\\build\\index.js:882:12)\n    at jestAdapter (C:\\Users\\Dhanya\\malabarbazaar\\backend\\node_modules\\jest-circus\\build\\legacy-code-todo-rewrite\\jestAdapter.js:70:15)\n    at runTestInternal (C:\\Users\\Dhanya\\malabarbazaar\\backend\\node_modules\\jest-runner\\build\\runTest.js:367:16)\n    at runTest (C:\\Users\\Dhanya\\malabarbazaar\\backend\\node_modules\\jest-runner\\build\\runTest.js:444:34)","ValidationError: User validation failed: username: Path `username` is required.\n    at model.Object.<anonymous>.Document.invalidate (C:\\Users\\Dhanya\\malabarbazaar\\backend\\node_modules\\mongoose\\lib\\document.js:3381:32)\n    at C:\\Users\\Dhanya\\malabarbazaar\\backend\\node_modules\\mongoose\\lib\\document.js:3142:17\n    at C:\\Users\\Dhanya\\malabarbazaar\\backend\\node_modules\\mongoose\\lib\\schemaType.js:1446:9\n    at processTicksAndRejections (node:internal/process/task_queues:85:11)","MongooseError: Operation `classifiedads.deleteMany()` buffering timed out after 10000ms\n    at Timeout.<anonymous> (C:\\Users\\Dhanya\\malabarbazaar\\backend\\node_modules\\mongoose\\lib\\drivers\\node-mongodb-native\\collection.js:187:23)\n    at listOnTimeout (node:internal/timers:605:17)\n    at processTimers (node:internal/timers:541:7)"],"fullName":"Diary Phase 7 API Integration Tests GET /api/diary/phase7/recommendations should reject invalid daysBack parameter","invocations":1,"location":null,"numPassingAsserts":0,"retryReasons":[],"status":"failed","title":"should reject invalid daysBack parameter"},{"ancestorTitles":["Diary Phase 7 API Integration Tests","GET /api/diary/phase7/recommendations"],"duration":10006,"failureDetails":[{"message":"thrown: \"Exceeded timeout of 60000 ms for a hook.\nAdd a timeout value to this test to increase the timeout, if this is a long-running test. See https://jestjs.io/docs/api#testname-fn-timeout.\""},{"errors":{"username":{"properties":{"message":"Path `username` is required.","type":"required","path":"username"},"kind":"required","path":"username"}},"_message":"User validation failed"},{}],"failureMessages":["Error: thrown: \"Exceeded timeout of 60000 ms for a hook.\nAdd a timeout value to this test to increase the timeout, if this is a long-running test. See https://jestjs.io/docs/api#testname-fn-timeout.\"\n    at Object.beforeAll (C:\\Users\\Dhanya\\malabarbazaar\\backend\\tests\\setup.js:7:1)\n    at Runtime._execModule (C:\\Users\\Dhanya\\malabarbazaar\\backend\\node_modules\\jest-runtime\\build\\index.js:1439:24)\n    at Runtime._loadModule (C:\\Users\\Dhanya\\malabarbazaar\\backend\\node_modules\\jest-runtime\\build\\index.js:1022:12)\n    at Runtime.requireModule (C:\\Users\\Dhanya\\malabarbazaar\\backend\\node_modules\\jest-runtime\\build\\index.js:882:12)\n    at jestAdapter (C:\\Users\\Dhanya\\malabarbazaar\\backend\\node_modules\\jest-circus\\build\\legacy-code-todo-rewrite\\jestAdapter.js:70:15)\n    at runTestInternal (C:\\Users\\Dhanya\\malabarbazaar\\backend\\node_modules\\jest-runner\\build\\runTest.js:367:16)\n    at runTest (C:\\Users\\Dhanya\\malabarbazaar\\backend\\node_modules\\jest-runner\\build\\runTest.js:444:34)","ValidationError: User validation failed: username: Path `username` is required.\n    at model.Object.<anonymous>.Document.invalidate (C:\\Users\\Dhanya\\malabarbazaar\\backend\\node_modules\\mongoose\\lib\\document.js:3381:32)\n    at C:\\Users\\Dhanya\\malabarbazaar\\backend\\node_modules\\mongoose\\lib\\document.js:3142:17\n    at C:\\Users\\Dhanya\\malabarbazaar\\backend\\node_modules\\mongoose\\lib\\schemaType.js:1446:9\n    at processTicksAndRejections (node:internal/process/task_queues:85:11)","MongooseError: Operation `classifiedads.deleteMany()` buffering timed out after 10000ms\n    at Timeout.<anonymous> (C:\\Users\\Dhanya\\malabarbazaar\\backend\\node_modules\\mongoose\\lib\\drivers\\node-mongodb-native\\collection.js:187:23)\n    at listOnTimeout (node:internal/timers:605:17)\n    at processTimers (node:internal/timers:541:7)"],"fullName":"Diary Phase 7 API Integration Tests GET /api/diary/phase7/recommendations should rate limit excessive requests","invocations":1,"location":null,"numPassingAsserts":0,"retryReasons":[],"status":"failed","title":"should rate limit excessive requests"},{"ancestorTitles":["Diary Phase 7 API Integration Tests","GET /api/diary/phase7/recommendations"],"duration":10018,"failureDetails":[{"message":"thrown: \"Exceeded timeout of 60000 ms for a hook.\nAdd a timeout value to this test to increase the timeout, if this is a long-running test. See https://jestjs.io/docs/api#testname-fn-timeout.\""},{"errors":{"username":{"properties":{"message":"Path `username` is required.","type":"required","path":"username"},"kind":"required","path":"username"}},"_message":"User validation failed"},{}],"failureMessages":["Error: thrown: \"Exceeded timeout of 60000 ms for a hook.\nAdd a timeout value to this test to increase the timeout, if this is a long-running test. See https://jestjs.io/docs/api#testname-fn-timeout.\"\n    at Object.beforeAll (C:\\Users\\Dhanya\\malabarbazaar\\backend\\tests\\setup.js:7:1)\n    at Runtime._execModule (C:\\Users\\Dhanya\\malabarbazaar\\backend\\node_modules\\jest-runtime\\build\\index.js:1439:24)\n    at Runtime._loadModule (C:\\Users\\Dhanya\\malabarbazaar\\backend\\node_modules\\jest-runtime\\build\\index.js:1022:12)\n    at Runtime.requireModule (C:\\Users\\Dhanya\\malabarbazaar\\backend\\node_modules\\jest-runtime\\build\\index.js:882:12)\n    at jestAdapter (C:\\Users\\Dhanya\\malabarbazaar\\backend\\node_modules\\jest-circus\\build\\legacy-code-todo-rewrite\\jestAdapter.js:70:15)\n    at runTestInternal (C:\\Users\\Dhanya\\malabarbazaar\\backend\\node_modules\\jest-runner\\build\\runTest.js:367:16)\n    at runTest (C:\\Users\\Dhanya\\malabarbazaar\\backend\\node_modules\\jest-runner\\build\\runTest.js:444:34)","ValidationError: User validation failed: username: Path `username` is required.\n    at model.Object.<anonymous>.Document.invalidate (C:\\Users\\Dhanya\\malabarbazaar\\backend\\node_modules\\mongoose\\lib\\document.js:3381:32)\n    at C:\\Users\\Dhanya\\malabarbazaar\\backend\\node_modules\\mongoose\\lib\\document.js:3142:17\n    at C:\\Users\\Dhanya\\malabarbazaar\\backend\\node_modules\\mongoose\\lib\\schemaType.js:1446:9\n    at processTicksAndRejections (node:internal/process/task_queues:85:11)","MongooseError: Operation `classifiedads.deleteMany()` buffering timed out after 10000ms\n    at Timeout.<anonymous> (C:\\Users\\Dhanya\\malabarbazaar\\backend\\node_modules\\mongoose\\lib\\drivers\\node-mongodb-native\\collection.js:187:23)\n    at listOnTimeout (node:internal/timers:605:17)\n    at processTimers (node:internal/timers:541:7)"],"fullName":"Diary Phase 7 API Integration Tests GET /api/diary/phase7/recommendations should return different recommendations for different time periods","invocations":1,"location":null,"numPassingAsserts":0,"retryReasons":[],"status":"failed","title":"should return different recommendations for different time periods"},{"ancestorTitles":["Diary Phase 7 API Integration Tests","GET /api/diary/phase7/writing-prompts"],"duration":10027,"failureDetails":[{"message":"thrown: \"Exceeded timeout of 60000 ms for a hook.\nAdd a timeout value to this test to increase the timeout, if this is a long-running test. See https://jestjs.io/docs/api#testname-fn-timeout.\""},{"errors":{"username":{"properties":{"message":"Path `username` is required.","type":"required","path":"username"},"kind":"required","path":"username"}},"_message":"User validation failed"},{}],"failureMessages":["Error: thrown: \"Exceeded timeout of 60000 ms for a hook.\nAdd a timeout value to this test to increase the timeout, if this is a long-running test. See https://jestjs.io/docs/api#testname-fn-timeout.\"\n    at Object.beforeAll (C:\\Users\\Dhanya\\malabarbazaar\\backend\\tests\\setup.js:7:1)\n    at Runtime._execModule (C:\\Users\\Dhanya\\malabarbazaar\\backend\\node_modules\\jest-runtime\\build\\index.js:1439:24)\n    at Runtime._loadModule (C:\\Users\\Dhanya\\malabarbazaar\\backend\\node_modules\\jest-runtime\\build\\index.js:1022:12)\n    at Runtime.requireModule (C:\\Users\\Dhanya\\malabarbazaar\\backend\\node_modules\\jest-runtime\\build\\index.js:882:12)\n    at jestAdapter (C:\\Users\\Dhanya\\malabarbazaar\\backend\\node_modules\\jest-circus\\build\\legacy-code-todo-rewrite\\jestAdapter.js:70:15)\n    at runTestInternal (C:\\Users\\Dhanya\\malabarbazaar\\backend\\node_modules\\jest-runner\\build\\runTest.js:367:16)\n    at runTest (C:\\Users\\Dhanya\\malabarbazaar\\backend\\node_modules\\jest-runner\\build\\runTest.js:444:34)","ValidationError: User validation failed: username: Path `username` is required.\n    at model.Object.<anonymous>.Document.invalidate (C:\\Users\\Dhanya\\malabarbazaar\\backend\\node_modules\\mongoose\\lib\\document.js:3381:32)\n    at C:\\Users\\Dhanya\\malabarbazaar\\backend\\node_modules\\mongoose\\lib\\document.js:3142:17\n    at C:\\Users\\Dhanya\\malabarbazaar\\backend\\node_modules\\mongoose\\lib\\schemaType.js:1446:9\n    at processTicksAndRejections (node:internal/process/task_queues:85:11)","MongooseError: Operation `classifiedads.deleteMany()` buffering timed out after 10000ms\n    at Timeout.<anonymous> (C:\\Users\\Dhanya\\malabarbazaar\\backend\\node_modules\\mongoose\\lib\\drivers\\node-mongodb-native\\collection.js:187:23)\n    at listOnTimeout (node:internal/timers:605:17)\n    at processTimers (node:internal/timers:541:7)"],"fullName":"Diary Phase 7 API Integration Tests GET /api/diary/phase7/writing-prompts should return writing prompts with valid auth","invocations":1,"location":null,"numPassingAsserts":0,"retryReasons":[],"status":"failed","title":"should return writing prompts with valid auth"},{"ancestorTitles":["Diary Phase 7 API Integration Tests","GET /api/diary/phase7/writing-prompts"],"duration":10013,"failureDetails":[{"message":"thrown: \"Exceeded timeout of 60000 ms for a hook.\nAdd a timeout value to this test to increase the timeout, if this is a long-running test. See https://jestjs.io/docs/api#testname-fn-timeout.\""},{"errors":{"username":{"properties":{"message":"Path `username` is required.","type":"required","path":"username"},"kind":"required","path":"username"}},"_message":"User validation failed"},{}],"failureMessages":["Error: thrown: \"Exceeded timeout of 60000 ms for a hook.\nAdd a timeout value to this test to increase the timeout, if this is a long-running test. See https://jestjs.io/docs/api#testname-fn-timeout.\"\n    at Object.beforeAll (C:\\Users\\Dhanya\\malabarbazaar\\backend\\tests\\setup.js:7:1)\n    at Runtime._execModule (C:\\Users\\Dhanya\\malabarbazaar\\backend\\node_modules\\jest-runtime\\build\\index.js:1439:24)\n    at Runtime._loadModule (C:\\Users\\Dhanya\\malabarbazaar\\backend\\node_modules\\jest-runtime\\build\\index.js:1022:12)\n    at Runtime.requireModule (C:\\Users\\Dhanya\\malabarbazaar\\backend\\node_modules\\jest-runtime\\build\\index.js:882:12)\n    at jestAdapter (C:\\Users\\Dhanya\\malabarbazaar\\backend\\node_modules\\jest-circus\\build\\legacy-code-todo-rewrite\\jestAdapter.js:70:15)\n    at runTestInternal (C:\\Users\\Dhanya\\malabarbazaar\\backend\\node_modules\\jest-runner\\build\\runTest.js:367:16)\n    at runTest (C:\\Users\\Dhanya\\malabarbazaar\\backend\\node_modules\\jest-runner\\build\\runTest.js:444:34)","ValidationError: User validation failed: username: Path `username` is required.\n    at model.Object.<anonymous>.Document.invalidate (C:\\Users\\Dhanya\\malabarbazaar\\backend\\node_modules\\mongoose\\lib\\document.js:3381:32)\n    at C:\\Users\\Dhanya\\malabarbazaar\\backend\\node_modules\\mongoose\\lib\\document.js:3142:17\n    at C:\\Users\\Dhanya\\malabarbazaar\\backend\\node_modules\\mongoose\\lib\\schemaType.js:1446:9\n    at processTicksAndRejections (node:internal/process/task_queues:85:11)","MongooseError: Operation `classifiedads.deleteMany()` buffering timed out after 10000ms\n    at Timeout.<anonymous> (C:\\Users\\Dhanya\\malabarbazaar\\backend\\node_modules\\mongoose\\lib\\drivers\\node-mongodb-native\\collection.js:187:23)\n    at listOnTimeout (node:internal/timers:605:17)\n    at processTimers (node:internal/timers:541:7)"],"fullName":"Diary Phase 7 API Integration Tests GET /api/diary/phase7/writing-prompts should return prompts with text property","invocations":1,"location":null,"numPassingAsserts":0,"retryReasons":[],"status":"failed","title":"should return prompts with text property"},{"ancestorTitles":["Diary Phase 7 API Integration Tests","GET /api/diary/phase7/writing-prompts"],"duration":10015,"failureDetails":[{"message":"thrown: \"Exceeded timeout of 60000 ms for a hook.\nAdd a timeout value to this test to increase the timeout, if this is a long-running test. See https://jestjs.io/docs/api#testname-fn-timeout.\""},{"errors":{"username":{"properties":{"message":"Path `username` is required.","type":"required","path":"username"},"kind":"required","path":"username"}},"_message":"User validation failed"},{}],"failureMessages":["Error: thrown: \"Exceeded timeout of 60000 ms for a hook.\nAdd a timeout value to this test to increase the timeout, if this is a long-running test. See https://jestjs.io/docs/api#testname-fn-timeout.\"\n    at Object.beforeAll (C:\\Users\\Dhanya\\malabarbazaar\\backend\\tests\\setup.js:7:1)\n    at Runtime._execModule (C:\\Users\\Dhanya\\malabarbazaar\\backend\\node_modules\\jest-runtime\\build\\index.js:1439:24)\n    at Runtime._loadModule (C:\\Users\\Dhanya\\malabarbazaar\\backend\\node_modules\\jest-runtime\\build\\index.js:1022:12)\n    at Runtime.requireModule (C:\\Users\\Dhanya\\malabarbazaar\\backend\\node_modules\\jest-runtime\\build\\index.js:882:12)\n    at jestAdapter (C:\\Users\\Dhanya\\malabarbazaar\\backend\\node_modules\\jest-circus\\build\\legacy-code-todo-rewrite\\jestAdapter.js:70:15)\n    at runTestInternal (C:\\Users\\Dhanya\\malabarbazaar\\backend\\node_modules\\jest-runner\\build\\runTest.js:367:16)\n    at runTest (C:\\Users\\Dhanya\\malabarbazaar\\backend\\node_modules\\jest-runner\\build\\runTest.js:444:34)","ValidationError: User validation failed: username: Path `username` is required.\n    at model.Object.<anonymous>.Document.invalidate (C:\\Users\\Dhanya\\malabarbazaar\\backend\\node_modules\\mongoose\\lib\\document.js:3381:32)\n    at C:\\Users\\Dhanya\\malabarbazaar\\backend\\node_modules\\mongoose\\lib\\document.js:3142:17\n    at C:\\Users\\Dhanya\\malabarbazaar\\backend\\node_modules\\mongoose\\lib\\schemaType.js:1446:9\n    at processTicksAndRejections (node:internal/process/task_queues:85:11)","MongooseError: Operation `classifiedads.deleteMany()` buffering timed out after 10000ms\n    at Timeout.<anonymous> (C:\\Users\\Dhanya\\malabarbazaar\\backend\\node_modules\\mongoose\\lib\\drivers\\node-mongodb-native\\collection.js:187:23)\n    at listOnTimeout (node:internal/timers:605:17)\n    at processTimers (node:internal/timers:541:7)"],"fullName":"Diary Phase 7 API Integration Tests GET /api/diary/phase7/writing-prompts should reject without authentication","invocations":1,"location":null,"numPassingAsserts":0,"retryReasons":[],"status":"failed","title":"should reject without authentication"},{"ancestorTitles":["Diary Phase 7 API Integration Tests","GET /api/diary/phase7/writing-prompts"],"duration":10006,"failureDetails":[{"message":"thrown: \"Exceeded timeout of 60000 ms for a hook.\nAdd a timeout value to this test to increase the timeout, if this is a long-running test. See https://jestjs.io/docs/api#testname-fn-timeout.\""},{"errors":{"username":{"properties":{"message":"Path `username` is required.","type":"required","path":"username"},"kind":"required","path":"username"}},"_message":"User validation failed"},{}],"failureMessages":["Error: thrown: \"Exceeded timeout of 60000 ms for a hook.\nAdd a timeout value to this test to increase the timeout, if this is a long-running test. See https://jestjs.io/docs/api#testname-fn-timeout.\"\n    at Object.beforeAll (C:\\Users\\Dhanya\\malabarbazaar\\backend\\tests\\setup.js:7:1)\n    at Runtime._execModule (C:\\Users\\Dhanya\\malabarbazaar\\backend\\node_modules\\jest-runtime\\build\\index.js:1439:24)\n    at Runtime._loadModule (C:\\Users\\Dhanya\\malabarbazaar\\backend\\node_modules\\jest-runtime\\build\\index.js:1022:12)\n    at Runtime.requireModule (C:\\Users\\Dhanya\\malabarbazaar\\backend\\node_modules\\jest-runtime\\build\\index.js:882:12)\n    at jestAdapter (C:\\Users\\Dhanya\\malabarbazaar\\backend\\node_modules\\jest-circus\\build\\legacy-code-todo-rewrite\\jestAdapter.js:70:15)\n    at runTestInternal (C:\\Users\\Dhanya\\malabarbazaar\\backend\\node_modules\\jest-runner\\build\\runTest.js:367:16)\n    at runTest (C:\\Users\\Dhanya\\malabarbazaar\\backend\\node_modules\\jest-runner\\build\\runTest.js:444:34)","ValidationError: User validation failed: username: Path `username` is required.\n    at model.Object.<anonymous>.Document.invalidate (C:\\Users\\Dhanya\\malabarbazaar\\backend\\node_modules\\mongoose\\lib\\document.js:3381:32)\n    at C:\\Users\\Dhanya\\malabarbazaar\\backend\\node_modules\\mongoose\\lib\\document.js:3142:17\n    at C:\\Users\\Dhanya\\malabarbazaar\\backend\\node_modules\\mongoose\\lib\\schemaType.js:1446:9\n    at processTicksAndRejections (node:internal/process/task_queues:85:11)","MongooseError: Operation `classifiedads.deleteMany()` buffering timed out after 10000ms\n    at Timeout.<anonymous> (C:\\Users\\Dhanya\\malabarbazaar\\backend\\node_modules\\mongoose\\lib\\drivers\\node-mongodb-native\\collection.js:187:23)\n    at listOnTimeout (node:internal/timers:605:17)\n    at processTimers (node:internal/timers:541:7)"],"fullName":"Diary Phase 7 API Integration Tests GET /api/diary/phase7/writing-prompts should return at least 3 prompts","invocations":1,"location":null,"numPassingAsserts":0,"retryReasons":[],"status":"failed","title":"should return at least 3 prompts"},{"ancestorTitles":["Diary Phase 7 API Integration Tests","GET /api/diary/phase7/export/csv"],"duration":10017,"failureDetails":[{"message":"thrown: \"Exceeded timeout of 60000 ms for a hook.\nAdd a timeout value to this test to increase the timeout, if this is a long-running test. See https://jestjs.io/docs/api#testname-fn-timeout.\""},{"errors":{"username":{"properties":{"message":"Path `username` is required.","type":"required","path":"username"},"kind":"required","path":"username"}},"_message":"User validation failed"},{}],"failureMessages":["Error: thrown: \"Exceeded timeout of 60000 ms for a hook.\nAdd a timeout value to this test to increase the timeout, if this is a long-running test. See https://jestjs.io/docs/api#testname-fn-timeout.\"\n    at Object.beforeAll (C:\\Users\\Dhanya\\malabarbazaar\\backend\\tests\\setup.js:7:1)\n    at Runtime._execModule (C:\\Users\\Dhanya\\malabarbazaar\\backend\\node_modules\\jest-runtime\\build\\index.js:1439:24)\n    at Runtime._loadModule (C:\\Users\\Dhanya\\malabarbazaar\\backend\\node_modules\\jest-runtime\\build\\index.js:1022:12)\n    at Runtime.requireModule (C:\\Users\\Dhanya\\malabarbazaar\\backend\\node_modules\\jest-runtime\\build\\index.js:882:12)\n    at jestAdapter (C:\\Users\\Dhanya\\malabarbazaar\\backend\\node_modules\\jest-circus\\build\\legacy-code-todo-rewrite\\jestAdapter.js:70:15)\n    at runTestInternal (C:\\Users\\Dhanya\\malabarbazaar\\backend\\node_modules\\jest-runner\\build\\runTest.js:367:16)\n    at runTest (C:\\Users\\Dhanya\\malabarbazaar\\backend\\node_modules\\jest-runner\\build\\runTest.js:444:34)","ValidationError: User validation failed: username: Path `username` is required.\n    at model.Object.<anonymous>.Document.invalidate (C:\\Users\\Dhanya\\malabarbazaar\\backend\\node_modules\\mongoose\\lib\\document.js:3381:32)\n    at C:\\Users\\Dhanya\\malabarbazaar\\backend\\node_modules\\mongoose\\lib\\document.js:3142:17\n    at C:\\Users\\Dhanya\\malabarbazaar\\backend\\node_modules\\mongoose\\lib\\schemaType.js:1446:9\n    at processTicksAndRejections (node:internal/process/task_queues:85:11)","MongooseError: Operation `classifiedads.deleteMany()` buffering timed out after 10000ms\n    at Timeout.<anonymous> (C:\\Users\\Dhanya\\malabarbazaar\\backend\\node_modules\\mongoose\\lib\\drivers\\node-mongodb-native\\collection.js:187:23)\n    at listOnTimeout (node:internal/timers:605:17)\n    at processTimers (node:internal/timers:541:7)"],"fullName":"Diary Phase 7 API Integration Tests GET /api/diary/phase7/export/csv should return CSV data","invocations":1,"location":null,"numPassingAsserts":0,"retryReasons":[],"status":"failed","title":"should return CSV data"},{"ancestorTitles":["Diary Phase 7 API Integration Tests","GET /api/diary/phase7/export/csv"],"duration":10009,"failureDetails":[{"message":"thrown: \"Exceeded timeout of 60000 ms for a hook.\nAdd a timeout value to this test to increase the timeout, if this is a long-running test. See https://jestjs.io/docs/api#testname-fn-timeout.\""},{"errors":{"username":{"properties":{"message":"Path `username` is required.","type":"required","path":"username"},"kind":"required","path":"username"}},"_message":"User validation failed"},{}],"failureMessages":["Error: thrown: \"Exceeded timeout of 60000 ms for a hook.\nAdd a timeout value to this test to increase the timeout, if this is a long-running test. See https://jestjs.io/docs/api#testname-fn-timeout.\"\n    at Object.beforeAll (C:\\Users\\Dhanya\\malabarbazaar\\backend\\tests\\setup.js:7:1)\n    at Runtime._execModule (C:\\Users\\Dhanya\\malabarbazaar\\backend\\node_modules\\jest-runtime\\build\\index.js:1439:24)\n    at Runtime._loadModule (C:\\Users\\Dhanya\\malabarbazaar\\backend\\node_modules\\jest-runtime\\build\\index.js:1022:12)\n    at Runtime.requireModule (C:\\Users\\Dhanya\\malabarbazaar\\backend\\node_modules\\jest-runtime\\build\\index.js:882:12)\n    at jestAdapter (C:\\Users\\Dhanya\\malabarbazaar\\backend\\node_modules\\jest-circus\\build\\legacy-code-todo-rewrite\\jestAdapter.js:70:15)\n    at runTestInternal (C:\\Users\\Dhanya\\malabarbazaar\\backend\\node_modules\\jest-runner\\build\\runTest.js:367:16)\n    at runTest (C:\\Users\\Dhanya\\malabarbazaar\\backend\\node_modules\\jest-runner\\build\\runTest.js:444:34)","ValidationError: User validation failed: username: Path `username` is required.\n    at model.Object.<anonymous>.Document.invalidate (C:\\Users\\Dhanya\\malabarbazaar\\backend\\node_modules\\mongoose\\lib\\document.js:3381:32)\n    at C:\\Users\\Dhanya\\malabarbazaar\\backend\\node_modules\\mongoose\\lib\\document.js:3142:17\n    at C:\\Users\\Dhanya\\malabarbazaar\\backend\\node_modules\\mongoose\\lib\\schemaType.js:1446:9\n    at processTicksAndRejections (node:internal/process/task_queues:85:11)","MongooseError: Operation `classifiedads.deleteMany()` buffering timed out after 10000ms\n    at Timeout.<anonymous> (C:\\Users\\Dhanya\\malabarbazaar\\backend\\node_modules\\mongoose\\lib\\drivers\\node-mongodb-native\\collection.js:187:23)\n    at listOnTimeout (node:internal/timers:605:17)\n    at processTimers (node:internal/timers:541:7)"],"fullName":"Diary Phase 7 API Integration Tests GET /api/diary/phase7/export/csv should include CSV header","invocations":1,"location":null,"numPassingAsserts":0,"retryReasons":[],"status":"failed","title":"should include CSV header"},{"ancestorTitles":["Diary Phase 7 API Integration Tests","GET /api/diary/phase7/export/csv"],"duration":10013,"failureDetails":[{"message":"thrown: \"Exceeded timeout of 60000 ms for a hook.\nAdd a timeout value to this test to increase the timeout, if this is a long-running test. See https://jestjs.io/docs/api#testname-fn-timeout.\""},{"errors":{"username":{"properties":{"message":"Path `username` is required.","type":"required","path":"username"},"kind":"required","path":"username"}},"_message":"User validation failed"},{}],"failureMessages":["Error: thrown: \"Exceeded timeout of 60000 ms for a hook.\nAdd a timeout value to this test to increase the timeout, if this is a long-running test. See https://jestjs.io/docs/api#testname-fn-timeout.\"\n    at Object.beforeAll (C:\\Users\\Dhanya\\malabarbazaar\\backend\\tests\\setup.js:7:1)\n    at Runtime._execModule (C:\\Users\\Dhanya\\malabarbazaar\\backend\\node_modules\\jest-runtime\\build\\index.js:1439:24)\n    at Runtime._loadModule (C:\\Users\\Dhanya\\malabarbazaar\\backend\\node_modules\\jest-runtime\\build\\index.js:1022:12)\n    at Runtime.requireModule (C:\\Users\\Dhanya\\malabarbazaar\\backend\\node_modules\\jest-runtime\\build\\index.js:882:12)\n    at jestAdapter (C:\\Users\\Dhanya\\malabarbazaar\\backend\\node_modules\\jest-circus\\build\\legacy-code-todo-rewrite\\jestAdapter.js:70:15)\n    at runTestInternal (C:\\Users\\Dhanya\\malabarbazaar\\backend\\node_modules\\jest-runner\\build\\runTest.js:367:16)\n    at runTest (C:\\Users\\Dhanya\\malabarbazaar\\backend\\node_modules\\jest-runner\\build\\runTest.js:444:34)","ValidationError: User validation failed: username: Path `username` is required.\n    at model.Object.<anonymous>.Document.invalidate (C:\\Users\\Dhanya\\malabarbazaar\\backend\\node_modules\\mongoose\\lib\\document.js:3381:32)\n    at C:\\Users\\Dhanya\\malabarbazaar\\backend\\node_modules\\mongoose\\lib\\document.js:3142:17\n    at C:\\Users\\Dhanya\\malabarbazaar\\backend\\node_modules\\mongoose\\lib\\schemaType.js:1446:9\n    at processTicksAndRejections (node:internal/process/task_queues:85:11)","MongooseError: Operation `classifiedads.deleteMany()` buffering timed out after 10000ms\n    at Timeout.<anonymous> (C:\\Users\\Dhanya\\malabarbazaar\\backend\\node_modules\\mongoose\\lib\\drivers\\node-mongodb-native\\collection.js:187:23)\n    at listOnTimeout (node:internal/timers:605:17)\n    at processTimers (node:internal/timers:541:7)"],"fullName":"Diary Phase 7 API Integration Tests GET /api/diary/phase7/export/csv should accept includeAnalytics parameter","invocations":1,"location":null,"numPassingAsserts":0,"retryReasons":[],"status":"failed","title":"should accept includeAnalytics parameter"},{"ancestorTitles":["Diary Phase 7 API Integration Tests","GET /api/diary/phase7/export/csv"],"duration":10015,"failureDetails":[{"message":"thrown: \"Exceeded timeout of 60000 ms for a hook.\nAdd a timeout value to this test to increase the timeout, if this is a long-running test. See https://jestjs.io/docs/api#testname-fn-timeout.\""},{"errors":{"username":{"properties":{"message":"Path `username` is required.","type":"required","path":"username"},"kind":"required","path":"username"}},"_message":"User validation failed"},{}],"failureMessages":["Error: thrown: \"Exceeded timeout of 60000 ms for a hook.\nAdd a timeout value to this test to increase the timeout, if this is a long-running test. See https://jestjs.io/docs/api#testname-fn-timeout.\"\n    at Object.beforeAll (C:\\Users\\Dhanya\\malabarbazaar\\backend\\tests\\setup.js:7:1)\n    at Runtime._execModule (C:\\Users\\Dhanya\\malabarbazaar\\backend\\node_modules\\jest-runtime\\build\\index.js:1439:24)\n    at Runtime._loadModule (C:\\Users\\Dhanya\\malabarbazaar\\backend\\node_modules\\jest-runtime\\build\\index.js:1022:12)\n    at Runtime.requireModule (C:\\Users\\Dhanya\\malabarbazaar\\backend\\node_modules\\jest-runtime\\build\\index.js:882:12)\n    at jestAdapter (C:\\Users\\Dhanya\\malabarbazaar\\backend\\node_modules\\jest-circus\\build\\legacy-code-todo-rewrite\\jestAdapter.js:70:15)\n    at runTestInternal (C:\\Users\\Dhanya\\malabarbazaar\\backend\\node_modules\\jest-runner\\build\\runTest.js:367:16)\n    at runTest (C:\\Users\\Dhanya\\malabarbazaar\\backend\\node_modules\\jest-runner\\build\\runTest.js:444:34)","ValidationError: User validation failed: username: Path `username` is required.\n    at model.Object.<anonymous>.Document.invalidate (C:\\Users\\Dhanya\\malabarbazaar\\backend\\node_modules\\mongoose\\lib\\document.js:3381:32)\n    at C:\\Users\\Dhanya\\malabarbazaar\\backend\\node_modules\\mongoose\\lib\\document.js:3142:17\n    at C:\\Users\\Dhanya\\malabarbazaar\\backend\\node_modules\\mongoose\\lib\\schemaType.js:1446:9\n    at processTicksAndRejections (node:internal/process/task_queues:85:11)","MongooseError: Operation `classifiedads.deleteMany()` buffering timed out after 10000ms\n    at Timeout.<anonymous> (C:\\Users\\Dhanya\\malabarbazaar\\backend\\node_modules\\mongoose\\lib\\drivers\\node-mongodb-native\\collection.js:187:23)\n    at listOnTimeout (node:internal/timers:605:17)\n    at processTimers (node:internal/timers:541:7)"],"fullName":"Diary Phase 7 API Integration Tests GET /api/diary/phase7/export/csv should accept daysBack parameter","invocations":1,"location":null,"numPassingAsserts":0,"retryReasons":[],"status":"failed","title":"should accept daysBack parameter"},{"ancestorTitles":["Diary Phase 7 API Integration Tests","GET /api/diary/phase7/export/csv"],"duration":10029,"failureDetails":[{"message":"thrown: \"Exceeded timeout of 60000 ms for a hook.\nAdd a timeout value to this test to increase the timeout, if this is a long-running test. See https://jestjs.io/docs/api#testname-fn-timeout.\""},{"errors":{"username":{"properties":{"message":"Path `username` is required.","type":"required","path":"username"},"kind":"required","path":"username"}},"_message":"User validation failed"},{}],"failureMessages":["Error: thrown: \"Exceeded timeout of 60000 ms for a hook.\nAdd a timeout value to this test to increase the timeout, if this is a long-running test. See https://jestjs.io/docs/api#testname-fn-timeout.\"\n    at Object.beforeAll (C:\\Users\\Dhanya\\malabarbazaar\\backend\\tests\\setup.js:7:1)\n    at Runtime._execModule (C:\\Users\\Dhanya\\malabarbazaar\\backend\\node_modules\\jest-runtime\\build\\index.js:1439:24)\n    at Runtime._loadModule (C:\\Users\\Dhanya\\malabarbazaar\\backend\\node_modules\\jest-runtime\\build\\index.js:1022:12)\n    at Runtime.requireModule (C:\\Users\\Dhanya\\malabarbazaar\\backend\\node_modules\\jest-runtime\\build\\index.js:882:12)\n    at jestAdapter (C:\\Users\\Dhanya\\malabarbazaar\\backend\\node_modules\\jest-circus\\build\\legacy-code-todo-rewrite\\jestAdapter.js:70:15)\n    at runTestInternal (C:\\Users\\Dhanya\\malabarbazaar\\backend\\node_modules\\jest-runner\\build\\runTest.js:367:16)\n    at runTest (C:\\Users\\Dhanya\\malabarbazaar\\backend\\node_modules\\jest-runner\\build\\runTest.js:444:34)","ValidationError: User validation failed: username: Path `username` is required.\n    at model.Object.<anonymous>.Document.invalidate (C:\\Users\\Dhanya\\malabarbazaar\\backend\\node_modules\\mongoose\\lib\\document.js:3381:32)\n    at C:\\Users\\Dhanya\\malabarbazaar\\backend\\node_modules\\mongoose\\lib\\document.js:3142:17\n    at C:\\Users\\Dhanya\\malabarbazaar\\backend\\node_modules\\mongoose\\lib\\schemaType.js:1446:9\n    at processTicksAndRejections (node:internal/process/task_queues:85:11)","MongooseError: Operation `classifiedads.deleteMany()` buffering timed out after 10000ms\n    at Timeout.<anonymous> (C:\\Users\\Dhanya\\malabarbazaar\\backend\\node_modules\\mongoose\\lib\\drivers\\node-mongodb-native\\collection.js:187:23)\n    at listOnTimeout (node:internal/timers:605:17)\n    at processTimers (node:internal/timers:541:7)"],"fullName":"Diary Phase 7 API Integration Tests GET /api/diary/phase7/export/csv should set Content-Disposition header","invocations":1,"location":null,"numPassingAsserts":0,"retryReasons":[],"status":"failed","title":"should set Content-Disposition header"},{"ancestorTitles":["Diary Phase 7 API Integration Tests","GET /api/diary/phase7/export/csv"],"duration":10018,"failureDetails":[{"message":"thrown: \"Exceeded timeout of 60000 ms for a hook.\nAdd a timeout value to this test to increase the timeout, if this is a long-running test. See https://jestjs.io/docs/api#testname-fn-timeout.\""},{"errors":{"username":{"properties":{"message":"Path `username` is required.","type":"required","path":"username"},"kind":"required","path":"username"}},"_message":"User validation failed"},{}],"failureMessages":["Error: thrown: \"Exceeded timeout of 60000 ms for a hook.\nAdd a timeout value to this test to increase the timeout, if this is a long-running test. See https://jestjs.io/docs/api#testname-fn-timeout.\"\n    at Object.beforeAll (C:\\Users\\Dhanya\\malabarbazaar\\backend\\tests\\setup.js:7:1)\n    at Runtime._execModule (C:\\Users\\Dhanya\\malabarbazaar\\backend\\node_modules\\jest-runtime\\build\\index.js:1439:24)\n    at Runtime._loadModule (C:\\Users\\Dhanya\\malabarbazaar\\backend\\node_modules\\jest-runtime\\build\\index.js:1022:12)\n    at Runtime.requireModule (C:\\Users\\Dhanya\\malabarbazaar\\backend\\node_modules\\jest-runtime\\build\\index.js:882:12)\n    at jestAdapter (C:\\Users\\Dhanya\\malabarbazaar\\backend\\node_modules\\jest-circus\\build\\legacy-code-todo-rewrite\\jestAdapter.js:70:15)\n    at runTestInternal (C:\\Users\\Dhanya\\malabarbazaar\\backend\\node_modules\\jest-runner\\build\\runTest.js:367:16)\n    at runTest (C:\\Users\\Dhanya\\malabarbazaar\\backend\\node_modules\\jest-runner\\build\\runTest.js:444:34)","ValidationError: User validation failed: username: Path `username` is required.\n    at model.Object.<anonymous>.Document.invalidate (C:\\Users\\Dhanya\\malabarbazaar\\backend\\node_modules\\mongoose\\lib\\document.js:3381:32)\n    at C:\\Users\\Dhanya\\malabarbazaar\\backend\\node_modules\\mongoose\\lib\\document.js:3142:17\n    at C:\\Users\\Dhanya\\malabarbazaar\\backend\\node_modules\\mongoose\\lib\\schemaType.js:1446:9\n    at processTicksAndRejections (node:internal/process/task_queues:85:11)","MongooseError: Operation `classifiedads.deleteMany()` buffering timed out after 10000ms\n    at Timeout.<anonymous> (C:\\Users\\Dhanya\\malabarbazaar\\backend\\node_modules\\mongoose\\lib\\drivers\\node-mongodb-native\\collection.js:187:23)\n    at listOnTimeout (node:internal/timers:605:17)\n    at processTimers (node:internal/timers:541:7)"],"fullName":"Diary Phase 7 API Integration Tests GET /api/diary/phase7/export/csv should reject without authentication","invocations":1,"location":null,"numPassingAsserts":0,"retryReasons":[],"status":"failed","title":"should reject without authentication"},{"ancestorTitles":["Diary Phase 7 API Integration Tests","GET /api/diary/phase7/export/csv"],"duration":10006,"failureDetails":[{"message":"thrown: \"Exceeded timeout of 60000 ms for a hook.\nAdd a timeout value to this test to increase the timeout, if this is a long-running test. See https://jestjs.io/docs/api#testname-fn-timeout.\""},{"errors":{"username":{"properties":{"message":"Path `username` is required.","type":"required","path":"username"},"kind":"required","path":"username"}},"_message":"User validation failed"},{}],"failureMessages":["Error: thrown: \"Exceeded timeout of 60000 ms for a hook.\nAdd a timeout value to this test to increase the timeout, if this is a long-running test. See https://jestjs.io/docs/api#testname-fn-timeout.\"\n    at Object.beforeAll (C:\\Users\\Dhanya\\malabarbazaar\\backend\\tests\\setup.js:7:1)\n    at Runtime._execModule (C:\\Users\\Dhanya\\malabarbazaar\\backend\\node_modules\\jest-runtime\\build\\index.js:1439:24)\n    at Runtime._loadModule (C:\\Users\\Dhanya\\malabarbazaar\\backend\\node_modules\\jest-runtime\\build\\index.js:1022:12)\n    at Runtime.requireModule (C:\\Users\\Dhanya\\malabarbazaar\\backend\\node_modules\\jest-runtime\\build\\index.js:882:12)\n    at jestAdapter (C:\\Users\\Dhanya\\malabarbazaar\\backend\\node_modules\\jest-circus\\build\\legacy-code-todo-rewrite\\jestAdapter.js:70:15)\n    at runTestInternal (C:\\Users\\Dhanya\\malabarbazaar\\backend\\node_modules\\jest-runner\\build\\runTest.js:367:16)\n    at runTest (C:\\Users\\Dhanya\\malabarbazaar\\backend\\node_modules\\jest-runner\\build\\runTest.js:444:34)","ValidationError: User validation failed: username: Path `username` is required.\n    at model.Object.<anonymous>.Document.invalidate (C:\\Users\\Dhanya\\malabarbazaar\\backend\\node_modules\\mongoose\\lib\\document.js:3381:32)\n    at C:\\Users\\Dhanya\\malabarbazaar\\backend\\node_modules\\mongoose\\lib\\document.js:3142:17\n    at C:\\Users\\Dhanya\\malabarbazaar\\backend\\node_modules\\mongoose\\lib\\schemaType.js:1446:9\n    at processTicksAndRejections (node:internal/process/task_queues:85:11)","MongooseError: Operation `classifiedads.deleteMany()` buffering timed out after 10000ms\n    at Timeout.<anonymous> (C:\\Users\\Dhanya\\malabarbazaar\\backend\\node_modules\\mongoose\\lib\\drivers\\node-mongodb-native\\collection.js:187:23)\n    at listOnTimeout (node:internal/timers:605:17)\n    at processTimers (node:internal/timers:541:7)"],"fullName":"Diary Phase 7 API Integration Tests GET /api/diary/phase7/export/csv should properly escape CSV values","invocations":1,"location":null,"numPassingAsserts":0,"retryReasons":[],"status":"failed","title":"should properly escape CSV values"},{"ancestorTitles":["Diary Phase 7 API Integration Tests","GET /api/diary/phase7/export/json"],"duration":10011,"failureDetails":[{"message":"thrown: \"Exceeded timeout of 60000 ms for a hook.\nAdd a timeout value to this test to increase the timeout, if this is a long-running test. See https://jestjs.io/docs/api#testname-fn-timeout.\""},{"errors":{"username":{"properties":{"message":"Path `username` is required.","type":"required","path":"username"},"kind":"required","path":"username"}},"_message":"User validation failed"},{}],"failureMessages":["Error: thrown: \"Exceeded timeout of 60000 ms for a hook.\nAdd a timeout value to this test to increase the timeout, if this is a long-running test. See https://jestjs.io/docs/api#testname-fn-timeout.\"\n    at Object.beforeAll (C:\\Users\\Dhanya\\malabarbazaar\\backend\\tests\\setup.js:7:1)\n    at Runtime._execModule (C:\\Users\\Dhanya\\malabarbazaar\\backend\\node_modules\\jest-runtime\\build\\index.js:1439:24)\n    at Runtime._loadModule (C:\\Users\\Dhanya\\malabarbazaar\\backend\\node_modules\\jest-runtime\\build\\index.js:1022:12)\n    at Runtime.requireModule (C:\\Users\\Dhanya\\malabarbazaar\\backend\\node_modules\\jest-runtime\\build\\index.js:882:12)\n    at jestAdapter (C:\\Users\\Dhanya\\malabarbazaar\\backend\\node_modules\\jest-circus\\build\\legacy-code-todo-rewrite\\jestAdapter.js:70:15)\n    at runTestInternal (C:\\Users\\Dhanya\\malabarbazaar\\backend\\node_modules\\jest-runner\\build\\runTest.js:367:16)\n    at runTest (C:\\Users\\Dhanya\\malabarbazaar\\backend\\node_modules\\jest-runner\\build\\runTest.js:444:34)","ValidationError: User validation failed: username: Path `username` is required.\n    at model.Object.<anonymous>.Document.invalidate (C:\\Users\\Dhanya\\malabarbazaar\\backend\\node_modules\\mongoose\\lib\\document.js:3381:32)\n    at C:\\Users\\Dhanya\\malabarbazaar\\backend\\node_modules\\mongoose\\lib\\document.js:3142:17\n    at C:\\Users\\Dhanya\\malabarbazaar\\backend\\node_modules\\mongoose\\lib\\schemaType.js:1446:9\n    at processTicksAndRejections (node:internal/process/task_queues:85:11)","MongooseError: Operation `classifiedads.deleteMany()` buffering timed out after 10000ms\n    at Timeout.<anonymous> (C:\\Users\\Dhanya\\malabarbazaar\\backend\\node_modules\\mongoose\\lib\\drivers\\node-mongodb-native\\collection.js:187:23)\n    at listOnTimeout (node:internal/timers:605:17)\n    at processTimers (node:internal/timers:541:7)"],"fullName":"Diary Phase 7 API Integration Tests GET /api/diary/phase7/export/json should return JSON data","invocations":1,"location":null,"numPassingAsserts":0,"retryReasons":[],"status":"failed","title":"should return JSON data"},{"ancestorTitles":["Diary Phase 7 API Integration Tests","GET /api/diary/phase7/export/json"],"duration":10011,"failureDetails":[{"message":"thrown: \"Exceeded timeout of 60000 ms for a hook.\nAdd a timeout value to this test to increase the timeout, if this is a long-running test. See https://jestjs.io/docs/api#testname-fn-timeout.\""},{"errors":{"username":{"properties":{"message":"Path `username` is required.","type":"required","path":"username"},"kind":"required","path":"username"}},"_message":"User validation failed"},{}],"failureMessages":["Error: thrown: \"Exceeded timeout of 60000 ms for a hook.\nAdd a timeout value to this test to increase the timeout, if this is a long-running test. See https://jestjs.io/docs/api#testname-fn-timeout.\"\n    at Object.beforeAll (C:\\Users\\Dhanya\\malabarbazaar\\backend\\tests\\setup.js:7:1)\n    at Runtime._execModule (C:\\Users\\Dhanya\\malabarbazaar\\backend\\node_modules\\jest-runtime\\build\\index.js:1439:24)\n    at Runtime._loadModule (C:\\Users\\Dhanya\\malabarbazaar\\backend\\node_modules\\jest-runtime\\build\\index.js:1022:12)\n    at Runtime.requireModule (C:\\Users\\Dhanya\\malabarbazaar\\backend\\node_modules\\jest-runtime\\build\\index.js:882:12)\n    at jestAdapter (C:\\Users\\Dhanya\\malabarbazaar\\backend\\node_modules\\jest-circus\\build\\legacy-code-todo-rewrite\\jestAdapter.js:70:15)\n    at runTestInternal (C:\\Users\\Dhanya\\malabarbazaar\\backend\\node_modules\\jest-runner\\build\\runTest.js:367:16)\n    at runTest (C:\\Users\\Dhanya\\malabarbazaar\\backend\\node_modules\\jest-runner\\build\\runTest.js:444:34)","ValidationError: User validation failed: username: Path `username` is required.\n    at model.Object.<anonymous>.Document.invalidate (C:\\Users\\Dhanya\\malabarbazaar\\backend\\node_modules\\mongoose\\lib\\document.js:3381:32)\n    at C:\\Users\\Dhanya\\malabarbazaar\\backend\\node_modules\\mongoose\\lib\\document.js:3142:17\n    at C:\\Users\\Dhanya\\malabarbazaar\\backend\\node_modules\\mongoose\\lib\\schemaType.js:1446:9\n    at processTicksAndRejections (node:internal/process/task_queues:85:11)","MongooseError: Operation `classifiedads.deleteMany()` buffering timed out after 10000ms\n    at Timeout.<anonymous> (C:\\Users\\Dhanya\\malabarbazaar\\backend\\node_modules\\mongoose\\lib\\drivers\\node-mongodb-native\\collection.js:187:23)\n    at listOnTimeout (node:internal/timers:605:17)\n    at processTimers (node:internal/timers:541:7)"],"fullName":"Diary Phase 7 API Integration Tests GET /api/diary/phase7/export/json should include metadata","invocations":1,"location":null,"numPassingAsserts":0,"retryReasons":[],"status":"failed","title":"should include metadata"},{"ancestorTitles":["Diary Phase 7 API Integration Tests","GET /api/diary/phase7/export/json"],"duration":10012,"failureDetails":[{"message":"thrown: \"Exceeded timeout of 60000 ms for a hook.\nAdd a timeout value to this test to increase the timeout, if this is a long-running test. See https://jestjs.io/docs/api#testname-fn-timeout.\""},{"errors":{"username":{"properties":{"message":"Path `username` is required.","type":"required","path":"username"},"kind":"required","path":"username"}},"_message":"User validation failed"},{}],"failureMessages":["Error: thrown: \"Exceeded timeout of 60000 ms for a hook.\nAdd a timeout value to this test to increase the timeout, if this is a long-running test. See https://jestjs.io/docs/api#testname-fn-timeout.\"\n    at Object.beforeAll (C:\\Users\\Dhanya\\malabarbazaar\\backend\\tests\\setup.js:7:1)\n    at Runtime._execModule (C:\\Users\\Dhanya\\malabarbazaar\\backend\\node_modules\\jest-runtime\\build\\index.js:1439:24)\n    at Runtime._loadModule (C:\\Users\\Dhanya\\malabarbazaar\\backend\\node_modules\\jest-runtime\\build\\index.js:1022:12)\n    at Runtime.requireModule (C:\\Users\\Dhanya\\malabarbazaar\\backend\\node_modules\\jest-runtime\\build\\index.js:882:12)\n    at jestAdapter (C:\\Users\\Dhanya\\malabarbazaar\\backend\\node_modules\\jest-circus\\build\\legacy-code-todo-rewrite\\jestAdapter.js:70:15)\n    at runTestInternal (C:\\Users\\Dhanya\\malabarbazaar\\backend\\node_modules\\jest-runner\\build\\runTest.js:367:16)\n    at runTest (C:\\Users\\Dhanya\\malabarbazaar\\backend\\node_modules\\jest-runner\\build\\runTest.js:444:34)","ValidationError: User validation failed: username: Path `username` is required.\n    at model.Object.<anonymous>.Document.invalidate (C:\\Users\\Dhanya\\malabarbazaar\\backend\\node_modules\\mongoose\\lib\\document.js:3381:32)\n    at C:\\Users\\Dhanya\\malabarbazaar\\backend\\node_modules\\mongoose\\lib\\document.js:3142:17\n    at C:\\Users\\Dhanya\\malabarbazaar\\backend\\node_modules\\mongoose\\lib\\schemaType.js:1446:9\n    at processTicksAndRejections (node:internal/process/task_queues:85:11)","MongooseError: Operation `classifiedads.deleteMany()` buffering timed out after 10000ms\n    at Timeout.<anonymous> (C:\\Users\\Dhanya\\malabarbazaar\\backend\\node_modules\\mongoose\\lib\\drivers\\node-mongodb-native\\collection.js:187:23)\n    at listOnTimeout (node:internal/timers:605:17)\n    at processTimers (node:internal/timers:541:7)"],"fullName":"Diary Phase 7 API Integration Tests GET /api/diary/phase7/export/json should include entries array","invocations":1,"location":null,"numPassingAsserts":0,"retryReasons":[],"status":"failed","title":"should include entries array"},{"ancestorTitles":["Diary Phase 7 API Integration Tests","GET /api/diary/phase7/export/json"],"duration":10013,"failureDetails":[{"message":"thrown: \"Exceeded timeout of 60000 ms for a hook.\nAdd a timeout value to this test to increase the timeout, if this is a long-running test. See https://jestjs.io/docs/api#testname-fn-timeout.\""},{"errors":{"username":{"properties":{"message":"Path `username` is required.","type":"required","path":"username"},"kind":"required","path":"username"}},"_message":"User validation failed"},{}],"failureMessages":["Error: thrown: \"Exceeded timeout of 60000 ms for a hook.\nAdd a timeout value to this test to increase the timeout, if this is a long-running test. See https://jestjs.io/docs/api#testname-fn-timeout.\"\n    at Object.beforeAll (C:\\Users\\Dhanya\\malabarbazaar\\backend\\tests\\setup.js:7:1)\n    at Runtime._execModule (C:\\Users\\Dhanya\\malabarbazaar\\backend\\node_modules\\jest-runtime\\build\\index.js:1439:24)\n    at Runtime._loadModule (C:\\Users\\Dhanya\\malabarbazaar\\backend\\node_modules\\jest-runtime\\build\\index.js:1022:12)\n    at Runtime.requireModule (C:\\Users\\Dhanya\\malabarbazaar\\backend\\node_modules\\jest-runtime\\build\\index.js:882:12)\n    at jestAdapter (C:\\Users\\Dhanya\\malabarbazaar\\backend\\node_modules\\jest-circus\\build\\legacy-code-todo-rewrite\\jestAdapter.js:70:15)\n    at runTestInternal (C:\\Users\\Dhanya\\malabarbazaar\\backend\\node_modules\\jest-runner\\build\\runTest.js:367:16)\n    at runTest (C:\\Users\\Dhanya\\malabarbazaar\\backend\\node_modules\\jest-runner\\build\\runTest.js:444:34)","ValidationError: User validation failed: username: Path `username` is required.\n    at model.Object.<anonymous>.Document.invalidate (C:\\Users\\Dhanya\\malabarbazaar\\backend\\node_modules\\mongoose\\lib\\document.js:3381:32)\n    at C:\\Users\\Dhanya\\malabarbazaar\\backend\\node_modules\\mongoose\\lib\\document.js:3142:17\n    at C:\\Users\\Dhanya\\malabarbazaar\\backend\\node_modules\\mongoose\\lib\\schemaType.js:1446:9\n    at processTicksAndRejections (node:internal/process/task_queues:85:11)","MongooseError: Operation `classifiedads.deleteMany()` buffering timed out after 10000ms\n    at Timeout.<anonymous> (C:\\Users\\Dhanya\\malabarbazaar\\backend\\node_modules\\mongoose\\lib\\drivers\\node-mongodb-native\\collection.js:187:23)\n    at listOnTimeout (node:internal/timers:605:17)\n    at processTimers (node:internal/timers:541:7)"],"fullName":"Diary Phase 7 API Integration Tests GET /api/diary/phase7/export/json should optionally include analytics","invocations":1,"location":null,"numPassingAsserts":0,"retryReasons":[],"status":"failed","title":"should optionally include analytics"},{"ancestorTitles":["Diary Phase 7 API Integration Tests","GET /api/diary/phase7/export/json"],"duration":10013,"failureDetails":[{"message":"thrown: \"Exceeded timeout of 60000 ms for a hook.\nAdd a timeout value to this test to increase the timeout, if this is a long-running test. See https://jestjs.io/docs/api#testname-fn-timeout.\""},{"errors":{"username":{"properties":{"message":"Path `username` is required.","type":"required","path":"username"},"kind":"required","path":"username"}},"_message":"User validation failed"},{}],"failureMessages":["Error: thrown: \"Exceeded timeout of 60000 ms for a hook.\nAdd a timeout value to this test to increase the timeout, if this is a long-running test. See https://jestjs.io/docs/api#testname-fn-timeout.\"\n    at Object.beforeAll (C:\\Users\\Dhanya\\malabarbazaar\\backend\\tests\\setup.js:7:1)\n    at Runtime._execModule (C:\\Users\\Dhanya\\malabarbazaar\\backend\\node_modules\\jest-runtime\\build\\index.js:1439:24)\n    at Runtime._loadModule (C:\\Users\\Dhanya\\malabarbazaar\\backend\\node_modules\\jest-runtime\\build\\index.js:1022:12)\n    at Runtime.requireModule (C:\\Users\\Dhanya\\malabarbazaar\\backend\\node_modules\\jest-runtime\\build\\index.js:882:12)\n    at jestAdapter (C:\\Users\\Dhanya\\malabarbazaar\\backend\\node_modules\\jest-circus\\build\\legacy-code-todo-rewrite\\jestAdapter.js:70:15)\n    at runTestInternal (C:\\Users\\Dhanya\\malabarbazaar\\backend\\node_modules\\jest-runner\\build\\runTest.js:367:16)\n    at runTest (C:\\Users\\Dhanya\\malabarbazaar\\backend\\node_modules\\jest-runner\\build\\runTest.js:444:34)","ValidationError: User validation failed: username: Path `username` is required.\n    at model.Object.<anonymous>.Document.invalidate (C:\\Users\\Dhanya\\malabarbazaar\\backend\\node_modules\\mongoose\\lib\\document.js:3381:32)\n    at C:\\Users\\Dhanya\\malabarbazaar\\backend\\node_modules\\mongoose\\lib\\document.js:3142:17\n    at C:\\Users\\Dhanya\\malabarbazaar\\backend\\node_modules\\mongoose\\lib\\schemaType.js:1446:9\n    at processTicksAndRejections (node:internal/process/task_queues:85:11)","MongooseError: Operation `classifiedads.deleteMany()` buffering timed out after 10000ms\n    at Timeout.<anonymous> (C:\\Users\\Dhanya\\malabarbazaar\\backend\\node_modules\\mongoose\\lib\\drivers\\node-mongodb-native\\collection.js:187:23)\n    at listOnTimeout (node:internal/timers:605:17)\n    at processTimers (node:internal/timers:541:7)"],"fullName":"Diary Phase 7 API Integration Tests GET /api/diary/phase7/export/json should reject without authentication","invocations":1,"location":null,"numPassingAsserts":0,"retryReasons":[],"status":"failed","title":"should reject without authentication"},{"ancestorTitles":["Diary Phase 7 API Integration Tests","GET /api/diary/phase7/export/json"],"duration":20315,"failureDetails":[{"message":"thrown: \"Exceeded timeout of 60000 ms for a hook.\nAdd a timeout value to this test to increase the timeout, if this is a long-running test. See https://jestjs.io/docs/api#testname-fn-timeout.\""},{"errors":{"username":{"properties":{"message":"Path `username` is required.","type":"required","path":"username"},"kind":"required","path":"username"}},"_message":"User validation failed"}],"failureMessages":["Error: thrown: \"Exceeded timeout of 60000 ms for a hook.\nAdd a timeout value to this test to increase the timeout, if this is a long-running test. See https://jestjs.io/docs/api#testname-fn-timeout.\"\n    at Object.beforeAll (C:\\Users\\Dhanya\\malabarbazaar\\backend\\tests\\setup.js:7:1)\n    at Runtime._execModule (C:\\Users\\Dhanya\\malabarbazaar\\backend\\node_modules\\jest-runtime\\build\\index.js:1439:24)\n    at Runtime._loadModule (C:\\Users\\Dhanya\\malabarbazaar\\backend\\node_modules\\jest-runtime\\build\\index.js:1022:12)\n    at Runtime.requireModule (C:\\Users\\Dhanya\\malabarbazaar\\backend\\node_modules\\jest-runtime\\build\\index.js:882:12)\n    at jestAdapter (C:\\Users\\Dhanya\\malabarbazaar\\backend\\node_modules\\jest-circus\\build\\legacy-code-todo-rewrite\\jestAdapter.js:70:15)\n    at runTestInternal (C:\\Users\\Dhanya\\malabarbazaar\\backend\\node_modules\\jest-runner\\build\\runTest.js:367:16)\n    at runTest (C:\\Users\\Dhanya\\malabarbazaar\\backend\\node_modules\\jest-runner\\build\\runTest.js:444:34)","ValidationError: User validation failed: username: Path `username` is required.\n    at model.Object.<anonymous>.Document.invalidate (C:\\Users\\Dhanya\\malabarbazaar\\backend\\node_modules\\mongoose\\lib\\document.js:3381:32)\n    at C:\\Users\\Dhanya\\malabarbazaar\\backend\\node_modules\\mongoose\\lib\\document.js:3142:17\n    at C:\\Users\\Dhanya\\malabarbazaar\\backend\\node_modules\\mongoose\\lib\\schemaType.js:1446:9\n    at processTicksAndRejections (node:internal/process/task_queues:85:11)"],"fullName":"Diary Phase 7 API Integration Tests GET /api/diary/phase7/export/json should be valid JSON structure","invocations":1,"location":null,"numPassingAsserts":0,"retryReasons":[],"status":"failed","title":"should be valid JSON structure"},{"ancestorTitles":["Diary Phase 7 API Integration Tests","GET /api/diary/phase7/export/analytics-csv"],"duration":2414,"failureDetails":[{"message":"thrown: \"Exceeded timeout of 60000 ms for a hook.\nAdd a timeout value to this test to increase the timeout, if this is a long-running test. See https://jestjs.io/docs/api#testname-fn-timeout.\""},{"errors":{"username":{"properties":{"message":"Path `username` is required.","type":"required","path":"username"},"kind":"required","path":"username"}},"_message":"User validation failed"}],"failureMessages":["Error: thrown: \"Exceeded timeout of 60000 ms for a hook.\nAdd a timeout value to this test to increase the timeout, if this is a long-running test. See https://jestjs.io/docs/api#testname-fn-timeout.\"\n    at Object.beforeAll (C:\\Users\\Dhanya\\malabarbazaar\\backend\\tests\\setup.js:7:1)\n    at Runtime._execModule (C:\\Users\\Dhanya\\malabarbazaar\\backend\\node_modules\\jest-runtime\\build\\index.js:1439:24)\n    at Runtime._loadModule (C:\\Users\\Dhanya\\malabarbazaar\\backend\\node_modules\\jest-runtime\\build\\index.js:1022:12)\n    at Runtime.requireModule (C:\\Users\\Dhanya\\malabarbazaar\\backend\\node_modules\\jest-runtime\\build\\index.js:882:12)\n    at jestAdapter (C:\\Users\\Dhanya\\malabarbazaar\\backend\\node_modules\\jest-circus\\build\\legacy-code-todo-rewrite\\jestAdapter.js:70:15)\n    at runTestInternal (C:\\Users\\Dhanya\\malabarbazaar\\backend\\node_modules\\jest-runner\\build\\runTest.js:367:16)\n    at runTest (C:\\Users\\Dhanya\\malabarbazaar\\backend\\node_modules\\jest-runner\\build\\runTest.js:444:34)","ValidationError: User validation failed: username: Path `username` is required.\n    at model.Object.<anonymous>.Document.invalidate (C:\\Users\\Dhanya\\malabarbazaar\\backend\\node_modules\\mongoose\\lib\\document.js:3381:32)\n    at C:\\Users\\Dhanya\\malabarbazaar\\backend\\node_modules\\mongoose\\lib\\document.js:3142:17\n    at C:\\Users\\Dhanya\\malabarbazaar\\backend\\node_modules\\mongoose\\lib\\schemaType.js:1446:9\n    at processTicksAndRejections (node:internal/process/task_queues:85:11)"],"fullName":"Diary Phase 7 API Integration Tests GET /api/diary/phase7/export/analytics-csv should return analytics CSV","invocations":1,"location":null,"numPassingAsserts":0,"retryReasons":[],"status":"failed","title":"should return analytics CSV"},{"ancestorTitles":["Diary Phase 7 API Integration Tests","GET /api/diary/phase7/export/analytics-csv"],"duration":1223,"failureDetails":[{"message":"thrown: \"Exceeded timeout of 60000 ms for a hook.\nAdd a timeout value to this test to increase the timeout, if this is a long-running test. See https://jestjs.io/docs/api#testname-fn-timeout.\""},{"errors":{"username":{"properties":{"message":"Path `username` is required.","type":"required","path":"username"},"kind":"required","path":"username"}},"_message":"User validation failed"}],"failureMessages":["Error: thrown: \"Exceeded timeout of 60000 ms for a hook.\nAdd a timeout value to this test to increase the timeout, if this is a long-running test. See https://jestjs.io/docs/api#testname-fn-timeout.\"\n    at Object.beforeAll (C:\\Users\\Dhanya\\malabarbazaar\\backend\\tests\\setup.js:7:1)\n    at Runtime._execModule (C:\\Users\\Dhanya\\malabarbazaar\\backend\\node_modules\\jest-runtime\\build\\index.js:1439:24)\n    at Runtime._loadModule (C:\\Users\\Dhanya\\malabarbazaar\\backend\\node_modules\\jest-runtime\\build\\index.js:1022:12)\n    at Runtime.requireModule (C:\\Users\\Dhanya\\malabarbazaar\\backend\\node_modules\\jest-runtime\\build\\index.js:882:12)\n    at jestAdapter (C:\\Users\\Dhanya\\malabarbazaar\\backend\\node_modules\\jest-circus\\build\\legacy-code-todo-rewrite\\jestAdapter.js:70:15)\n    at runTestInternal (C:\\Users\\Dhanya\\malabarbazaar\\backend\\node_modules\\jest-runner\\build\\runTest.js:367:16)\n    at runTest (C:\\Users\\Dhanya\\malabarbazaar\\backend\\node_modules\\jest-runner\\build\\runTest.js:444:34)","ValidationError: User validation failed: username: Path `username` is required.\n    at model.Object.<anonymous>.Document.invalidate (C:\\Users\\Dhanya\\malabarbazaar\\backend\\node_modules\\mongoose\\lib\\document.js:3381:32)\n    at C:\\Users\\Dhanya\\malabarbazaar\\backend\\node_modules\\mongoose\\lib\\document.js:3142:17\n    at C:\\Users\\Dhanya\\malabarbazaar\\backend\\node_modules\\mongoose\\lib\\schemaType.js:1446:9\n    at processTicksAndRejections (node:internal/process/task_queues:85:11)"],"fullName":"Diary Phase 7 API Integration Tests GET /api/diary/phase7/export/analytics-csv should include analytics metrics","invocations":1,"location":null,"numPassingAsserts":0,"retryReasons":[],"status":"failed","title":"should include analytics metrics"},{"ancestorTitles":["Diary Phase 7 API Integration Tests","GET /api/diary/phase7/export/analytics-csv"],"duration":992,"failureDetails":[{"message":"thrown: \"Exceeded timeout of 60000 ms for a hook.\nAdd a timeout value to this test to increase the timeout, if this is a long-running test. See https://jestjs.io/docs/api#testname-fn-timeout.\""},{"errors":{"username":{"properties":{"message":"Path `username` is required.","type":"required","path":"username"},"kind":"required","path":"username"}},"_message":"User validation failed"}],"failureMessages":["Error: thrown: \"Exceeded timeout of 60000 ms for a hook.\nAdd a timeout value to this test to increase the timeout, if this is a long-running test. See https://jestjs.io/docs/api#testname-fn-timeout.\"\n    at Object.beforeAll (C:\\Users\\Dhanya\\malabarbazaar\\backend\\tests\\setup.js:7:1)\n    at Runtime._execModule (C:\\Users\\Dhanya\\malabarbazaar\\backend\\node_modules\\jest-runtime\\build\\index.js:1439:24)\n    at Runtime._loadModule (C:\\Users\\Dhanya\\malabarbazaar\\backend\\node_modules\\jest-runtime\\build\\index.js:1022:12)\n    at Runtime.requireModule (C:\\Users\\Dhanya\\malabarbazaar\\backend\\node_modules\\jest-runtime\\build\\index.js:882:12)\n    at jestAdapter (C:\\Users\\Dhanya\\malabarbazaar\\backend\\node_modules\\jest-circus\\build\\legacy-code-todo-rewrite\\jestAdapter.js:70:15)\n    at runTestInternal (C:\\Users\\Dhanya\\malabarbazaar\\backend\\node_modules\\jest-runner\\build\\runTest.js:367:16)\n    at runTest (C:\\Users\\Dhanya\\malabarbazaar\\backend\\node_modules\\jest-runner\\build\\runTest.js:444:34)","ValidationError: User validation failed: username: Path `username` is required.\n    at model.Object.<anonymous>.Document.invalidate (C:\\Users\\Dhanya\\malabarbazaar\\backend\\node_modules\\mongoose\\lib\\document.js:3381:32)\n    at C:\\Users\\Dhanya\\malabarbazaar\\backend\\node_modules\\mongoose\\lib\\document.js:3142:17\n    at C:\\Users\\Dhanya\\malabarbazaar\\backend\\node_modules\\mongoose\\lib\\schemaType.js:1446:9\n    at processTicksAndRejections (node:internal/process/task_queues:85:11)"],"fullName":"Diary Phase 7 API Integration Tests GET /api/diary/phase7/export/analytics-csv should reject without authentication","invocations":1,"location":null,"numPassingAsserts":0,"retryReasons":[],"status":"failed","title":"should reject without authentication"},{"ancestorTitles":["Diary Phase 7 API Integration Tests","POST /api/diary/phase7/export/pdf"],"duration":927,"failureDetails":[{"message":"thrown: \"Exceeded timeout of 60000 ms for a hook.\nAdd a timeout value to this test to increase the timeout, if this is a long-running test. See https://jestjs.io/docs/api#testname-fn-timeout.\""},{"errors":{"username":{"properties":{"message":"Path `username` is required.","type":"required","path":"username"},"kind":"required","path":"username"}},"_message":"User validation failed"}],"failureMessages":["Error: thrown: \"Exceeded timeout of 60000 ms for a hook.\nAdd a timeout value to this test to increase the timeout, if this is a long-running test. See https://jestjs.io/docs/api#testname-fn-timeout.\"\n    at Object.beforeAll (C:\\Users\\Dhanya\\malabarbazaar\\backend\\tests\\setup.js:7:1)\n    at Runtime._execModule (C:\\Users\\Dhanya\\malabarbazaar\\backend\\node_modules\\jest-runtime\\build\\index.js:1439:24)\n    at Runtime._loadModule (C:\\Users\\Dhanya\\malabarbazaar\\backend\\node_modules\\jest-runtime\\build\\index.js:1022:12)\n    at Runtime.requireModule (C:\\Users\\Dhanya\\malabarbazaar\\backend\\node_modules\\jest-runtime\\build\\index.js:882:12)\n    at jestAdapter (C:\\Users\\Dhanya\\malabarbazaar\\backend\\node_modules\\jest-circus\\build\\legacy-code-todo-rewrite\\jestAdapter.js:70:15)\n    at runTestInternal (C:\\Users\\Dhanya\\malabarbazaar\\backend\\node_modules\\jest-runner\\build\\runTest.js:367:16)\n    at runTest (C:\\Users\\Dhanya\\malabarbazaar\\backend\\node_modules\\jest-runner\\build\\runTest.js:444:34)","ValidationError: User validation failed: username: Path `username` is required.\n    at model.Object.<anonymous>.Document.invalidate (C:\\Users\\Dhanya\\malabarbazaar\\backend\\node_modules\\mongoose\\lib\\document.js:3381:32)\n    at C:\\Users\\Dhanya\\malabarbazaar\\backend\\node_modules\\mongoose\\lib\\document.js:3142:17\n    at C:\\Users\\Dhanya\\malabarbazaar\\backend\\node_modules\\mongoose\\lib\\schemaType.js:1446:9\n    at processTicksAndRejections (node:internal/process/task_queues:85:11)"],"fullName":"Diary Phase 7 API Integration Tests POST /api/diary/phase7/export/pdf should return PDF metadata","invocations":1,"location":null,"numPassingAsserts":0,"retryReasons":[],"status":"failed","title":"should return PDF metadata"},{"ancestorTitles":["Diary Phase 7 API Integration Tests","POST /api/diary/phase7/export/pdf"],"duration":605,"failureDetails":[{"message":"thrown: \"Exceeded timeout of 60000 ms for a hook.\nAdd a timeout value to this test to increase the timeout, if this is a long-running test. See https://jestjs.io/docs/api#testname-fn-timeout.\""},{"errors":{"username":{"properties":{"message":"Path `username` is required.","type":"required","path":"username"},"kind":"required","path":"username"}},"_message":"User validation failed"}],"failureMessages":["Error: thrown: \"Exceeded timeout of 60000 ms for a hook.\nAdd a timeout value to this test to increase the timeout, if this is a long-running test. See https://jestjs.io/docs/api#testname-fn-timeout.\"\n    at Object.beforeAll (C:\\Users\\Dhanya\\malabarbazaar\\backend\\tests\\setup.js:7:1)\n    at Runtime._execModule (C:\\Users\\Dhanya\\malabarbazaar\\backend\\node_modules\\jest-runtime\\build\\index.js:1439:24)\n    at Runtime._loadModule (C:\\Users\\Dhanya\\malabarbazaar\\backend\\node_modules\\jest-runtime\\build\\index.js:1022:12)\n    at Runtime.requireModule (C:\\Users\\Dhanya\\malabarbazaar\\backend\\node_modules\\jest-runtime\\build\\index.js:882:12)\n    at jestAdapter (C:\\Users\\Dhanya\\malabarbazaar\\backend\\node_modules\\jest-circus\\build\\legacy-code-todo-rewrite\\jestAdapter.js:70:15)\n    at runTestInternal (C:\\Users\\Dhanya\\malabarbazaar\\backend\\node_modules\\jest-runner\\build\\runTest.js:367:16)\n    at runTest (C:\\Users\\Dhanya\\malabarbazaar\\backend\\node_modules\\jest-runner\\build\\runTest.js:444:34)","ValidationError: User validation failed: username: Path `username` is required.\n    at model.Object.<anonymous>.Document.invalidate (C:\\Users\\Dhanya\\malabarbazaar\\backend\\node_modules\\mongoose\\lib\\document.js:3381:32)\n    at C:\\Users\\Dhanya\\malabarbazaar\\backend\\node_modules\\mongoose\\lib\\document.js:3142:17\n    at C:\\Users\\Dhanya\\malabarbazaar\\backend\\node_modules\\mongoose\\lib\\schemaType.js:1446:9\n    at processTicksAndRejections (node:internal/process/task_queues:85:11)"],"fullName":"Diary Phase 7 API Integration Tests POST /api/diary/phase7/export/pdf should include entries in metadata","invocations":1,"location":null,"numPassingAsserts":0,"retryReasons":[],"status":"failed","title":"should include entries in metadata"},{"ancestorTitles":["Diary Phase 7 API Integ
[...]
idate (node_modules/mongoose/lib/document.js:3381:32)\n      at node_modules/mongoose/lib/document.js:3142:17\n      at node_modules/mongoose/lib/schemaType.js:1446:9\n\n  ● Diary Phase 7 API Integration Tests › GET /api/diary/phase7/theme › should reject without authentication\n\n    thrown: \"Exceeded timeout of 60000 ms for a hook.\n    Add a timeout value to this test to increase the timeout, if this is a long-running test. See https://jestjs.io/docs/api#testname-fn-timeout.\"\n\n    \u001b[0m \u001b[90m  5 |\u001b[39m\n     \u001b[90m  6 |\u001b[39m \u001b[90m// Start in-memory MongoDB server before all tests\u001b[39m\n    \u001b[31m\u001b[1m>\u001b[22m\u001b[39m\u001b[90m  7 |\u001b[39m beforeAll(\u001b[36masync\u001b[39m () \u001b[33m=>\u001b[39m {\n     \u001b[90m    |\u001b[39m \u001b[31m\u001b[1m^\u001b[22m\u001b[39m\n     \u001b[90m  8 |\u001b[39m   mongoServer \u001b[33m=\u001b[39m \u001b[36mawait\u001b[39m \u001b[33mMongoMemoryServer\u001b[39m\u001b[33m.\u001b[39mcreate()\u001b[33m;\u001b[39m\n     \u001b[90m  9 |\u001b[39m   \u001b[36mconst\u001b[39m mongoUri \u001b[33m=\u001b[39m mongoServer\u001b[33m.\u001b[39mgetUri()\u001b[33m;\u001b[39m\n     \u001b[90m 10 |\u001b[39m\u001b[0m\n\n      at Object.beforeAll (tests/setup.js:7:1)\n\n  ● Diary Phase 7 API Integration Tests › GET /api/diary/phase7/theme › should reject without authentication\n\n    ValidationError: User validation failed: username: Path `username` is required.\n\n      at model.Object.<anonymous>.Document.invalidate (node_modules/mongoose/lib/document.js:3381:32)\n      at node_modules/mongoose/lib/document.js:3142:17\n      at node_modules/mongoose/lib/schemaType.js:1446:9\n\n  ● Diary Phase 7 API Integration Tests › GET /api/diary/phase7/theme › should return CSS-ready values\n\n    thrown: \"Exceeded timeout of 60000 ms for a hook.\n    Add a timeout value to this test to increase the timeout, if this is a long-running test. See https://jestjs.io/docs/api#testname-fn-timeout.\"\n\n    \u001b[0m \u001b[90m  5 |\u001b[39m\n     \u001b[90m  6 |\u001b[39m \u001b[90m// Start in-memory MongoDB server before all tests\u001b[39m\n    \u001b[31m\u001b[1m>\u001b[22m\u001b[39m\u001b[90m  7 |\u001b[39m beforeAll(\u001b[36masync\u001b[39m () \u001b[33m=>\u001b[39m {\n     \u001b[90m    |\u001b[39m \u001b[31m\u001b[1m^\u001b[22m\u001b[39m\n     \u001b[90m  8 |\u001b[39m   mongoServer \u001b[33m=\u001b[39m \u001b[36mawait\u001b[39m \u001b[33mMongoMemoryServer\u001b[39m\u001b[33m.\u001b[39mcreate()\u001b[33m;\u001b[39m\n     \u001b[90m  9 |\u001b[39m   \u001b[36mconst\u001b[39m mongoUri \u001b[33m=\u001b[39m mongoServer\u001b[33m.\u001b[39mgetUri()\u001b[33m;\u001b[39m\n     \u001b[90m 10 |\u001b[39m\u001b[0m\n\n      at Object.beforeAll (tests/setup.js:7:1)\n\n  ● Diary Phase 7 API Integration Tests › GET /api/diary/phase7/theme › should return CSS-ready values\n\n    ValidationError: User validation failed: username: Path `username` is required.\n\n      at model.Object.<anonymous>.Document.invalidate (node_modules/mongoose/lib/document.js:3381:32)\n      at node_modules/mongoose/lib/document.js:3142:17\n      at node_modules/mongoose/lib/schemaType.js:1446:9\n\n  ● Diary Phase 7 API Integration Tests › Error Handling › should return 400 for malformed JSON\n\n    thrown: \"Exceeded timeout of 60000 ms for a hook.\n    Add a timeout value to this test to increase the timeout, if this is a long-running test. See https://jestjs.io/docs/api#testname-fn-timeout.\"\n\n    \u001b[0m \u001b[90m  5 |\u001b[39m\n     \u001b[90m  6 |\u001b[39m \u001b[90m// Start in-memory MongoDB server before all tests\u001b[39m\n    \u001b[31m\u001b[1m>\u001b[22m\u001b[39m\u001b[90m  7 |\u001b[39m beforeAll(\u001b[36masync\u001b[39m () \u001b[33m=>\u001b[39m {\n     \u001b[90m    |\u001b[39m \u001b[31m\u001b[1m^\u001b[22m\u001b[39m\n     \u001b[90m  8 |\u001b[39m   mongoServer \u001b[33m=\u001b[39m \u001b[36mawait\u001b[39m \u001b[33mMongoMemoryServer\u001b[39m\u001b[33m.\u001b[39mcreate()\u001b[33m;\u001b[39m\n     \u001b[90m  9 |\u001b[39m   \u001b[36mconst\u001b[39m mongoUri \u001b[33m=\u001b[39m mongoServer\u001b[33m.\u001b[39mgetUri()\u001b[33m;\u001b[39m\n     \u001b[90m 10 |\u001b[39m\u001b[0m\n\n      at Object.beforeAll (tests/setup.js:7:1)\n\n  ● Diary Phase 7 API Integration Tests › Error Handling › should return 400 for malformed JSON\n\n    ValidationError: User validation failed: username: Path `username` is required.\n\n      at model.Object.<anonymous>.Document.invalidate (node_modules/mongoose/lib/document.js:3381:32)\n      at node_modules/mongoose/lib/document.js:3142:17\n      at node_modules/mongoose/lib/schemaType.js:1446:9\n\n  ● Diary Phase 7 API Integration Tests › Error Handling › should return 404 for non-existent endpoint\n\n    thrown: \"Exceeded timeout of 60000 ms for a hook.\n    Add a timeout value to this test to increase the timeout, if this is a long-running test. See https://jestjs.io/docs/api#testname-fn-timeout.\"\n\n    \u001b[0m \u001b[90m  5 |\u001b[39m\n     \u001b[90m  6 |\u001b[39m \u001b[90m// Start in-memory MongoDB server before all tests\u001b[39m\n    \u001b[31m\u001b[1m>\u001b[22m\u001b[39m\u001b[90m  7 |\u001b[39m beforeAll(\u001b[36masync\u001b[39m () \u001b[33m=>\u001b[39m {\n     \u001b[90m    |\u001b[39m \u001b[31m\u001b[1m^\u001b[22m\u001b[39m\n     \u001b[90m  8 |\u001b[39m   mongoServer \u001b[33m=\u001b[39m \u001b[36mawait\u001b[39m \u001b[33mMongoMemoryServer\u001b[39m\u001b[33m.\u001b[39mcreate()\u001b[33m;\u001b[39m\n     \u001b[90m  9 |\u001b[39m   \u001b[36mconst\u001b[39m mongoUri \u001b[33m=\u001b[39m mongoServer\u001b[33m.\u001b[39mgetUri()\u001b[33m;\u001b[39m\n     \u001b[90m 10 |\u001b[39m\u001b[0m\n\n      at Object.beforeAll (tests/setup.js:7:1)\n\n  ● Diary Phase 7 API Integration Tests › Error Handling › should return 404 for non-existent endpoint\n\n    ValidationError: User validation failed: username: Path `username` is required.\n\n      at model.Object.<anonymous>.Document.invalidate (node_modules/mongoose/lib/document.js:3381:32)\n      at node_modules/mongoose/lib/document.js:3142:17\n      at node_modules/mongoose/lib/schemaType.js:1446:9\n\n  ● Diary Phase 7 API Integration Tests › Error Handling › should return proper error message for missing fields\n\n    thrown: \"Exceeded timeout of 60000 ms for a hook.\n    Add a timeout value to this test to increase the timeout, if this is a long-running test. See https://jestjs.io/docs/api#testname-fn-timeout.\"\n\n    \u001b[0m \u001b[90m  5 |\u001b[39m\n     \u001b[90m  6 |\u001b[39m \u001b[90m// Start in-memory MongoDB server before all tests\u001b[39m\n    \u001b[31m\u001b[1m>\u001b[22m\u001b[39m\u001b[90m  7 |\u001b[39m beforeAll(\u001b[36masync\u001b[39m () \u001b[33m=>\u001b[39m {\n     \u001b[90m    |\u001b[39m \u001b[31m\u001b[1m^\u001b[22m\u001b[39m\n     \u001b[90m  8 |\u001b[39m   mongoServer \u001b[33m=\u001b[39m \u001b[36mawait\u001b[39m \u001b[33mMongoMemoryServer\u001b[39m\u001b[33m.\u001b[39mcreate()\u001b[33m;\u001b[39m\n     \u001b[90m  9 |\u001b[39m   \u001b[36mconst\u001b[39m mongoUri \u001b[33m=\u001b[39m mongoServer\u001b[33m.\u001b[39mgetUri()\u001b[33m;\u001b[39m\n     \u001b[90m 10 |\u001b[39m\u001b[0m\n\n      at Object.beforeAll (tests/setup.js:7:1)\n\n  ● Diary Phase 7 API Integration Tests › Error Handling › should return proper error message for missing fields\n\n    ValidationError: User validation failed: username: Path `username` is required.\n\n      at model.Object.<anonymous>.Document.invalidate (node_modules/mongoose/lib/document.js:3381:32)\n      at node_modules/mongoose/lib/document.js:3142:17\n      at node_modules/mongoose/lib/schemaType.js:1446:9\n\n  ● Diary Phase 7 API Integration Tests › Error Handling › should not expose sensitive data in errors\n\n    thrown: \"Exceeded timeout of 60000 ms for a hook.\n    Add a timeout value to this test to increase the timeout, if this is a long-running test. See https://jestjs.io/docs/api#testname-fn-timeout.\"\n\n    \u001b[0m \u001b[90m  5 |\u001b[39m\n     \u001b[90m  6 |\u001b[39m \u001b[90m// Start in-memory MongoDB server before all tests\u001b[39m\n    \u001b[31m\u001b[1m>\u001b[22m\u001b[39m\u001b[90m  7 |\u001b[39m beforeAll(\u001b[36masync\u001b[39m () \u001b[33m=>\u001b[39m {\n     \u001b[90m    |\u001b[39m \u001b[31m\u001b[1m^\u001b[22m\u001b[39m\n     \u001b[90m  8 |\u001b[39m   mongoServer \u001b[33m=\u001b[39m \u001b[36mawait\u001b[39m \u001b[33mMongoMemoryServer\u001b[39m\u001b[33m.\u001b[39mcreate()\u001b[33m;\u001b[39m\n     \u001b[90m  9 |\u001b[39m   \u001b[36mconst\u001b[39m mongoUri \u001b[33m=\u001b[39m mongoServer\u001b[33m.\u001b[39mgetUri()\u001b[33m;\u001b[39m\n     \u001b[90m 10 |\u001b[39m\u001b[0m\n\n      at Object.beforeAll (tests/setup.js:7:1)\n\n  ● Diary Phase 7 API Integration Tests › Error Handling › should not expose sensitive data in errors\n\n    ValidationError: User validation failed: username: Path `username` is required.\n\n      at model.Object.<anonymous>.Document.invalidate (node_modules/mongoose/lib/document.js:3381:32)\n      at node_modules/mongoose/lib/document.js:3142:17\n      at node_modules/mongoose/lib/schemaType.js:1446:9\n\n  ● Diary Phase 7 API Integration Tests › Response Format Consistency › all successful responses should have success=true\n\n    thrown: \"Exceeded timeout of 60000 ms for a hook.\n    Add a timeout value to this test to increase the timeout, if this is a long-running test. See https://jestjs.io/docs/api#testname-fn-timeout.\"\n\n    \u001b[0m \u001b[90m  5 |\u001b[39m\n     \u001b[90m  6 |\u001b[39m \u001b[90m// Start in-memory MongoDB server before all tests\u001b[39m\n    \u001b[31m\u001b[1m>\u001b[22m\u001b[39m\u001b[90m  7 |\u001b[39m beforeAll(\u001b[36masync\u001b[39m () \u001b[33m=>\u001b[39m {\n     \u001b[90m    |\u001b[39m \u001b[31m\u001b[1m^\u001b[22m\u001b[39m\n     \u001b[90m  8 |\u001b[39m   mongoServer \u001b[33m=\u001b[39m \u001b[36mawait\u001b[39m \u001b[33mMongoMemoryServer\u001b[39m\u001b[33m.\u001b[39mcreate()\u001b[33m;\u001b[39m\n     \u001b[90m  9 |\u001b[39m   \u001b[36mconst\u001b[39m mongoUri \u001b[33m=\u001b[39m mongoServer\u001b[33m.\u001b[39mgetUri()\u001b[33m;\u001b[39m\n     \u001b[90m 10 |\u001b[39m\u001b[0m\n\n      at Object.beforeAll (tests/setup.js:7:1)\n\n  ● Diary Phase 7 API Integration Tests › Response Format Consistency › all successful responses should have success=true\n\n    ValidationError: User validation failed: username: Path `username` is required.\n\n      at model.Object.<anonymous>.Document.invalidate (node_modules/mongoose/lib/document.js:3381:32)\n      at node_modules/mongoose/lib/document.js:3142:17\n      at node_modules/mongoose/lib/schemaType.js:1446:9\n\n  ● Diary Phase 7 API Integration Tests › Response Format Consistency › all responses should have consistent structure\n\n    thrown: \"Exceeded timeout of 60000 ms for a hook.\n    Add a timeout value to this test to increase the timeout, if this is a long-running test. See https://jestjs.io/docs/api#testname-fn-timeout.\"\n\n    \u001b[0m \u001b[90m  5 |\u001b[39m\n     \u001b[90m  6 |\u001b[39m \u001b[90m// Start in-memory MongoDB server before all tests\u001b[39m\n    \u001b[31m\u001b[1m>\u001b[22m\u001b[39m\u001b[90m  7 |\u001b[39m beforeAll(\u001b[36masync\u001b[39m () \u001b[33m=>\u001b[39m {\n     \u001b[90m    |\u001b[39m \u001b[31m\u001b[1m^\u001b[22m\u001b[39m\n     \u001b[90m  8 |\u001b[39m   mongoServer \u001b[33m=\u001b[39m \u001b[36mawait\u001b[39m \u001b[33mMongoMemoryServer\u001b[39m\u001b[33m.\u001b[39mcreate()\u001b[33m;\u001b[39m\n     \u001b[90m  9 |\u001b[39m   \u001b[36mconst\u001b[39m mongoUri \u001b[33m=\u001b[39m mongoServer\u001b[33m.\u001b[39mgetUri()\u001b[33m;\u001b[39m\n     \u001b[90m 10 |\u001b[39m\u001b[0m\n\n      at Object.beforeAll (tests/setup.js:7:1)\n\n  ● Diary Phase 7 API Integration Tests › Response Format Consistency › all responses should have consistent structure\n\n    ValidationError: User validation failed: username: Path `username` is required.\n\n      at model.Object.<anonymous>.Document.invalidate (node_modules/mongoose/lib/document.js:3381:32)\n      at node_modules/mongoose/lib/document.js:3142:17\n      at node_modules/mongoose/lib/schemaType.js:1446:9\n\n  ● Diary Phase 7 API Integration Tests › Rate Limiting › should enforce rate limits on recommendations endpoint\n\n    thrown: \"Exceeded timeout of 60000 ms for a hook.\n    Add a timeout value to this test to increase the timeout, if this is a long-running test. See https://jestjs.io/docs/api#testname-fn-timeout.\"\n\n    \u001b[0m \u001b[90m  5 |\u001b[39m\n     \u001b[90m  6 |\u001b[39m \u001b[90m// Start in-memory MongoDB server before all tests\u001b[39m\n    \u001b[31m\u001b[1m>\u001b[22m\u001b[39m\u001b[90m  7 |\u001b[39m beforeAll(\u001b[36masync\u001b[39m () \u001b[33m=>\u001b[39m {\n     \u001b[90m    |\u001b[39m \u001b[31m\u001b[1m^\u001b[22m\u001b[39m\n     \u001b[90m  8 |\u001b[39m   mongoServer \u001b[33m=\u001b[39m \u001b[36mawait\u001b[39m \u001b[33mMongoMemoryServer\u001b[39m\u001b[33m.\u001b[39mcreate()\u001b[33m;\u001b[39m\n     \u001b[90m  9 |\u001b[39m   \u001b[36mconst\u001b[39m mongoUri \u001b[33m=\u001b[39m mongoServer\u001b[33m.\u001b[39mgetUri()\u001b[33m;\u001b[39m\n     \u001b[90m 10 |\u001b[39m\u001b[0m\n\n      at Object.beforeAll (tests/setup.js:7:1)\n\n  ● Diary Phase 7 API Integration Tests › Rate Limiting › should enforce rate limits on recommendations endpoint\n\n    ValidationError: User validation failed: username: Path `username` is required.\n\n      at model.Object.<anonymous>.Document.invalidate (node_modules/mongoose/lib/document.js:3381:32)\n      at node_modules/mongoose/lib/document.js:3142:17\n      at node_modules/mongoose/lib/schemaType.js:1446:9\n\n  ● Diary Phase 7 API Integration Tests › Rate Limiting › should include retry-after header when rate limited\n\n    thrown: \"Exceeded timeout of 60000 ms for a hook.\n    Add a timeout value to this test to increase the timeout, if this is a long-running test. See https://jestjs.io/docs/api#testname-fn-timeout.\"\n\n    \u001b[0m \u001b[90m  5 |\u001b[39m\n     \u001b[90m  6 |\u001b[39m \u001b[90m// Start in-memory MongoDB server before all tests\u001b[39m\n    \u001b[31m\u001b[1m>\u001b[22m\u001b[39m\u001b[90m  7 |\u001b[39m beforeAll(\u001b[36masync\u001b[39m () \u001b[33m=>\u001b[39m {\n     \u001b[90m    |\u001b[39m \u001b[31m\u001b[1m^\u001b[22m\u001b[39m\n     \u001b[90m  8 |\u001b[39m   mongoServer \u001b[33m=\u001b[39m \u001b[36mawait\u001b[39m \u001b[33mMongoMemoryServer\u001b[39m\u001b[33m.\u001b[39mcreate()\u001b[33m;\u001b[39m\n     \u001b[90m  9 |\u001b[39m   \u001b[36mconst\u001b[39m mongoUri \u001b[33m=\u001b[39m mongoServer\u001b[33m.\u001b[39mgetUri()\u001b[33m;\u001b[39m\n     \u001b[90m 10 |\u001b[39m\u001b[0m\n\n      at Object.beforeAll (tests/setup.js:7:1)\n\n  ● Diary Phase 7 API Integration Tests › Rate Limiting › should include retry-after header when rate limited\n\n    ValidationError: User validation failed: username: Path `username` is required.\n\n      at model.Object.<anonymous>.Document.invalidate (node_modules/mongoose/lib/document.js:3381:32)\n      at node_modules/mongoose/lib/document.js:3142:17\n      at node_modules/mongoose/lib/schemaType.js:1446:9\n\n  ● Diary Phase 7 API Integration Tests › Performance › should respond to recommendations within 500ms\n\n    thrown: \"Exceeded timeout of 60000 ms for a hook.\n    Add a timeout value to this test to increase the timeout, if this is a long-running test. See https://jestjs.io/docs/api#testname-fn-timeout.\"\n\n    \u001b[0m \u001b[90m  5 |\u001b[39m\n     \u001b[90m  6 |\u001b[39m \u001b[90m// Start in-memory MongoDB server before all tests\u001b[39m\n    \u001b[31m\u001b[1m>\u001b[22m\u001b[39m\u001b[90m  7 |\u001b[39m beforeAll(\u001b[36masync\u001b[39m () \u001b[33m=>\u001b[39m {\n     \u001b[90m    |\u001b[39m \u001b[31m\u001b[1m^\u001b[22m\u001b[39m\n     \u001b[90m  8 |\u001b[39m   mongoServer \u001b[33m=\u001b[39m \u001b[36mawait\u001b[39m \u001b[33mMongoMemoryServer\u001b[39m\u001b[33m.\u001b[39mcreate()\u001b[33m;\u001b[39m\n     \u001b[90m  9 |\u001b[39m   \u001b[36mconst\u001b[39m mongoUri \u001b[33m=\u001b[39m mongoServer\u001b[33m.\u001b[39mgetUri()\u001b[33m;\u001b[39m\n     \u001b[90m 10 |\u001b[39m\u001b[0m\n\n      at Object.beforeAll (tests/setup.js:7:1)\n\n  ● Diary Phase 7 API Integration Tests › Performance › should respond to recommendations within 500ms\n\n    ValidationError: User validation failed: username: Path `username` is required.\n\n      at model.Object.<anonymous>.Document.invalidate (node_modules/mongoose/lib/document.js:3381:32)\n      at node_modules/mongoose/lib/document.js:3142:17\n      at node_modules/mongoose/lib/schemaType.js:1446:9\n\n  ● Diary Phase 7 API Integration Tests › Performance › should respond to preferences within 200ms\n\n    thrown: \"Exceeded timeout of 60000 ms for a hook.\n    Add a timeout value to this test to increase the timeout, if this is a long-running test. See https://jestjs.io/docs/api#testname-fn-timeout.\"\n\n    \u001b[0m \u001b[90m  5 |\u001b[39m\n     \u001b[90m  6 |\u001b[39m \u001b[90m// Start in-memory MongoDB server before all tests\u001b[39m\n    \u001b[31m\u001b[1m>\u001b[22m\u001b[39m\u001b[90m  7 |\u001b[39m beforeAll(\u001b[36masync\u001b[39m () \u001b[33m=>\u001b[39m {\n     \u001b[90m    |\u001b[39m \u001b[31m\u001b[1m^\u001b[22m\u001b[39m\n     \u001b[90m  8 |\u001b[39m   mongoServer \u001b[33m=\u001b[39m \u001b[36mawait\u001b[39m \u001b[33mMongoMemoryServer\u001b[39m\u001b[33m.\u001b[39mcreate()\u001b[33m;\u001b[39m\n     \u001b[90m  9 |\u001b[39m   \u001b[36mconst\u001b[39m mongoUri \u001b[33m=\u001b[39m mongoServer\u001b[33m.\u001b[39mgetUri()\u001b[33m;\u001b[39m\n     \u001b[90m 10 |\u001b[39m\u001b[0m\n\n      at Object.beforeAll (tests/setup.js:7:1)\n\n  ● Diary Phase 7 API Integration Tests › Performance › should respond to preferences within 200ms\n\n    ValidationError: User validation failed: username: Path `username` is required.\n\n      at model.Object.<anonymous>.Document.invalidate (node_modules/mongoose/lib/document.js:3381:32)\n      at node_modules/mongoose/lib/document.js:3142:17\n      at node_modules/mongoose/lib/schemaType.js:1446:9\n\n  ● Diary Phase 7 API Integration Tests › Performance › should handle large export requests efficiently\n\n    thrown: \"Exceeded timeout of 60000 ms for a hook.\n    Add a timeout value to this test to increase the timeout, if this is a long-running test. See https://jestjs.io/docs/api#testname-fn-timeout.\"\n\n    \u001b[0m \u001b[90m  5 |\u001b[39m\n     \u001b[90m  6 |\u001b[39m \u001b[90m// Start in-memory MongoDB server before all tests\u001b[39m\n    \u001b[31m\u001b[1m>\u001b[22m\u001b[39m\u001b[90m  7 |\u001b[39m beforeAll(\u001b[36masync\u001b[39m () \u001b[33m=>\u001b[39m {\n     \u001b[90m    |\u001b[39m \u001b[31m\u001b[1m^\u001b[22m\u001b[39m\n     \u001b[90m  8 |\u001b[39m   mongoServer \u001b[33m=\u001b[39m \u001b[36mawait\u001b[39m \u001b[33mMongoMemoryServer\u001b[39m\u001b[33m.\u001b[39mcreate()\u001b[33m;\u001b[39m\n     \u001b[90m  9 |\u001b[39m   \u001b[36mconst\u001b[39m mongoUri \u001b[33m=\u001b[39m mongoServer\u001b[33m.\u001b[39mgetUri()\u001b[33m;\u001b[39m\n     \u001b[90m 10 |\u001b[39m\u001b[0m\n\n      at Object.beforeAll (tests/setup.js:7:1)\n\n  ● Diary Phase 7 API Integration Tests › Performance › should handle large export requests efficiently\n\n    ValidationError: User validation failed: username: Path `username` is required.\n\n      at model.Object.<anonymous>.Document.invalidate (node_modules/mongoose/lib/document.js:3381:32)\n      at node_modules/mongoose/lib/document.js:3142:17\n      at node_modules/mongoose/lib/schemaType.js:1446:9\n","name":"C:\\Users\\Dhanya\\malabarbazaar\\backend\\routes\\diary-phase7.test.js","startTime":1778723567587,"status":"failed","summary":""}],"wasInterrupted":false}
